[0.043s] Invoking command in '/home/joaco/proy_ws/build/my_gripper_description': CMAKE_PREFIX_PATH=${CMAKE_PREFIX_PATH}:/home/joaco/ws_moveit2/install/moveit_configs_utils:/home/joaco/ws_moveit2/install/ros_environment:/home/joaco/ws_moveit2/install/launch_param_builder:/home/joaco/ws_moveit2/install/diy_robot_application:/opt/ros/humble /usr/bin/cmake /home/joaco/proy_ws/src/my_gripper_description -DCMAKE_INSTALL_PREFIX=/home/joaco/proy_ws/install/my_gripper_description
[0.316s] -- The C compiler identification is GNU 11.4.0
[0.542s] -- The CXX compiler identification is GNU 11.4.0
[0.570s] -- Detecting C compiler ABI info
[0.782s] -- Detecting C compiler ABI info - done
[0.796s] -- Check for working C compiler: /usr/bin/cc - skipped
[0.802s] -- Detecting C compile features
[0.805s] -- Detecting C compile features - done
[0.813s] -- Detecting CXX compiler ABI info
[1.039s] -- Detecting CXX compiler ABI info - done
[1.052s] -- Check for working CXX compiler: /usr/bin/c++ - skipped
[1.052s] -- Detecting CXX compile features
[1.053s] -- Detecting CXX compile features - done
[1.082s] -- Found ament_cmake: 1.3.9 (/opt/ros/humble/share/ament_cmake/cmake)
[1.446s] -- Found Python3: /usr/bin/python3 (found version "3.10.12") found components: Interpreter 
[1.857s] -- Found xacro: 2.0.8 (/opt/ros/humble/share/xacro/cmake)
[1.877s] -- Found ament_lint_auto: 0.12.11 (/opt/ros/humble/share/ament_lint_auto/cmake)
[2.128s] -- Added test 'flake8' to check Python code syntax and style conventions
[2.132s] -- Added test 'lint_cmake' to check CMake code style
[2.135s] -- Added test 'pep257' to check Python code against some of the docstring style conventions in PEP 257
[2.143s] -- Added test 'xmllint' to check XML markup files
[2.150s] -- Configuring done
[2.156s] -- Generating done
[2.158s] -- Build files have been written to: /home/joaco/proy_ws/build/my_gripper_description
[2.168s] Invoked command in '/home/joaco/proy_ws/build/my_gripper_description' returned '0': CMAKE_PREFIX_PATH=${CMAKE_PREFIX_PATH}:/home/joaco/ws_moveit2/install/moveit_configs_utils:/home/joaco/ws_moveit2/install/ros_environment:/home/joaco/ws_moveit2/install/launch_param_builder:/home/joaco/ws_moveit2/install/diy_robot_application:/opt/ros/humble /usr/bin/cmake /home/joaco/proy_ws/src/my_gripper_description -DCMAKE_INSTALL_PREFIX=/home/joaco/proy_ws/install/my_gripper_description
[2.169s] Invoking command in '/home/joaco/proy_ws/build/my_gripper_description': CMAKE_PREFIX_PATH=${CMAKE_PREFIX_PATH}:/home/joaco/ws_moveit2/install/moveit_configs_utils:/home/joaco/ws_moveit2/install/ros_environment:/home/joaco/ws_moveit2/install/launch_param_builder:/home/joaco/ws_moveit2/install/diy_robot_application:/opt/ros/humble /usr/bin/cmake --build /home/joaco/proy_ws/build/my_gripper_description -- -j3 -l3
[2.283s] Invoked command in '/home/joaco/proy_ws/build/my_gripper_description' returned '0': CMAKE_PREFIX_PATH=${CMAKE_PREFIX_PATH}:/home/joaco/ws_moveit2/install/moveit_configs_utils:/home/joaco/ws_moveit2/install/ros_environment:/home/joaco/ws_moveit2/install/launch_param_builder:/home/joaco/ws_moveit2/install/diy_robot_application:/opt/ros/humble /usr/bin/cmake --build /home/joaco/proy_ws/build/my_gripper_description -- -j3 -l3
[2.364s] Invoking command in '/home/joaco/proy_ws/build/my_gripper_description': CMAKE_PREFIX_PATH=${CMAKE_PREFIX_PATH}:/home/joaco/ws_moveit2/install/moveit_configs_utils:/home/joaco/ws_moveit2/install/ros_environment:/home/joaco/ws_moveit2/install/launch_param_builder:/home/joaco/ws_moveit2/install/diy_robot_application:/opt/ros/humble /usr/bin/cmake --install /home/joaco/proy_ws/build/my_gripper_description
[2.387s] -- Install configuration: ""
[2.387s] -- Installing: /home/joaco/proy_ws/install/my_gripper_description/share/my_gripper_description//urdf
[2.387s] -- Installing: /home/joaco/proy_ws/install/my_gripper_description/share/my_gripper_description//urdf/diy_gripper_model.urdf.xacro
[2.387s] -- Installing: /home/joaco/proy_ws/install/my_gripper_description/share/my_gripper_description//urdf/diy_gripper_macro.urdf.xacro
[2.388s] -- Installing: /home/joaco/proy_ws/install/my_gripper_description/share/my_gripper_description//urdf/materials.urdf.xacro
[2.388s] -- Installing: /home/joaco/proy_ws/install/my_gripper_description/share/my_gripper_description//launch
[2.388s] -- Installing: /home/joaco/proy_ws/install/my_gripper_description/share/my_gripper_description//launch/visualize.launch.py
[2.388s] -- Installing: /home/joaco/proy_ws/install/my_gripper_description/share/my_gripper_description//meshes
[2.388s] -- Installing: /home/joaco/proy_ws/install/my_gripper_description/share/my_gripper_description//meshes/collision
[2.389s] -- Installing: /home/joaco/proy_ws/install/my_gripper_description/share/my_gripper_description//meshes/collision/tool.stl
[2.389s] -- Installing: /home/joaco/proy_ws/install/my_gripper_description/share/my_gripper_description//meshes/visual
[2.389s] -- Installing: /home/joaco/proy_ws/install/my_gripper_description/share/my_gripper_description//meshes/visual/base_link.stl
[2.391s] -- Installing: /home/joaco/proy_ws/install/my_gripper_description/share/my_gripper_description//meshes/visual/soft_finger.stl
[2.391s] -- Installing: /home/joaco/proy_ws/install/my_gripper_description/share/my_gripper_description//rviz
[2.392s] -- Installing: /home/joaco/proy_ws/install/my_gripper_description/share/my_gripper_description//rviz/rviz_config.rviz
[2.392s] -- Installing: /home/joaco/proy_ws/install/my_gripper_description/share/ament_index/resource_index/package_run_dependencies/my_gripper_description
[2.392s] -- Installing: /home/joaco/proy_ws/install/my_gripper_description/share/ament_index/resource_index/parent_prefix_path/my_gripper_description
[2.393s] -- Installing: /home/joaco/proy_ws/install/my_gripper_description/share/my_gripper_description/environment/ament_prefix_path.sh
[2.393s] -- Installing: /home/joaco/proy_ws/install/my_gripper_description/share/my_gripper_description/environment/ament_prefix_path.dsv
[2.393s] -- Installing: /home/joaco/proy_ws/install/my_gripper_description/share/my_gripper_description/environment/path.sh
[2.394s] -- Installing: /home/joaco/proy_ws/install/my_gripper_description/share/my_gripper_description/environment/path.dsv
[2.395s] -- Installing: /home/joaco/proy_ws/install/my_gripper_description/share/my_gripper_description/local_setup.bash
[2.395s] -- Installing: /home/joaco/proy_ws/install/my_gripper_description/share/my_gripper_description/local_setup.sh
[2.395s] -- Installing: /home/joaco/proy_ws/install/my_gripper_description/share/my_gripper_description/local_setup.zsh
[2.395s] -- Installing: /home/joaco/proy_ws/install/my_gripper_description/share/my_gripper_description/local_setup.dsv
[2.396s] -- Installing: /home/joaco/proy_ws/install/my_gripper_description/share/my_gripper_description/package.dsv
[2.396s] -- Installing: /home/joaco/proy_ws/install/my_gripper_description/share/ament_index/resource_index/packages/my_gripper_description
[2.396s] -- Installing: /home/joaco/proy_ws/install/my_gripper_description/share/my_gripper_description/cmake/my_gripper_descriptionConfig.cmake
[2.397s] -- Installing: /home/joaco/proy_ws/install/my_gripper_description/share/my_gripper_description/cmake/my_gripper_descriptionConfig-version.cmake
[2.397s] -- Installing: /home/joaco/proy_ws/install/my_gripper_description/share/my_gripper_description/package.xml
[2.400s] Invoked command in '/home/joaco/proy_ws/build/my_gripper_description' returned '0': CMAKE_PREFIX_PATH=${CMAKE_PREFIX_PATH}:/home/joaco/ws_moveit2/install/moveit_configs_utils:/home/joaco/ws_moveit2/install/ros_environment:/home/joaco/ws_moveit2/install/launch_param_builder:/home/joaco/ws_moveit2/install/diy_robot_application:/opt/ros/humble /usr/bin/cmake --install /home/joaco/proy_ws/build/my_gripper_description
