-- The C compiler identification is GNU 11.4.0
-- The CXX compiler identification is GNU 11.4.0
-- Detecting C compiler ABI info
-- Detecting C compiler ABI info - done
-- Check for working C compiler: /usr/bin/cc - skipped
-- Detecting C compile features
-- Detecting C compile features - done
-- Detecting CXX compiler ABI info
-- Detecting CXX compiler ABI info - done
-- Check for working CXX compiler: /usr/bin/c++ - skipped
-- Detecting CXX compile features
-- Detecting CXX compile features - done
-- Found ament_cmake: 1.3.9 (/opt/ros/humble/share/ament_cmake/cmake)
-- Found Python3: /usr/bin/python3 (found version "3.10.12") found components: Interpreter 
-- Found backward_ros: 1.0.2 (/opt/ros/humble/share/backward_ros/cmake)
-- Found libdw: /usr/lib/x86_64-linux-gnu/libdw.so  
-- Could NOT find libbfd (missing: LIBBFD_LIBRARY LIBBFD_INCLUDE_DIR) 
-- BACKWARD_HAS_UNWIND=1
-- BACKWARD_HAS_BACKTRACE=0
-- BACKWARD_HAS_BACKTRACE_SYMBOL=0
-- BACKWARD_HAS_DW=1
-- BACKWARD_HAS_BFD=0
-- Found Backward: /opt/ros/humble/share/backward_ros/cmake  
-- Found controller_manager: 2.41.0 (/opt/ros/humble/share/controller_manager/cmake)
-- Found rosidl_generator_c: 3.1.5 (/opt/ros/humble/share/rosidl_generator_c/cmake)
-- Found rosidl_adapter: 3.1.5 (/opt/ros/humble/share/rosidl_adapter/cmake)
-- Found rosidl_generator_cpp: 3.1.5 (/opt/ros/humble/share/rosidl_generator_cpp/cmake)
-- Using all available rosidl_typesupport_c: rosidl_typesupport_fastrtps_c;rosidl_typesupport_introspection_c
-- Using all available rosidl_typesupport_cpp: rosidl_typesupport_fastrtps_cpp;rosidl_typesupport_introspection_cpp
-- Found rmw_implementation_cmake: 6.1.2 (/opt/ros/humble/share/rmw_implementation_cmake/cmake)
-- Found rmw_fastrtps_cpp: 6.2.6 (/opt/ros/humble/share/rmw_fastrtps_cpp/cmake)
-- Found TinyXML2 via Config file: TinyXML2_DIR-NOTFOUND
-- Found OpenSSL: /usr/lib/x86_64-linux-gnu/libcrypto.so (found version "3.0.2")  
-- Found TinyXML2 via Config file: TinyXML2_DIR-NOTFOUND
-- Found FastRTPS: /opt/ros/humble/include  
-- Found TinyXML2 via Config file: TinyXML2_DIR-NOTFOUND
-- Found TinyXML2 via Config file: TinyXML2_DIR-NOTFOUND
-- Using RMW implementation 'rmw_fastrtps_cpp' as default
-- Looking for pthread.h
-- Looking for pthread.h - found
-- Performing Test CMAKE_HAVE_LIBC_PTHREAD
-- Performing Test CMAKE_HAVE_LIBC_PTHREAD - Success
-- Found Threads: TRUE  
-- Found rclpy: 3.3.13 (/opt/ros/humble/share/rclpy/cmake)
-- Found std_srvs: 4.2.3 (/opt/ros/humble/share/std_srvs/cmake)
-- Found tf2_geometry_msgs: 0.25.6 (/opt/ros/humble/share/tf2_geometry_msgs/cmake)
-- Found eigen3_cmake_module: 0.1.1 (/opt/ros/humble/share/eigen3_cmake_module/cmake)
-- Found Eigen3: TRUE (found version "3.4.0") 
-- Ensuring Eigen3 include directory is part of orocos-kdl CMake target
-- Found diy_robotarm_wer24_description: 0.0.0 (/home/joaco/ws_moveit2/install/diy_robotarm_wer24_description/share/diy_robotarm_wer24_description/cmake)
-- Found diy_soft_gripper_description: 0.0.0 (/home/joaco/ws_moveit2/install/diy_soft_gripper_description/share/diy_soft_gripper_description/cmake)
-- Found diy_robot_full_cell_description: 0.0.0 (/home/joaco/ws_moveit2/install/diy_robot_full_cell_description/share/diy_robot_full_cell_description/cmake)
-- Found xacro: 2.0.8 (/opt/ros/humble/share/xacro/cmake)
-- Found ros2_control: 2.41.0 (/opt/ros/humble/share/ros2_control/cmake)
-- Found ros2_controllers: 2.34.0 (/opt/ros/humble/share/ros2_controllers/cmake)
-- Found ament_lint_auto: 0.12.11 (/opt/ros/humble/share/ament_lint_auto/cmake)
-- Added test 'cppcheck' to perform static code analysis on C / C++ code
-- Configured cppcheck include dirs: /home/joaco/proy_ws/src/my_robot_driver/include
-- Configured cppcheck exclude dirs and/or files: 
-- Added test 'flake8' to check Python code syntax and style conventions
-- Added test 'lint_cmake' to check CMake code style
-- Added test 'pep257' to check Python code against some of the docstring style conventions in PEP 257
-- Added test 'uncrustify' to check C / C++ code style
-- Configured uncrustify additional arguments: 
-- Added test 'xmllint' to check XML markup files
-- Configuring done
-- Generating done
-- Build files have been written to: /home/joaco/proy_ws/build/diy_robotarm_wer24_driver
[ 50%] [32mBuilding CXX object CMakeFiles/esp32_interface_plugin.dir/src/esp32_interface.cpp.o[0m
[100%] [32m[1mLinking CXX shared library libesp32_interface_plugin.so[0m
[100%] Built target esp32_interface_plugin
-- Install configuration: ""
-- Installing: /home/joaco/proy_ws/install/diy_robotarm_wer24_driver/share/diy_robotarm_wer24_driver/esp32_interface_plugin.xml
-- Installing: /home/joaco/proy_ws/install/diy_robotarm_wer24_driver/lib/libesp32_interface_plugin.so
-- Set runtime path of "/home/joaco/proy_ws/install/diy_robotarm_wer24_driver/lib/libesp32_interface_plugin.so" to ""
-- Installing: /home/joaco/proy_ws/install/diy_robotarm_wer24_driver/include
-- Installing: /home/joaco/proy_ws/install/diy_robotarm_wer24_driver/include/esp32_robot_driver
-- Installing: /home/joaco/proy_ws/install/diy_robotarm_wer24_driver/include/esp32_robot_driver/data_format.hpp
-- Installing: /home/joaco/proy_ws/install/diy_robotarm_wer24_driver/include/esp32_robot_driver/esp32_interface.hpp
-- Installing: /home/joaco/proy_ws/install/diy_robotarm_wer24_driver/include/esp32_robot_driver/robot_connection.hpp
-- Installing: /home/joaco/proy_ws/install/diy_robotarm_wer24_driver/share/diy_robotarm_wer24_driver//launch
-- Installing: /home/joaco/proy_ws/install/diy_robotarm_wer24_driver/share/diy_robotarm_wer24_driver//launch/visualize.launch.py
-- Installing: /home/joaco/proy_ws/install/diy_robotarm_wer24_driver/share/diy_robotarm_wer24_driver//launch/forward_controller.launch.py
-- Installing: /home/joaco/proy_ws/install/diy_robotarm_wer24_driver/share/diy_robotarm_wer24_driver//launch/trajectory_controller.launch.py
-- Installing: /home/joaco/proy_ws/install/diy_robotarm_wer24_driver/share/diy_robotarm_wer24_driver//config
-- Installing: /home/joaco/proy_ws/install/diy_robotarm_wer24_driver/share/diy_robotarm_wer24_driver//config/esp32_controller.yaml
-- Installing: /home/joaco/proy_ws/install/diy_robotarm_wer24_driver/share/diy_robotarm_wer24_driver/environment/library_path.sh
-- Installing: /home/joaco/proy_ws/install/diy_robotarm_wer24_driver/share/diy_robotarm_wer24_driver/environment/library_path.dsv
-- Installing: /home/joaco/proy_ws/install/diy_robotarm_wer24_driver/share/ament_index/resource_index/package_run_dependencies/diy_robotarm_wer24_driver
-- Installing: /home/joaco/proy_ws/install/diy_robotarm_wer24_driver/share/ament_index/resource_index/parent_prefix_path/diy_robotarm_wer24_driver
-- Installing: /home/joaco/proy_ws/install/diy_robotarm_wer24_driver/share/diy_robotarm_wer24_driver/environment/ament_prefix_path.sh
-- Installing: /home/joaco/proy_ws/install/diy_robotarm_wer24_driver/share/diy_robotarm_wer24_driver/environment/ament_prefix_path.dsv
-- Installing: /home/joaco/proy_ws/install/diy_robotarm_wer24_driver/share/diy_robotarm_wer24_driver/environment/path.sh
-- Installing: /home/joaco/proy_ws/install/diy_robotarm_wer24_driver/share/diy_robotarm_wer24_driver/environment/path.dsv
-- Installing: /home/joaco/proy_ws/install/diy_robotarm_wer24_driver/share/diy_robotarm_wer24_driver/local_setup.bash
-- Installing: /home/joaco/proy_ws/install/diy_robotarm_wer24_driver/share/diy_robotarm_wer24_driver/local_setup.sh
-- Installing: /home/joaco/proy_ws/install/diy_robotarm_wer24_driver/share/diy_robotarm_wer24_driver/local_setup.zsh
-- Installing: /home/joaco/proy_ws/install/diy_robotarm_wer24_driver/share/diy_robotarm_wer24_driver/local_setup.dsv
-- Installing: /home/joaco/proy_ws/install/diy_robotarm_wer24_driver/share/diy_robotarm_wer24_driver/package.dsv
-- Installing: /home/joaco/proy_ws/install/diy_robotarm_wer24_driver/share/ament_index/resource_index/packages/diy_robotarm_wer24_driver
-- Installing: /home/joaco/proy_ws/install/diy_robotarm_wer24_driver/share/ament_index/resource_index/hardware_interface__pluginlib__plugin/diy_robotarm_wer24_driver
-- Installing: /home/joaco/proy_ws/install/diy_robotarm_wer24_driver/share/diy_robotarm_wer24_driver/cmake/ament_cmake_export_include_directories-extras.cmake
-- Installing: /home/joaco/proy_ws/install/diy_robotarm_wer24_driver/share/diy_robotarm_wer24_driver/cmake/ament_cmake_export_libraries-extras.cmake
-- Installing: /home/joaco/proy_ws/install/diy_robotarm_wer24_driver/share/diy_robotarm_wer24_driver/cmake/ament_cmake_export_dependencies-extras.cmake
-- Installing: /home/joaco/proy_ws/install/diy_robotarm_wer24_driver/share/diy_robotarm_wer24_driver/cmake/diy_robotarm_wer24_driverConfig.cmake
-- Installing: /home/joaco/proy_ws/install/diy_robotarm_wer24_driver/share/diy_robotarm_wer24_driver/cmake/diy_robotarm_wer24_driverConfig-version.cmake
-- Installing: /home/joaco/proy_ws/install/diy_robotarm_wer24_driver/share/diy_robotarm_wer24_driver/package.xml
