[0.315s] DEBUG:colcon:Command line arguments: ['/usr/bin/colcon', 'build']
[0.316s] DEBUG:colcon:Parsed command line arguments: Namespace(log_base=None, log_level=None, verb_name='build', build_base='build', install_base='install', merge_install=False, symlink_install=False, test_result_base=None, continue_on_error=False, executor='parallel', parallel_workers=3, event_handlers=None, ignore_user_meta=False, metas=['./colcon.meta'], base_paths=['.'], packages_ignore=None, packages_ignore_regex=None, paths=None, packages_up_to=None, packages_up_to_regex=None, packages_above=None, packages_above_and_dependencies=None, packages_above_depth=None, packages_select_by_dep=None, packages_skip_by_dep=None, packages_skip_up_to=None, packages_select_build_failed=False, packages_skip_build_finished=False, packages_select_test_failures=False, packages_skip_test_passed=False, packages_select=None, packages_skip=None, packages_select_regex=None, packages_skip_regex=None, packages_start=None, packages_end=None, allow_overriding=[], cmake_args=None, cmake_target=None, cmake_target_skip_unavailable=False, cmake_clean_cache=False, cmake_clean_first=False, cmake_force_configure=False, ament_cmake_args=None, catkin_cmake_args=None, catkin_skip_building_tests=False, mixin_files=None, mixin=None, verb_parser=<colcon_mixin.mixin.mixin_argument.MixinArgumentDecorator object at 0x73538bedfc40>, verb_extension=<colcon_core.verb.build.BuildVerb object at 0x73538bedf730>, main=<bound method BuildVerb.main of <colcon_core.verb.build.BuildVerb object at 0x73538bedf730>>, mixin_verb=('build',))
[0.759s] Level 1:colcon.colcon_core.package_discovery:discover_packages(colcon_meta) check parameters
[0.759s] Level 1:colcon.colcon_core.package_discovery:discover_packages(recursive) check parameters
[0.759s] Level 1:colcon.colcon_core.package_discovery:discover_packages(ignore) check parameters
[0.759s] Level 1:colcon.colcon_core.package_discovery:discover_packages(path) check parameters
[0.759s] Level 1:colcon.colcon_core.package_discovery:discover_packages(colcon_meta) discover
[0.760s] Level 1:colcon.colcon_core.package_discovery:discover_packages(recursive) discover
[0.760s] INFO:colcon.colcon_core.package_discovery:Crawling recursively for packages in '/home/joaco/proy_ws'
[0.760s] Level 1:colcon.colcon_core.package_identification:_identify(.) by extensions ['ignore', 'ignore_ament_install']
[0.760s] Level 1:colcon.colcon_core.package_identification:_identify(.) by extension 'ignore'
[0.760s] Level 1:colcon.colcon_core.package_identification:_identify(.) by extension 'ignore_ament_install'
[0.760s] Level 1:colcon.colcon_core.package_identification:_identify(.) by extensions ['colcon_pkg']
[0.760s] Level 1:colcon.colcon_core.package_identification:_identify(.) by extension 'colcon_pkg'
[0.761s] Level 1:colcon.colcon_core.package_identification:_identify(.) by extensions ['colcon_meta']
[0.761s] Level 1:colcon.colcon_core.package_identification:_identify(.) by extension 'colcon_meta'
[0.761s] Level 1:colcon.colcon_core.package_identification:_identify(.) by extensions ['ros']
[0.761s] Level 1:colcon.colcon_core.package_identification:_identify(.) by extension 'ros'
[0.787s] Level 1:colcon.colcon_core.package_identification:_identify(.) by extensions ['cmake', 'python']
[0.788s] Level 1:colcon.colcon_core.package_identification:_identify(.) by extension 'cmake'
[0.788s] Level 1:colcon.colcon_core.package_identification:_identify(.) by extension 'python'
[0.788s] Level 1:colcon.colcon_core.package_identification:_identify(.) by extensions ['python_setup_py']
[0.788s] Level 1:colcon.colcon_core.package_identification:_identify(.) by extension 'python_setup_py'
[0.788s] Level 1:colcon.colcon_core.package_identification:_identify(build) by extensions ['ignore', 'ignore_ament_install']
[0.788s] Level 1:colcon.colcon_core.package_identification:_identify(build) by extension 'ignore'
[0.789s] Level 1:colcon.colcon_core.package_identification:_identify(build) ignored
[0.789s] Level 1:colcon.colcon_core.package_identification:_identify(install) by extensions ['ignore', 'ignore_ament_install']
[0.789s] Level 1:colcon.colcon_core.package_identification:_identify(install) by extension 'ignore'
[0.789s] Level 1:colcon.colcon_core.package_identification:_identify(install) ignored
[0.789s] Level 1:colcon.colcon_core.package_identification:_identify(log) by extensions ['ignore', 'ignore_ament_install']
[0.789s] Level 1:colcon.colcon_core.package_identification:_identify(log) by extension 'ignore'
[0.790s] Level 1:colcon.colcon_core.package_identification:_identify(log) ignored
[0.790s] Level 1:colcon.colcon_core.package_identification:_identify(src) by extensions ['ignore', 'ignore_ament_install']
[0.790s] Level 1:colcon.colcon_core.package_identification:_identify(src) by extension 'ignore'
[0.790s] Level 1:colcon.colcon_core.package_identification:_identify(src) by extension 'ignore_ament_install'
[0.790s] Level 1:colcon.colcon_core.package_identification:_identify(src) by extensions ['colcon_pkg']
[0.790s] Level 1:colcon.colcon_core.package_identification:_identify(src) by extension 'colcon_pkg'
[0.790s] Level 1:colcon.colcon_core.package_identification:_identify(src) by extensions ['colcon_meta']
[0.790s] Level 1:colcon.colcon_core.package_identification:_identify(src) by extension 'colcon_meta'
[0.790s] Level 1:colcon.colcon_core.package_identification:_identify(src) by extensions ['ros']
[0.790s] Level 1:colcon.colcon_core.package_identification:_identify(src) by extension 'ros'
[0.791s] Level 1:colcon.colcon_core.package_identification:_identify(src) by extensions ['cmake', 'python']
[0.791s] Level 1:colcon.colcon_core.package_identification:_identify(src) by extension 'cmake'
[0.791s] Level 1:colcon.colcon_core.package_identification:_identify(src) by extension 'python'
[0.791s] Level 1:colcon.colcon_core.package_identification:_identify(src) by extensions ['python_setup_py']
[0.791s] Level 1:colcon.colcon_core.package_identification:_identify(src) by extension 'python_setup_py'
[0.791s] Level 1:colcon.colcon_core.package_identification:_identify(src/build) by extensions ['ignore', 'ignore_ament_install']
[0.791s] Level 1:colcon.colcon_core.package_identification:_identify(src/build) by extension 'ignore'
[0.792s] Level 1:colcon.colcon_core.package_identification:_identify(src/build) ignored
[0.792s] Level 1:colcon.colcon_core.package_identification:_identify(src/install) by extensions ['ignore', 'ignore_ament_install']
[0.792s] Level 1:colcon.colcon_core.package_identification:_identify(src/install) by extension 'ignore'
[0.792s] Level 1:colcon.colcon_core.package_identification:_identify(src/install) ignored
[0.792s] Level 1:colcon.colcon_core.package_identification:_identify(src/log) by extensions ['ignore', 'ignore_ament_install']
[0.792s] Level 1:colcon.colcon_core.package_identification:_identify(src/log) by extension 'ignore'
[0.792s] Level 1:colcon.colcon_core.package_identification:_identify(src/log) ignored
[0.793s] Level 1:colcon.colcon_core.package_identification:_identify(src/my_gripper_description) by extensions ['ignore', 'ignore_ament_install']
[0.793s] Level 1:colcon.colcon_core.package_identification:_identify(src/my_gripper_description) by extension 'ignore'
[0.793s] Level 1:colcon.colcon_core.package_identification:_identify(src/my_gripper_description) by extension 'ignore_ament_install'
[0.793s] Level 1:colcon.colcon_core.package_identification:_identify(src/my_gripper_description) by extensions ['colcon_pkg']
[0.793s] Level 1:colcon.colcon_core.package_identification:_identify(src/my_gripper_description) by extension 'colcon_pkg'
[0.793s] Level 1:colcon.colcon_core.package_identification:_identify(src/my_gripper_description) by extensions ['colcon_meta']
[0.793s] Level 1:colcon.colcon_core.package_identification:_identify(src/my_gripper_description) by extension 'colcon_meta'
[0.793s] Level 1:colcon.colcon_core.package_identification:_identify(src/my_gripper_description) by extensions ['ros']
[0.793s] Level 1:colcon.colcon_core.package_identification:_identify(src/my_gripper_description) by extension 'ros'
[0.799s] DEBUG:colcon.colcon_core.package_identification:Package 'src/my_gripper_description' with type 'ros.ament_cmake' and name 'my_gripper_description'
[0.800s] Level 1:colcon.colcon_core.package_identification:_identify(src/my_robot_description) by extensions ['ignore', 'ignore_ament_install']
[0.800s] Level 1:colcon.colcon_core.package_identification:_identify(src/my_robot_description) by extension 'ignore'
[0.800s] Level 1:colcon.colcon_core.package_identification:_identify(src/my_robot_description) by extension 'ignore_ament_install'
[0.800s] Level 1:colcon.colcon_core.package_identification:_identify(src/my_robot_description) by extensions ['colcon_pkg']
[0.800s] Level 1:colcon.colcon_core.package_identification:_identify(src/my_robot_description) by extension 'colcon_pkg'
[0.800s] Level 1:colcon.colcon_core.package_identification:_identify(src/my_robot_description) by extensions ['colcon_meta']
[0.801s] Level 1:colcon.colcon_core.package_identification:_identify(src/my_robot_description) by extension 'colcon_meta'
[0.801s] Level 1:colcon.colcon_core.package_identification:_identify(src/my_robot_description) by extensions ['ros']
[0.801s] Level 1:colcon.colcon_core.package_identification:_identify(src/my_robot_description) by extension 'ros'
[0.802s] DEBUG:colcon.colcon_core.package_identification:Package 'src/my_robot_description' with type 'ros.ament_cmake' and name 'my_robot_description'
[0.802s] Level 1:colcon.colcon_core.package_discovery:discover_packages(recursive) using defaults
[0.802s] Level 1:colcon.colcon_core.package_discovery:discover_packages(ignore) discover
[0.802s] Level 1:colcon.colcon_core.package_discovery:discover_packages(ignore) using defaults
[0.802s] Level 1:colcon.colcon_core.package_discovery:discover_packages(path) discover
[0.803s] Level 1:colcon.colcon_core.package_discovery:discover_packages(path) using defaults
[0.879s] Level 1:colcon.colcon_core.package_discovery:discover_packages(prefix_path) check parameters
[0.879s] Level 1:colcon.colcon_core.package_discovery:discover_packages(prefix_path) discover
[0.889s] DEBUG:colcon.colcon_installed_package_information.package_discovery:Found 2 installed packages in /home/joaco/proy_ws/install
[0.894s] DEBUG:colcon.colcon_installed_package_information.package_discovery:Found 64 installed packages in /home/joaco/ws_moveit2/install
[0.899s] DEBUG:colcon.colcon_installed_package_information.package_discovery:Found 359 installed packages in /opt/ros/humble
[0.904s] Level 1:colcon.colcon_core.package_discovery:discover_packages(prefix_path) using defaults
[1.031s] Level 5:colcon.colcon_core.verb:set package 'my_gripper_description' build argument 'cmake_args' from command line to 'None'
[1.031s] Level 5:colcon.colcon_core.verb:set package 'my_gripper_description' build argument 'cmake_target' from command line to 'None'
[1.031s] Level 5:colcon.colcon_core.verb:set package 'my_gripper_description' build argument 'cmake_target_skip_unavailable' from command line to 'False'
[1.031s] Level 5:colcon.colcon_core.verb:set package 'my_gripper_description' build argument 'cmake_clean_cache' from command line to 'False'
[1.031s] Level 5:colcon.colcon_core.verb:set package 'my_gripper_description' build argument 'cmake_clean_first' from command line to 'False'
[1.031s] Level 5:colcon.colcon_core.verb:set package 'my_gripper_description' build argument 'cmake_force_configure' from command line to 'False'
[1.031s] Level 5:colcon.colcon_core.verb:set package 'my_gripper_description' build argument 'ament_cmake_args' from command line to 'None'
[1.032s] Level 5:colcon.colcon_core.verb:set package 'my_gripper_description' build argument 'catkin_cmake_args' from command line to 'None'
[1.032s] Level 5:colcon.colcon_core.verb:set package 'my_gripper_description' build argument 'catkin_skip_building_tests' from command line to 'False'
[1.032s] DEBUG:colcon.colcon_core.verb:Building package 'my_gripper_description' with the following arguments: {'ament_cmake_args': None, 'build_base': '/home/joaco/proy_ws/build/my_gripper_description', 'catkin_cmake_args': None, 'catkin_skip_building_tests': False, 'cmake_args': None, 'cmake_clean_cache': False, 'cmake_clean_first': False, 'cmake_force_configure': False, 'cmake_target': None, 'cmake_target_skip_unavailable': False, 'install_base': '/home/joaco/proy_ws/install/my_gripper_description', 'merge_install': False, 'path': '/home/joaco/proy_ws/src/my_gripper_description', 'symlink_install': False, 'test_result_base': None}
[1.033s] Level 5:colcon.colcon_core.verb:set package 'my_robot_description' build argument 'cmake_args' from command line to 'None'
[1.033s] Level 5:colcon.colcon_core.verb:set package 'my_robot_description' build argument 'cmake_target' from command line to 'None'
[1.033s] Level 5:colcon.colcon_core.verb:set package 'my_robot_description' build argument 'cmake_target_skip_unavailable' from command line to 'False'
[1.033s] Level 5:colcon.colcon_core.verb:set package 'my_robot_description' build argument 'cmake_clean_cache' from command line to 'False'
[1.033s] Level 5:colcon.colcon_core.verb:set package 'my_robot_description' build argument 'cmake_clean_first' from command line to 'False'
[1.033s] Level 5:colcon.colcon_core.verb:set package 'my_robot_description' build argument 'cmake_force_configure' from command line to 'False'
[1.033s] Level 5:colcon.colcon_core.verb:set package 'my_robot_description' build argument 'ament_cmake_args' from command line to 'None'
[1.033s] Level 5:colcon.colcon_core.verb:set package 'my_robot_description' build argument 'catkin_cmake_args' from command line to 'None'
[1.033s] Level 5:colcon.colcon_core.verb:set package 'my_robot_description' build argument 'catkin_skip_building_tests' from command line to 'False'
[1.033s] DEBUG:colcon.colcon_core.verb:Building package 'my_robot_description' with the following arguments: {'ament_cmake_args': None, 'build_base': '/home/joaco/proy_ws/build/my_robot_description', 'catkin_cmake_args': None, 'catkin_skip_building_tests': False, 'cmake_args': None, 'cmake_clean_cache': False, 'cmake_clean_first': False, 'cmake_force_configure': False, 'cmake_target': None, 'cmake_target_skip_unavailable': False, 'install_base': '/home/joaco/proy_ws/install/my_robot_description', 'merge_install': False, 'path': '/home/joaco/proy_ws/src/my_robot_description', 'symlink_install': False, 'test_result_base': None}
[1.034s] INFO:colcon.colcon_core.executor:Executing jobs using 'parallel' executor
[1.037s] DEBUG:colcon.colcon_parallel_executor.executor.parallel:run_until_complete
[1.038s] INFO:colcon.colcon_ros.task.ament_cmake.build:Building ROS package in '/home/joaco/proy_ws/src/my_gripper_description' with build type 'ament_cmake'
[1.038s] INFO:colcon.colcon_cmake.task.cmake.build:Building CMake package in '/home/joaco/proy_ws/src/my_gripper_description'
[1.044s] INFO:colcon.colcon_core.plugin_system:Skipping extension 'colcon_core.shell.bat': Not used on non-Windows systems
[1.044s] INFO:colcon.colcon_core.shell:Skip shell extension 'powershell' for command environment: Not usable outside of PowerShell
[1.044s] DEBUG:colcon.colcon_core.shell:Skip shell extension 'dsv' for command environment
[1.068s] INFO:colcon.colcon_ros.task.ament_cmake.build:Building ROS package in '/home/joaco/proy_ws/src/my_robot_description' with build type 'ament_cmake'
[1.069s] INFO:colcon.colcon_cmake.task.cmake.build:Building CMake package in '/home/joaco/proy_ws/src/my_robot_description'
[1.069s] INFO:colcon.colcon_core.shell:Skip shell extension 'powershell' for command environment: Not usable outside of PowerShell
[1.069s] DEBUG:colcon.colcon_core.shell:Skip shell extension 'dsv' for command environment
[1.106s] DEBUG:colcon.colcon_core.event_handler.log_command:Invoking command in '/home/joaco/proy_ws/build/my_gripper_description': CMAKE_PREFIX_PATH=${CMAKE_PREFIX_PATH}:/home/joaco/ws_moveit2/install/moveit_configs_utils:/home/joaco/ws_moveit2/install/ros_environment:/home/joaco/ws_moveit2/install/launch_param_builder:/home/joaco/ws_moveit2/install/diy_robot_application:/opt/ros/humble /usr/bin/cmake --build /home/joaco/proy_ws/build/my_gripper_description -- -j3 -l3
[1.125s] DEBUG:colcon.colcon_core.event_handler.log_command:Invoking command in '/home/joaco/proy_ws/build/my_robot_description': CMAKE_PREFIX_PATH=${CMAKE_PREFIX_PATH}:/home/joaco/ws_moveit2/install/moveit_configs_utils:/home/joaco/ws_moveit2/install/ros_environment:/home/joaco/ws_moveit2/install/launch_param_builder:/home/joaco/ws_moveit2/install/diy_robot_application:/opt/ros/humble /usr/bin/cmake --build /home/joaco/proy_ws/build/my_robot_description -- -j3 -l3
[1.282s] DEBUG:colcon.colcon_core.event_handler.log_command:Invoked command in '/home/joaco/proy_ws/build/my_gripper_description' returned '0': CMAKE_PREFIX_PATH=${CMAKE_PREFIX_PATH}:/home/joaco/ws_moveit2/install/moveit_configs_utils:/home/joaco/ws_moveit2/install/ros_environment:/home/joaco/ws_moveit2/install/launch_param_builder:/home/joaco/ws_moveit2/install/diy_robot_application:/opt/ros/humble /usr/bin/cmake --build /home/joaco/proy_ws/build/my_gripper_description -- -j3 -l3
[1.288s] DEBUG:colcon.colcon_core.event_handler.log_command:Invoked command in '/home/joaco/proy_ws/build/my_robot_description' returned '0': CMAKE_PREFIX_PATH=${CMAKE_PREFIX_PATH}:/home/joaco/ws_moveit2/install/moveit_configs_utils:/home/joaco/ws_moveit2/install/ros_environment:/home/joaco/ws_moveit2/install/launch_param_builder:/home/joaco/ws_moveit2/install/diy_robot_application:/opt/ros/humble /usr/bin/cmake --build /home/joaco/proy_ws/build/my_robot_description -- -j3 -l3
[1.432s] DEBUG:colcon.colcon_core.event_handler.log_command:Invoking command in '/home/joaco/proy_ws/build/my_gripper_description': CMAKE_PREFIX_PATH=${CMAKE_PREFIX_PATH}:/home/joaco/ws_moveit2/install/moveit_configs_utils:/home/joaco/ws_moveit2/install/ros_environment:/home/joaco/ws_moveit2/install/launch_param_builder:/home/joaco/ws_moveit2/install/diy_robot_application:/opt/ros/humble /usr/bin/cmake --install /home/joaco/proy_ws/build/my_gripper_description
[1.437s] DEBUG:colcon.colcon_core.event_handler.log_command:Invoking command in '/home/joaco/proy_ws/build/my_robot_description': CMAKE_PREFIX_PATH=${CMAKE_PREFIX_PATH}:/home/joaco/ws_moveit2/install/moveit_configs_utils:/home/joaco/ws_moveit2/install/ros_environment:/home/joaco/ws_moveit2/install/launch_param_builder:/home/joaco/ws_moveit2/install/diy_robot_application:/opt/ros/humble /usr/bin/cmake --install /home/joaco/proy_ws/build/my_robot_description
[1.479s] Level 1:colcon.colcon_core.environment:create_environment_scripts_only(my_robot_description)
[1.489s] DEBUG:colcon.colcon_core.event_handler.log_command:Invoked command in '/home/joaco/proy_ws/build/my_robot_description' returned '0': CMAKE_PREFIX_PATH=${CMAKE_PREFIX_PATH}:/home/joaco/ws_moveit2/install/moveit_configs_utils:/home/joaco/ws_moveit2/install/ros_environment:/home/joaco/ws_moveit2/install/launch_param_builder:/home/joaco/ws_moveit2/install/diy_robot_application:/opt/ros/humble /usr/bin/cmake --install /home/joaco/proy_ws/build/my_robot_description
[1.493s] Level 1:colcon.colcon_core.environment:checking '/home/joaco/proy_ws/install/my_robot_description' for CMake module files
[1.495s] Level 1:colcon.colcon_core.environment:checking '/home/joaco/proy_ws/install/my_robot_description' for CMake config files
[1.495s] Level 1:colcon.colcon_core.shell:create_environment_hook('my_robot_description', 'cmake_prefix_path')
[1.496s] INFO:colcon.colcon_core.shell:Creating environment hook '/home/joaco/proy_ws/install/my_robot_description/share/my_robot_description/hook/cmake_prefix_path.ps1'
[1.497s] INFO:colcon.colcon_core.shell:Creating environment descriptor '/home/joaco/proy_ws/install/my_robot_description/share/my_robot_description/hook/cmake_prefix_path.dsv'
[1.498s] INFO:colcon.colcon_core.shell:Creating environment hook '/home/joaco/proy_ws/install/my_robot_description/share/my_robot_description/hook/cmake_prefix_path.sh'
[1.500s] Level 1:colcon.colcon_core.environment:checking '/home/joaco/proy_ws/install/my_robot_description/bin'
[1.500s] Level 1:colcon.colcon_core.environment:checking '/home/joaco/proy_ws/install/my_robot_description/lib/pkgconfig/my_robot_description.pc'
[1.501s] Level 1:colcon.colcon_core.environment:checking '/home/joaco/proy_ws/install/my_robot_description/lib/python3.10/site-packages'
[1.501s] Level 1:colcon.colcon_core.environment:checking '/home/joaco/proy_ws/install/my_robot_description/bin'
[1.502s] INFO:colcon.colcon_core.shell:Creating package script '/home/joaco/proy_ws/install/my_robot_description/share/my_robot_description/package.ps1'
[1.504s] INFO:colcon.colcon_core.shell:Creating package descriptor '/home/joaco/proy_ws/install/my_robot_description/share/my_robot_description/package.dsv'
[1.505s] INFO:colcon.colcon_core.shell:Creating package script '/home/joaco/proy_ws/install/my_robot_description/share/my_robot_description/package.sh'
[1.507s] INFO:colcon.colcon_core.shell:Creating package script '/home/joaco/proy_ws/install/my_robot_description/share/my_robot_description/package.bash'
[1.509s] INFO:colcon.colcon_core.shell:Creating package script '/home/joaco/proy_ws/install/my_robot_description/share/my_robot_description/package.zsh'
[1.511s] Level 1:colcon.colcon_core.environment:create_file_with_runtime_dependencies(/home/joaco/proy_ws/install/my_robot_description/share/colcon-core/packages/my_robot_description)
[1.516s] Level 1:colcon.colcon_core.environment:create_environment_scripts_only(my_gripper_description)
[1.517s] Level 1:colcon.colcon_core.environment:checking '/home/joaco/proy_ws/install/my_gripper_description' for CMake module files
[1.518s] DEBUG:colcon.colcon_core.event_handler.log_command:Invoked command in '/home/joaco/proy_ws/build/my_gripper_description' returned '0': CMAKE_PREFIX_PATH=${CMAKE_PREFIX_PATH}:/home/joaco/ws_moveit2/install/moveit_configs_utils:/home/joaco/ws_moveit2/install/ros_environment:/home/joaco/ws_moveit2/install/launch_param_builder:/home/joaco/ws_moveit2/install/diy_robot_application:/opt/ros/humble /usr/bin/cmake --install /home/joaco/proy_ws/build/my_gripper_description
[1.519s] Level 1:colcon.colcon_core.environment:checking '/home/joaco/proy_ws/install/my_gripper_description' for CMake config files
[1.520s] Level 1:colcon.colcon_core.shell:create_environment_hook('my_gripper_description', 'cmake_prefix_path')
[1.521s] INFO:colcon.colcon_core.shell:Creating environment hook '/home/joaco/proy_ws/install/my_gripper_description/share/my_gripper_description/hook/cmake_prefix_path.ps1'
[1.523s] INFO:colcon.colcon_core.shell:Creating environment descriptor '/home/joaco/proy_ws/install/my_gripper_description/share/my_gripper_description/hook/cmake_prefix_path.dsv'
[1.524s] INFO:colcon.colcon_core.shell:Creating environment hook '/home/joaco/proy_ws/install/my_gripper_description/share/my_gripper_description/hook/cmake_prefix_path.sh'
[1.525s] Level 1:colcon.colcon_core.environment:checking '/home/joaco/proy_ws/install/my_gripper_description/bin'
[1.525s] Level 1:colcon.colcon_core.environment:checking '/home/joaco/proy_ws/install/my_gripper_description/lib/pkgconfig/my_gripper_description.pc'
[1.526s] Level 1:colcon.colcon_core.environment:checking '/home/joaco/proy_ws/install/my_gripper_description/lib/python3.10/site-packages'
[1.526s] Level 1:colcon.colcon_core.environment:checking '/home/joaco/proy_ws/install/my_gripper_description/bin'
[1.527s] INFO:colcon.colcon_core.shell:Creating package script '/home/joaco/proy_ws/install/my_gripper_description/share/my_gripper_description/package.ps1'
[1.528s] INFO:colcon.colcon_core.shell:Creating package descriptor '/home/joaco/proy_ws/install/my_gripper_description/share/my_gripper_description/package.dsv'
[1.530s] INFO:colcon.colcon_core.shell:Creating package script '/home/joaco/proy_ws/install/my_gripper_description/share/my_gripper_description/package.sh'
[1.531s] INFO:colcon.colcon_core.shell:Creating package script '/home/joaco/proy_ws/install/my_gripper_description/share/my_gripper_description/package.bash'
[1.532s] INFO:colcon.colcon_core.shell:Creating package script '/home/joaco/proy_ws/install/my_gripper_description/share/my_gripper_description/package.zsh'
[1.533s] Level 1:colcon.colcon_core.environment:create_file_with_runtime_dependencies(/home/joaco/proy_ws/install/my_gripper_description/share/colcon-core/packages/my_gripper_description)
[1.634s] Level 1:colcon.colcon_core.environment:create_environment_scripts_only(my_robot_description)
[1.634s] Level 1:colcon.colcon_core.environment:checking '/home/joaco/proy_ws/install/my_robot_description' for CMake module files
[1.636s] Level 1:colcon.colcon_core.environment:checking '/home/joaco/proy_ws/install/my_robot_description' for CMake config files
[1.637s] Level 1:colcon.colcon_core.shell:create_environment_hook('my_robot_description', 'cmake_prefix_path')
[1.638s] INFO:colcon.colcon_core.shell:Creating environment hook '/home/joaco/proy_ws/install/my_robot_description/share/my_robot_description/hook/cmake_prefix_path.ps1'
[1.639s] INFO:colcon.colcon_core.shell:Creating environment descriptor '/home/joaco/proy_ws/install/my_robot_description/share/my_robot_description/hook/cmake_prefix_path.dsv'
[1.640s] INFO:colcon.colcon_core.shell:Creating environment hook '/home/joaco/proy_ws/install/my_robot_description/share/my_robot_description/hook/cmake_prefix_path.sh'
[1.642s] Level 1:colcon.colcon_core.environment:checking '/home/joaco/proy_ws/install/my_robot_description/bin'
[1.642s] Level 1:colcon.colcon_core.environment:checking '/home/joaco/proy_ws/install/my_robot_description/lib/pkgconfig/my_robot_description.pc'
[1.643s] Level 1:colcon.colcon_core.environment:checking '/home/joaco/proy_ws/install/my_robot_description/lib/python3.10/site-packages'
[1.643s] Level 1:colcon.colcon_core.environment:checking '/home/joaco/proy_ws/install/my_robot_description/bin'
[1.644s] INFO:colcon.colcon_core.shell:Creating package script '/home/joaco/proy_ws/install/my_robot_description/share/my_robot_description/package.ps1'
[1.645s] INFO:colcon.colcon_core.shell:Creating package descriptor '/home/joaco/proy_ws/install/my_robot_description/share/my_robot_description/package.dsv'
[1.647s] INFO:colcon.colcon_core.shell:Creating package script '/home/joaco/proy_ws/install/my_robot_description/share/my_robot_description/package.sh'
[1.648s] INFO:colcon.colcon_core.shell:Creating package script '/home/joaco/proy_ws/install/my_robot_description/share/my_robot_description/package.bash'
[1.649s] INFO:colcon.colcon_core.shell:Creating package script '/home/joaco/proy_ws/install/my_robot_description/share/my_robot_description/package.zsh'
[1.650s] Level 1:colcon.colcon_core.environment:create_file_with_runtime_dependencies(/home/joaco/proy_ws/install/my_robot_description/share/colcon-core/packages/my_robot_description)
[1.657s] Level 1:colcon.colcon_core.environment:create_environment_scripts_only(my_gripper_description)
[1.658s] Level 1:colcon.colcon_core.environment:checking '/home/joaco/proy_ws/install/my_gripper_description' for CMake module files
[1.659s] Level 1:colcon.colcon_core.environment:checking '/home/joaco/proy_ws/install/my_gripper_description' for CMake config files
[1.659s] Level 1:colcon.colcon_core.shell:create_environment_hook('my_gripper_description', 'cmake_prefix_path')
[1.660s] INFO:colcon.colcon_core.shell:Creating environment hook '/home/joaco/proy_ws/install/my_gripper_description/share/my_gripper_description/hook/cmake_prefix_path.ps1'
[1.661s] INFO:colcon.colcon_core.shell:Creating environment descriptor '/home/joaco/proy_ws/install/my_gripper_description/share/my_gripper_description/hook/cmake_prefix_path.dsv'
[1.662s] INFO:colcon.colcon_core.shell:Creating environment hook '/home/joaco/proy_ws/install/my_gripper_description/share/my_gripper_description/hook/cmake_prefix_path.sh'
[1.663s] Level 1:colcon.colcon_core.environment:checking '/home/joaco/proy_ws/install/my_gripper_description/bin'
[1.664s] Level 1:colcon.colcon_core.environment:checking '/home/joaco/proy_ws/install/my_gripper_description/lib/pkgconfig/my_gripper_description.pc'
[1.664s] Level 1:colcon.colcon_core.environment:checking '/home/joaco/proy_ws/install/my_gripper_description/lib/python3.10/site-packages'
[1.664s] Level 1:colcon.colcon_core.environment:checking '/home/joaco/proy_ws/install/my_gripper_description/bin'
[1.665s] INFO:colcon.colcon_core.shell:Creating package script '/home/joaco/proy_ws/install/my_gripper_description/share/my_gripper_description/package.ps1'
[1.667s] INFO:colcon.colcon_core.shell:Creating package descriptor '/home/joaco/proy_ws/install/my_gripper_description/share/my_gripper_description/package.dsv'
[1.669s] INFO:colcon.colcon_core.shell:Creating package script '/home/joaco/proy_ws/install/my_gripper_description/share/my_gripper_description/package.sh'
[1.670s] INFO:colcon.colcon_core.shell:Creating package script '/home/joaco/proy_ws/install/my_gripper_description/share/my_gripper_description/package.bash'
[1.671s] INFO:colcon.colcon_core.shell:Creating package script '/home/joaco/proy_ws/install/my_gripper_description/share/my_gripper_description/package.zsh'
[1.673s] Level 1:colcon.colcon_core.environment:create_file_with_runtime_dependencies(/home/joaco/proy_ws/install/my_gripper_description/share/colcon-core/packages/my_gripper_description)
[1.673s] DEBUG:colcon.colcon_parallel_executor.executor.parallel:closing loop
[1.674s] DEBUG:colcon.colcon_parallel_executor.executor.parallel:loop closed
[1.674s] DEBUG:colcon.colcon_parallel_executor.executor.parallel:run_until_complete finished with '0'
[1.674s] DEBUG:colcon.colcon_core.event_reactor:joining thread
[1.690s] INFO:colcon.colcon_core.plugin_system:Skipping extension 'colcon_notification.desktop_notification.terminal_notifier': Not used on non-Darwin systems
[1.690s] INFO:colcon.colcon_core.plugin_system:Skipping extension 'colcon_notification.desktop_notification.win32': Not used on non-Windows systems
[1.690s] INFO:colcon.colcon_notification.desktop_notification:Sending desktop notification using 'notify2'
[1.721s] DEBUG:colcon.colcon_core.event_reactor:joined thread
[1.722s] INFO:colcon.colcon_core.shell:Creating prefix script '/home/joaco/proy_ws/install/local_setup.ps1'
[1.725s] INFO:colcon.colcon_core.shell:Creating prefix util module '/home/joaco/proy_ws/install/_local_setup_util_ps1.py'
[1.728s] INFO:colcon.colcon_core.shell:Creating prefix chain script '/home/joaco/proy_ws/install/setup.ps1'
[1.737s] INFO:colcon.colcon_core.shell:Creating prefix script '/home/joaco/proy_ws/install/local_setup.sh'
[1.739s] INFO:colcon.colcon_core.shell:Creating prefix util module '/home/joaco/proy_ws/install/_local_setup_util_sh.py'
[1.741s] INFO:colcon.colcon_core.shell:Creating prefix chain script '/home/joaco/proy_ws/install/setup.sh'
[1.750s] INFO:colcon.colcon_core.shell:Creating prefix script '/home/joaco/proy_ws/install/local_setup.bash'
[1.752s] INFO:colcon.colcon_core.shell:Creating prefix chain script '/home/joaco/proy_ws/install/setup.bash'
[1.762s] INFO:colcon.colcon_core.shell:Creating prefix script '/home/joaco/proy_ws/install/local_setup.zsh'
[1.764s] INFO:colcon.colcon_core.shell:Creating prefix chain script '/home/joaco/proy_ws/install/setup.zsh'
