[0.043s] Invoking command in '/home/joaco/proy_ws/src/build/my_robot_description': CMAKE_PREFIX_PATH=${CMAKE_PREFIX_PATH}:/home/joaco/ws_moveit2/install/moveit_configs_utils:/home/joaco/ws_moveit2/install/ros_environment:/home/joaco/ws_moveit2/install/launch_param_builder:/home/joaco/ws_moveit2/install/diy_robot_application:/opt/ros/humble /usr/bin/cmake /home/joaco/proy_ws/src/my_robot_description -DCMAKE_INSTALL_PREFIX=/home/joaco/proy_ws/src/install/my_robot_description
[0.289s] -- The C compiler identification is GNU 11.4.0
[0.486s] -- The CXX compiler identification is GNU 11.4.0
[0.516s] -- Detecting C compiler ABI info
[0.821s] -- Detecting C compiler ABI info - done
[0.841s] -- Check for working C compiler: /usr/bin/cc - skipped
[0.841s] -- Detecting C compile features
[0.842s] -- Detecting C compile features - done
[0.851s] -- Detecting CXX compiler ABI info
[1.169s] -- Detecting CXX compiler ABI info - done
[1.190s] -- Check for working CXX compiler: /usr/bin/c++ - skipped
[1.190s] -- Detecting CXX compile features
[1.191s] -- Detecting CXX compile features - done
[1.218s] -- Found ament_cmake: 1.3.9 (/opt/ros/humble/share/ament_cmake/cmake)
[1.734s] -- Found Python3: /usr/bin/python3 (found version "3.10.12") found components: Interpreter 
[2.268s] -- Found xacro: 2.0.8 (/opt/ros/humble/share/xacro/cmake)
[2.291s] -- Found ament_lint_auto: 0.12.11 (/opt/ros/humble/share/ament_lint_auto/cmake)
[2.655s] -- Added test 'flake8' to check Python code syntax and style conventions
[2.661s] -- Added test 'lint_cmake' to check CMake code style
[2.666s] -- Added test 'pep257' to check Python code against some of the docstring style conventions in PEP 257
[2.676s] -- Added test 'xmllint' to check XML markup files
[2.685s] -- Configuring done
[2.694s] -- Generating done
[2.697s] -- Build files have been written to: /home/joaco/proy_ws/src/build/my_robot_description
[2.712s] Invoked command in '/home/joaco/proy_ws/src/build/my_robot_description' returned '0': CMAKE_PREFIX_PATH=${CMAKE_PREFIX_PATH}:/home/joaco/ws_moveit2/install/moveit_configs_utils:/home/joaco/ws_moveit2/install/ros_environment:/home/joaco/ws_moveit2/install/launch_param_builder:/home/joaco/ws_moveit2/install/diy_robot_application:/opt/ros/humble /usr/bin/cmake /home/joaco/proy_ws/src/my_robot_description -DCMAKE_INSTALL_PREFIX=/home/joaco/proy_ws/src/install/my_robot_description
[2.713s] Invoking command in '/home/joaco/proy_ws/src/build/my_robot_description': CMAKE_PREFIX_PATH=${CMAKE_PREFIX_PATH}:/home/joaco/ws_moveit2/install/moveit_configs_utils:/home/joaco/ws_moveit2/install/ros_environment:/home/joaco/ws_moveit2/install/launch_param_builder:/home/joaco/ws_moveit2/install/diy_robot_application:/opt/ros/humble /usr/bin/cmake --build /home/joaco/proy_ws/src/build/my_robot_description -- -j3 -l3
[2.888s] Invoked command in '/home/joaco/proy_ws/src/build/my_robot_description' returned '0': CMAKE_PREFIX_PATH=${CMAKE_PREFIX_PATH}:/home/joaco/ws_moveit2/install/moveit_configs_utils:/home/joaco/ws_moveit2/install/ros_environment:/home/joaco/ws_moveit2/install/launch_param_builder:/home/joaco/ws_moveit2/install/diy_robot_application:/opt/ros/humble /usr/bin/cmake --build /home/joaco/proy_ws/src/build/my_robot_description -- -j3 -l3
[3.014s] Invoking command in '/home/joaco/proy_ws/src/build/my_robot_description': CMAKE_PREFIX_PATH=${CMAKE_PREFIX_PATH}:/home/joaco/ws_moveit2/install/moveit_configs_utils:/home/joaco/ws_moveit2/install/ros_environment:/home/joaco/ws_moveit2/install/launch_param_builder:/home/joaco/ws_moveit2/install/diy_robot_application:/opt/ros/humble /usr/bin/cmake --install /home/joaco/proy_ws/src/build/my_robot_description
[3.050s] -- Install configuration: ""
[3.051s] -- Installing: /home/joaco/proy_ws/src/install/my_robot_description/share/my_robot_description//urdf
[3.052s] -- Installing: /home/joaco/proy_ws/src/install/my_robot_description/share/my_robot_description//urdf/common.urdf.xacro
[3.053s] -- Installing: /home/joaco/proy_ws/src/install/my_robot_description/share/my_robot_description//urdf/diy_robotarm_model.urdf.xacro
[3.054s] -- Installing: /home/joaco/proy_ws/src/install/my_robot_description/share/my_robot_description//urdf/materials.urdf.xacro
[3.054s] -- Installing: /home/joaco/proy_ws/src/install/my_robot_description/share/my_robot_description//urdf/diy_robotarm_macro.urdf.xacro
[3.057s] -- Installing: /home/joaco/proy_ws/src/install/my_robot_description/share/my_robot_description//urdf/diy_robotarm.ros2_control.urdf.xacro
[3.059s] -- Installing: /home/joaco/proy_ws/src/install/my_robot_description/share/my_robot_description//launch
[3.059s] -- Installing: /home/joaco/proy_ws/src/install/my_robot_description/share/my_robot_description//launch/visualize.launch.py
[3.060s] -- Installing: /home/joaco/proy_ws/src/install/my_robot_description/share/my_robot_description//meshes
[3.060s] -- Installing: /home/joaco/proy_ws/src/install/my_robot_description/share/my_robot_description//meshes/collision
[3.060s] -- Installing: /home/joaco/proy_ws/src/install/my_robot_description/share/my_robot_description//meshes/collision/link_3.stl
[3.063s] -- Installing: /home/joaco/proy_ws/src/install/my_robot_description/share/my_robot_description//meshes/collision/link_1.stl
[3.064s] -- Installing: /home/joaco/proy_ws/src/install/my_robot_description/share/my_robot_description//meshes/collision/link_5.stl
[3.067s] -- Installing: /home/joaco/proy_ws/src/install/my_robot_description/share/my_robot_description//meshes/collision/link_2.stl
[3.073s] -- Installing: /home/joaco/proy_ws/src/install/my_robot_description/share/my_robot_description//meshes/collision/base.stl
[3.076s] -- Installing: /home/joaco/proy_ws/src/install/my_robot_description/share/my_robot_description//meshes/collision/link_6.stl
[3.076s] -- Installing: /home/joaco/proy_ws/src/install/my_robot_description/share/my_robot_description//meshes/collision/link_4.stl
[3.078s] -- Installing: /home/joaco/proy_ws/src/install/my_robot_description/share/my_robot_description//meshes/visual
[3.079s] -- Installing: /home/joaco/proy_ws/src/install/my_robot_description/share/my_robot_description//meshes/visual/link_3.stl
[3.103s] -- Installing: /home/joaco/proy_ws/src/install/my_robot_description/share/my_robot_description//meshes/visual/link_1.stl
[3.123s] -- Installing: /home/joaco/proy_ws/src/install/my_robot_description/share/my_robot_description//meshes/visual/link_5.stl
[3.147s] -- Installing: /home/joaco/proy_ws/src/install/my_robot_description/share/my_robot_description//meshes/visual/link_2.stl
[3.167s] -- Installing: /home/joaco/proy_ws/src/install/my_robot_description/share/my_robot_description//meshes/visual/base.stl
[3.186s] -- Installing: /home/joaco/proy_ws/src/install/my_robot_description/share/my_robot_description//meshes/visual/link_6.stl
[3.187s] -- Installing: /home/joaco/proy_ws/src/install/my_robot_description/share/my_robot_description//meshes/visual/link_4.stl
[3.209s] -- Installing: /home/joaco/proy_ws/src/install/my_robot_description/share/my_robot_description//rviz
[3.210s] -- Installing: /home/joaco/proy_ws/src/install/my_robot_description/share/my_robot_description//rviz/rviz_config.rviz
[3.210s] -- Installing: /home/joaco/proy_ws/src/install/my_robot_description/share/my_robot_description//config
[3.210s] -- Installing: /home/joaco/proy_ws/src/install/my_robot_description/share/my_robot_description//config/default_kinematics.yaml
[3.211s] -- Installing: /home/joaco/proy_ws/src/install/my_robot_description/share/my_robot_description//config/initial_positions.yaml
[3.212s] -- Installing: /home/joaco/proy_ws/src/install/my_robot_description/share/my_robot_description//config/joint_limits.yaml
[3.213s] -- Installing: /home/joaco/proy_ws/src/install/my_robot_description/share/ament_index/resource_index/package_run_dependencies/my_robot_description
[3.214s] -- Installing: /home/joaco/proy_ws/src/install/my_robot_description/share/ament_index/resource_index/parent_prefix_path/my_robot_description
[3.215s] -- Installing: /home/joaco/proy_ws/src/install/my_robot_description/share/my_robot_description/environment/ament_prefix_path.sh
[3.215s] -- Installing: /home/joaco/proy_ws/src/install/my_robot_description/share/my_robot_description/environment/ament_prefix_path.dsv
[3.215s] -- Installing: /home/joaco/proy_ws/src/install/my_robot_description/share/my_robot_description/environment/path.sh
[3.216s] -- Installing: /home/joaco/proy_ws/src/install/my_robot_description/share/my_robot_description/environment/path.dsv
[3.216s] -- Installing: /home/joaco/proy_ws/src/install/my_robot_description/share/my_robot_description/local_setup.bash
[3.216s] -- Installing: /home/joaco/proy_ws/src/install/my_robot_description/share/my_robot_description/local_setup.sh
[3.217s] -- Installing: /home/joaco/proy_ws/src/install/my_robot_description/share/my_robot_description/local_setup.zsh
[3.217s] -- Installing: /home/joaco/proy_ws/src/install/my_robot_description/share/my_robot_description/local_setup.dsv
[3.217s] -- Installing: /home/joaco/proy_ws/src/install/my_robot_description/share/my_robot_description/package.dsv
[3.218s] -- Installing: /home/joaco/proy_ws/src/install/my_robot_description/share/ament_index/resource_index/packages/my_robot_description
[3.219s] -- Installing: /home/joaco/proy_ws/src/install/my_robot_description/share/my_robot_description/cmake/my_robot_descriptionConfig.cmake
[3.219s] -- Installing: /home/joaco/proy_ws/src/install/my_robot_description/share/my_robot_description/cmake/my_robot_descriptionConfig-version.cmake
[3.219s] -- Installing: /home/joaco/proy_ws/src/install/my_robot_description/share/my_robot_description/package.xml
[3.226s] Invoked command in '/home/joaco/proy_ws/src/build/my_robot_description' returned '0': CMAKE_PREFIX_PATH=${CMAKE_PREFIX_PATH}:/home/joaco/ws_moveit2/install/moveit_configs_utils:/home/joaco/ws_moveit2/install/ros_environment:/home/joaco/ws_moveit2/install/launch_param_builder:/home/joaco/ws_moveit2/install/diy_robot_application:/opt/ros/humble /usr/bin/cmake --install /home/joaco/proy_ws/src/build/my_robot_description
