-- Install configuration: ""
-- Up-to-date: /home/joaco/proy_ws/install/full_cell_description/share/full_cell_description//urdf
-- Up-to-date: /home/joaco/proy_ws/install/full_cell_description/share/full_cell_description//urdf/subframe_macro.urdf.xacro
-- Up-to-date: /home/joaco/proy_ws/install/full_cell_description/share/full_cell_description//urdf/cell_model.urdf.xacro
-- Up-to-date: /home/joaco/proy_ws/install/full_cell_description/share/full_cell_description//urdf/materials.urdf.xacro
-- Up-to-date: /home/joaco/proy_ws/install/full_cell_description/share/full_cell_description//launch
-- Up-to-date: /home/joaco/proy_ws/install/full_cell_description/share/full_cell_description//launch/visualize.launch.py
-- Up-to-date: /home/joaco/proy_ws/install/full_cell_description/share/full_cell_description//meshes
-- Up-to-date: /home/joaco/proy_ws/install/full_cell_description/share/full_cell_description//meshes/placeholder.stl
-- Up-to-date: /home/joaco/proy_ws/install/full_cell_description/share/full_cell_description//rviz
-- Up-to-date: /home/joaco/proy_ws/install/full_cell_description/share/full_cell_description//rviz/rviz_config.rviz
-- Up-to-date: /home/joaco/proy_ws/install/full_cell_description/share/full_cell_description//config
-- Up-to-date: /home/joaco/proy_ws/install/full_cell_description/share/full_cell_description//config/initial_positions.yaml
-- Up-to-date: /home/joaco/proy_ws/install/full_cell_description/share/full_cell_description//config/joint_limits.yaml
-- Up-to-date: /home/joaco/proy_ws/install/full_cell_description/share/ament_index/resource_index/package_run_dependencies/full_cell_description
-- Up-to-date: /home/joaco/proy_ws/install/full_cell_description/share/ament_index/resource_index/parent_prefix_path/full_cell_description
-- Up-to-date: /home/joaco/proy_ws/install/full_cell_description/share/full_cell_description/environment/ament_prefix_path.sh
-- Up-to-date: /home/joaco/proy_ws/install/full_cell_description/share/full_cell_description/environment/ament_prefix_path.dsv
-- Up-to-date: /home/joaco/proy_ws/install/full_cell_description/share/full_cell_description/environment/path.sh
-- Up-to-date: /home/joaco/proy_ws/install/full_cell_description/share/full_cell_description/environment/path.dsv
-- Up-to-date: /home/joaco/proy_ws/install/full_cell_description/share/full_cell_description/local_setup.bash
-- Up-to-date: /home/joaco/proy_ws/install/full_cell_description/share/full_cell_description/local_setup.sh
-- Up-to-date: /home/joaco/proy_ws/install/full_cell_description/share/full_cell_description/local_setup.zsh
-- Up-to-date: /home/joaco/proy_ws/install/full_cell_description/share/full_cell_description/local_setup.dsv
-- Installing: /home/joaco/proy_ws/install/full_cell_description/share/full_cell_description/package.dsv
-- Up-to-date: /home/joaco/proy_ws/install/full_cell_description/share/ament_index/resource_index/packages/full_cell_description
-- Up-to-date: /home/joaco/proy_ws/install/full_cell_description/share/full_cell_description/cmake/full_cell_descriptionConfig.cmake
-- Up-to-date: /home/joaco/proy_ws/install/full_cell_description/share/full_cell_description/cmake/full_cell_descriptionConfig-version.cmake
-- Up-to-date: /home/joaco/proy_ws/install/full_cell_description/share/full_cell_description/package.xml
