[0.058s] Invoking command in '/home/joaco/proy_ws/build/my_robot_description': CMAKE_PREFIX_PATH=${CMAKE_PREFIX_PATH}:/home/joaco/ws_moveit2/install/moveit_configs_utils:/home/joaco/ws_moveit2/install/ros_environment:/home/joaco/ws_moveit2/install/launch_param_builder:/home/joaco/ws_moveit2/install/diy_robot_application:/opt/ros/humble /usr/bin/cmake --build /home/joaco/proy_ws/build/my_robot_description -- -j3 -l3
[0.303s] Invoked command in '/home/joaco/proy_ws/build/my_robot_description' returned '0': CMAKE_PREFIX_PATH=${CMAKE_PREFIX_PATH}:/home/joaco/ws_moveit2/install/moveit_configs_utils:/home/joaco/ws_moveit2/install/ros_environment:/home/joaco/ws_moveit2/install/launch_param_builder:/home/joaco/ws_moveit2/install/diy_robot_application:/opt/ros/humble /usr/bin/cmake --build /home/joaco/proy_ws/build/my_robot_description -- -j3 -l3
[0.452s] Invoking command in '/home/joaco/proy_ws/build/my_robot_description': CMAKE_PREFIX_PATH=${CMAKE_PREFIX_PATH}:/home/joaco/ws_moveit2/install/moveit_configs_utils:/home/joaco/ws_moveit2/install/ros_environment:/home/joaco/ws_moveit2/install/launch_param_builder:/home/joaco/ws_moveit2/install/diy_robot_application:/opt/ros/humble /usr/bin/cmake --install /home/joaco/proy_ws/build/my_robot_description
[0.485s] -- Install configuration: ""
[0.489s] -- Up-to-date: /home/joaco/proy_ws/install/my_robot_description/share/ament_index/resource_index/package_run_dependencies/my_robot_description
[0.489s] -- Up-to-date: /home/joaco/proy_ws/install/my_robot_description/share/ament_index/resource_index/parent_prefix_path/my_robot_description
[0.490s] -- Up-to-date: /home/joaco/proy_ws/install/my_robot_description/share/my_robot_description/environment/ament_prefix_path.sh
[0.491s] -- Up-to-date: /home/joaco/proy_ws/install/my_robot_description/share/my_robot_description/environment/ament_prefix_path.dsv
[0.491s] -- Up-to-date: /home/joaco/proy_ws/install/my_robot_description/share/my_robot_description/environment/path.sh
[0.492s] -- Up-to-date: /home/joaco/proy_ws/install/my_robot_description/share/my_robot_description/environment/path.dsv
[0.492s] -- Up-to-date: /home/joaco/proy_ws/install/my_robot_description/share/my_robot_description/local_setup.bash
[0.492s] -- Up-to-date: /home/joaco/proy_ws/install/my_robot_description/share/my_robot_description/local_setup.sh
[0.492s] -- Up-to-date: /home/joaco/proy_ws/install/my_robot_description/share/my_robot_description/local_setup.zsh
[0.492s] -- Up-to-date: /home/joaco/proy_ws/install/my_robot_description/share/my_robot_description/local_setup.dsv
[0.492s] -- Installing: /home/joaco/proy_ws/install/my_robot_description/share/my_robot_description/package.dsv
[0.493s] -- Up-to-date: /home/joaco/proy_ws/install/my_robot_description/share/ament_index/resource_index/packages/my_robot_description
[0.494s] -- Up-to-date: /home/joaco/proy_ws/install/my_robot_description/share/my_robot_description/cmake/my_robot_descriptionConfig.cmake
[0.494s] -- Up-to-date: /home/joaco/proy_ws/install/my_robot_description/share/my_robot_description/cmake/my_robot_descriptionConfig-version.cmake
[0.494s] -- Up-to-date: /home/joaco/proy_ws/install/my_robot_description/share/my_robot_description/package.xml
[0.500s] Invoked command in '/home/joaco/proy_ws/build/my_robot_description' returned '0': CMAKE_PREFIX_PATH=${CMAKE_PREFIX_PATH}:/home/joaco/ws_moveit2/install/moveit_configs_utils:/home/joaco/ws_moveit2/install/ros_environment:/home/joaco/ws_moveit2/install/launch_param_builder:/home/joaco/ws_moveit2/install/diy_robot_application:/opt/ros/humble /usr/bin/cmake --install /home/joaco/proy_ws/build/my_robot_description
