-- Install configuration: ""
-- Up-to-date: /home/joaco/proy_ws/install/my_robot_description/share/my_robot_description//urdf
-- Up-to-date: /home/joaco/proy_ws/install/my_robot_description/share/my_robot_description//urdf/common.urdf.xacro
-- Up-to-date: /home/joaco/proy_ws/install/my_robot_description/share/my_robot_description//urdf/diy_robotarm_model.urdf.xacro
-- Up-to-date: /home/joaco/proy_ws/install/my_robot_description/share/my_robot_description//urdf/materials.urdf.xacro
-- Up-to-date: /home/joaco/proy_ws/install/my_robot_description/share/my_robot_description//urdf/diy_robotarm_macro.urdf.xacro
-- Up-to-date: /home/joaco/proy_ws/install/my_robot_description/share/my_robot_description//urdf/diy_robotarm.ros2_control.urdf.xacro
-- Up-to-date: /home/joaco/proy_ws/install/my_robot_description/share/my_robot_description//launch
-- Up-to-date: /home/joaco/proy_ws/install/my_robot_description/share/my_robot_description//launch/visualize.launch.py
-- Up-to-date: /home/joaco/proy_ws/install/my_robot_description/share/my_robot_description//meshes
-- Up-to-date: /home/joaco/proy_ws/install/my_robot_description/share/my_robot_description//meshes/collision
-- Up-to-date: /home/joaco/proy_ws/install/my_robot_description/share/my_robot_description//meshes/collision/link_3.stl
-- Up-to-date: /home/joaco/proy_ws/install/my_robot_description/share/my_robot_description//meshes/collision/link_1.stl
-- Up-to-date: /home/joaco/proy_ws/install/my_robot_description/share/my_robot_description//meshes/collision/link_5.stl
-- Up-to-date: /home/joaco/proy_ws/install/my_robot_description/share/my_robot_description//meshes/collision/link_2.stl
-- Up-to-date: /home/joaco/proy_ws/install/my_robot_description/share/my_robot_description//meshes/collision/base.stl
-- Up-to-date: /home/joaco/proy_ws/install/my_robot_description/share/my_robot_description//meshes/collision/link_6.stl
-- Up-to-date: /home/joaco/proy_ws/install/my_robot_description/share/my_robot_description//meshes/collision/link_4.stl
-- Up-to-date: /home/joaco/proy_ws/install/my_robot_description/share/my_robot_description//meshes/visual
-- Up-to-date: /home/joaco/proy_ws/install/my_robot_description/share/my_robot_description//meshes/visual/link_3.stl
-- Up-to-date: /home/joaco/proy_ws/install/my_robot_description/share/my_robot_description//meshes/visual/link_1.stl
-- Up-to-date: /home/joaco/proy_ws/install/my_robot_description/share/my_robot_description//meshes/visual/link_5.stl
-- Up-to-date: /home/joaco/proy_ws/install/my_robot_description/share/my_robot_description//meshes/visual/link_2.stl
-- Up-to-date: /home/joaco/proy_ws/install/my_robot_description/share/my_robot_description//meshes/visual/base.stl
-- Up-to-date: /home/joaco/proy_ws/install/my_robot_description/share/my_robot_description//meshes/visual/link_6.stl
-- Up-to-date: /home/joaco/proy_ws/install/my_robot_description/share/my_robot_description//meshes/visual/link_4.stl
-- Up-to-date: /home/joaco/proy_ws/install/my_robot_description/share/my_robot_description//rviz
-- Up-to-date: /home/joaco/proy_ws/install/my_robot_description/share/my_robot_description//rviz/rviz_config.rviz
-- Up-to-date: /home/joaco/proy_ws/install/my_robot_description/share/my_robot_description//config
-- Up-to-date: /home/joaco/proy_ws/install/my_robot_description/share/my_robot_description//config/default_kinematics.yaml
-- Up-to-date: /home/joaco/proy_ws/install/my_robot_description/share/my_robot_description//config/initial_positions.yaml
-- Up-to-date: /home/joaco/proy_ws/install/my_robot_description/share/my_robot_description//config/joint_limits.yaml
-- Up-to-date: /home/joaco/proy_ws/install/my_robot_description/share/ament_index/resource_index/package_run_dependencies/my_robot_description
-- Up-to-date: /home/joaco/proy_ws/install/my_robot_description/share/ament_index/resource_index/parent_prefix_path/my_robot_description
-- Up-to-date: /home/joaco/proy_ws/install/my_robot_description/share/my_robot_description/environment/ament_prefix_path.sh
-- Up-to-date: /home/joaco/proy_ws/install/my_robot_description/share/my_robot_description/environment/ament_prefix_path.dsv
-- Up-to-date: /home/joaco/proy_ws/install/my_robot_description/share/my_robot_description/environment/path.sh
-- Up-to-date: /home/joaco/proy_ws/install/my_robot_description/share/my_robot_description/environment/path.dsv
-- Up-to-date: /home/joaco/proy_ws/install/my_robot_description/share/my_robot_description/local_setup.bash
-- Up-to-date: /home/joaco/proy_ws/install/my_robot_description/share/my_robot_description/local_setup.sh
-- Up-to-date: /home/joaco/proy_ws/install/my_robot_description/share/my_robot_description/local_setup.zsh
-- Up-to-date: /home/joaco/proy_ws/install/my_robot_description/share/my_robot_description/local_setup.dsv
-- Installing: /home/joaco/proy_ws/install/my_robot_description/share/my_robot_description/package.dsv
-- Up-to-date: /home/joaco/proy_ws/install/my_robot_description/share/ament_index/resource_index/packages/my_robot_description
-- Up-to-date: /home/joaco/proy_ws/install/my_robot_description/share/my_robot_description/cmake/my_robot_descriptionConfig.cmake
-- Up-to-date: /home/joaco/proy_ws/install/my_robot_description/share/my_robot_description/cmake/my_robot_descriptionConfig-version.cmake
-- Up-to-date: /home/joaco/proy_ws/install/my_robot_description/share/my_robot_description/package.xml
