[0.110s] Invoking command in '/home/joaco/proy_ws/build/my_robot_description': CMAKE_PREFIX_PATH=${CMAKE_PREFIX_PATH}:/home/joaco/proy_ws/install/ros_environment:/home/joaco/ws_moveit2/install/moveit_configs_utils:/home/joaco/ws_moveit2/install/ros_environment:/home/joaco/ws_moveit2/install/launch_param_builder:/home/joaco/ws_moveit2/install/diy_robot_application:/opt/ros/humble /usr/bin/cmake --build /home/joaco/proy_ws/build/my_robot_description -- -j3 -l3
[0.304s] Invoked command in '/home/joaco/proy_ws/build/my_robot_description' returned '0': CMAKE_PREFIX_PATH=${CMAKE_PREFIX_PATH}:/home/joaco/proy_ws/install/ros_environment:/home/joaco/ws_moveit2/install/moveit_configs_utils:/home/joaco/ws_moveit2/install/ros_environment:/home/joaco/ws_moveit2/install/launch_param_builder:/home/joaco/ws_moveit2/install/diy_robot_application:/opt/ros/humble /usr/bin/cmake --build /home/joaco/proy_ws/build/my_robot_description -- -j3 -l3
[0.451s] Invoking command in '/home/joaco/proy_ws/build/my_robot_description': CMAKE_PREFIX_PATH=${CMAKE_PREFIX_PATH}:/home/joaco/proy_ws/install/ros_environment:/home/joaco/ws_moveit2/install/moveit_configs_utils:/home/joaco/ws_moveit2/install/ros_environment:/home/joaco/ws_moveit2/install/launch_param_builder:/home/joaco/ws_moveit2/install/diy_robot_application:/opt/ros/humble /usr/bin/cmake --install /home/joaco/proy_ws/build/my_robot_description
[0.487s] -- Install configuration: ""
[0.487s] -- Up-to-date: /home/joaco/proy_ws/install/my_robot_description/share/my_robot_description//urdf
[0.488s] -- Up-to-date: /home/joaco/proy_ws/install/my_robot_description/share/my_robot_description//urdf/common.urdf.xacro
[0.489s] -- Up-to-date: /home/joaco/proy_ws/install/my_robot_description/share/my_robot_description//urdf/diy_robotarm_model.urdf.xacro
[0.489s] -- Up-to-date: /home/joaco/proy_ws/install/my_robot_description/share/my_robot_description//urdf/materials.urdf.xacro
[0.504s] -- Up-to-date: /home/joaco/proy_ws/install/my_robot_description/share/my_robot_description//urdf/diy_robotarm_macro.urdf.xacro
[0.505s] -- Up-to-date: /home/joaco/proy_ws/install/my_robot_description/share/my_robot_description//urdf/diy_robotarm.ros2_control.urdf.xacro
[0.505s] -- Up-to-date: /home/joaco/proy_ws/install/my_robot_description/share/my_robot_description//launch
[0.506s] -- Up-to-date: /home/joaco/proy_ws/install/my_robot_description/share/my_robot_description//launch/visualize.launch.py
[0.506s] -- Up-to-date: /home/joaco/proy_ws/install/my_robot_description/share/my_robot_description//meshes
[0.506s] -- Up-to-date: /home/joaco/proy_ws/install/my_robot_description/share/my_robot_description//meshes/collision
[0.506s] -- Up-to-date: /home/joaco/proy_ws/install/my_robot_description/share/my_robot_description//meshes/collision/link_3.stl
[0.506s] -- Up-to-date: /home/joaco/proy_ws/install/my_robot_description/share/my_robot_description//meshes/collision/link_1.stl
[0.507s] -- Up-to-date: /home/joaco/proy_ws/install/my_robot_description/share/my_robot_description//meshes/collision/link_5.stl
[0.507s] -- Up-to-date: /home/joaco/proy_ws/install/my_robot_description/share/my_robot_description//meshes/collision/link_2.stl
[0.507s] -- Up-to-date: /home/joaco/proy_ws/install/my_robot_description/share/my_robot_description//meshes/collision/base.stl
[0.507s] -- Up-to-date: /home/joaco/proy_ws/install/my_robot_description/share/my_robot_description//meshes/collision/link_6.stl
[0.507s] -- Up-to-date: /home/joaco/proy_ws/install/my_robot_description/share/my_robot_description//meshes/collision/link_4.stl
[0.507s] -- Up-to-date: /home/joaco/proy_ws/install/my_robot_description/share/my_robot_description//meshes/visual
[0.512s] -- Up-to-date: /home/joaco/proy_ws/install/my_robot_description/share/my_robot_description//meshes/visual/link_3.stl
[0.515s] -- Up-to-date: /home/joaco/proy_ws/install/my_robot_description/share/my_robot_description//meshes/visual/link_1.stl
[0.515s] -- Up-to-date: /home/joaco/proy_ws/install/my_robot_description/share/my_robot_description//meshes/visual/link_5.stl
[0.516s] -- Up-to-date: /home/joaco/proy_ws/install/my_robot_description/share/my_robot_description//meshes/visual/link_2.stl
[0.517s] -- Up-to-date: /home/joaco/proy_ws/install/my_robot_description/share/my_robot_description//meshes/visual/base.stl
[0.518s] -- Up-to-date: /home/joaco/proy_ws/install/my_robot_description/share/my_robot_description//meshes/visual/link_6.stl
[0.519s] -- Up-to-date: /home/joaco/proy_ws/install/my_robot_description/share/my_robot_description//meshes/visual/link_4.stl
[0.519s] -- Up-to-date: /home/joaco/proy_ws/install/my_robot_description/share/my_robot_description//rviz
[0.519s] -- Up-to-date: /home/joaco/proy_ws/install/my_robot_description/share/my_robot_description//rviz/rviz_config.rviz
[0.519s] -- Up-to-date: /home/joaco/proy_ws/install/my_robot_description/share/my_robot_description//config
[0.530s] -- Up-to-date: /home/joaco/proy_ws/install/my_robot_description/share/my_robot_description//config/default_kinematics.yaml
[0.531s] -- Up-to-date: /home/joaco/proy_ws/install/my_robot_description/share/my_robot_description//config/initial_positions.yaml
[0.532s] -- Up-to-date: /home/joaco/proy_ws/install/my_robot_description/share/my_robot_description//config/joint_limits.yaml
[0.532s] -- Up-to-date: /home/joaco/proy_ws/install/my_robot_description/share/ament_index/resource_index/package_run_dependencies/my_robot_description
[0.532s] -- Up-to-date: /home/joaco/proy_ws/install/my_robot_description/share/ament_index/resource_index/parent_prefix_path/my_robot_description
[0.533s] -- Up-to-date: /home/joaco/proy_ws/install/my_robot_description/share/my_robot_description/environment/ament_prefix_path.sh
[0.533s] -- Up-to-date: /home/joaco/proy_ws/install/my_robot_description/share/my_robot_description/environment/ament_prefix_path.dsv
[0.533s] -- Up-to-date: /home/joaco/proy_ws/install/my_robot_description/share/my_robot_description/environment/path.sh
[0.534s] -- Up-to-date: /home/joaco/proy_ws/install/my_robot_description/share/my_robot_description/environment/path.dsv
[0.534s] -- Up-to-date: /home/joaco/proy_ws/install/my_robot_description/share/my_robot_description/local_setup.bash
[0.534s] -- Up-to-date: /home/joaco/proy_ws/install/my_robot_description/share/my_robot_description/local_setup.sh
[0.535s] -- Up-to-date: /home/joaco/proy_ws/install/my_robot_description/share/my_robot_description/local_setup.zsh
[0.535s] -- Up-to-date: /home/joaco/proy_ws/install/my_robot_description/share/my_robot_description/local_setup.dsv
[0.535s] -- Installing: /home/joaco/proy_ws/install/my_robot_description/share/my_robot_description/package.dsv
[0.535s] -- Up-to-date: /home/joaco/proy_ws/install/my_robot_description/share/ament_index/resource_index/packages/my_robot_description
[0.536s] -- Up-to-date: /home/joaco/proy_ws/install/my_robot_description/share/my_robot_description/cmake/my_robot_descriptionConfig.cmake
[0.536s] -- Up-to-date: /home/joaco/proy_ws/install/my_robot_description/share/my_robot_description/cmake/my_robot_descriptionConfig-version.cmake
[0.537s] -- Up-to-date: /home/joaco/proy_ws/install/my_robot_description/share/my_robot_description/package.xml
[0.567s] Invoked command in '/home/joaco/proy_ws/build/my_robot_description' returned '0': CMAKE_PREFIX_PATH=${CMAKE_PREFIX_PATH}:/home/joaco/proy_ws/install/ros_environment:/home/joaco/ws_moveit2/install/moveit_configs_utils:/home/joaco/ws_moveit2/install/ros_environment:/home/joaco/ws_moveit2/install/launch_param_builder:/home/joaco/ws_moveit2/install/diy_robot_application:/opt/ros/humble /usr/bin/cmake --install /home/joaco/proy_ws/build/my_robot_description
