/home/joaco/proy_ws/install/ros_environment/lib/python3.10/site-packages/ros_environment/util.py
/home/joaco/proy_ws/install/ros_environment/lib/python3.10/site-packages/ros_environment/robot.py
/home/joaco/proy_ws/install/ros_environment/lib/python3.10/site-packages/ros_environment/joy_handler.py
/home/joaco/proy_ws/install/ros_environment/lib/python3.10/site-packages/ros_environment/scene.py
/home/joaco/proy_ws/install/ros_environment/lib/python3.10/site-packages/ros_environment/__init__.py
/home/joaco/proy_ws/install/ros_environment/lib/python3.10/site-packages/ros_environment/lib/base_node.py
/home/joaco/proy_ws/install/ros_environment/lib/python3.10/site-packages/ros_environment/lib/__init__.py
/home/joaco/proy_ws/install/ros_environment/lib/python3.10/site-packages/ros_environment/sensor/orthographic_projection.py
/home/joaco/proy_ws/install/ros_environment/lib/python3.10/site-packages/ros_environment/sensor/__init__.py
/home/joaco/proy_ws/install/ros_environment/lib/python3.10/site-packages/ros_environment/sensor/camera.py
/home/joaco/proy_ws/install/ros_environment/lib/python3.10/site-packages/ros_environment/__pycache__/util.cpython-310.pyc
/home/joaco/proy_ws/install/ros_environment/lib/python3.10/site-packages/ros_environment/__pycache__/robot.cpython-310.pyc
/home/joaco/proy_ws/install/ros_environment/lib/python3.10/site-packages/ros_environment/__pycache__/joy_handler.cpython-310.pyc
/home/joaco/proy_ws/install/ros_environment/lib/python3.10/site-packages/ros_environment/__pycache__/scene.cpython-310.pyc
/home/joaco/proy_ws/install/ros_environment/lib/python3.10/site-packages/ros_environment/__pycache__/__init__.cpython-310.pyc
/home/joaco/proy_ws/install/ros_environment/lib/python3.10/site-packages/ros_environment/lib/__pycache__/base_node.cpython-310.pyc
/home/joaco/proy_ws/install/ros_environment/lib/python3.10/site-packages/ros_environment/lib/__pycache__/__init__.cpython-310.pyc
/home/joaco/proy_ws/install/ros_environment/lib/python3.10/site-packages/ros_environment/sensor/__pycache__/orthographic_projection.cpython-310.pyc
/home/joaco/proy_ws/install/ros_environment/lib/python3.10/site-packages/ros_environment/sensor/__pycache__/__init__.cpython-310.pyc
/home/joaco/proy_ws/install/ros_environment/lib/python3.10/site-packages/ros_environment/sensor/__pycache__/camera.cpython-310.pyc
/home/joaco/proy_ws/install/ros_environment/share/ament_index/resource_index/packages/ros_environment
/home/joaco/proy_ws/install/ros_environment/share/ros_environment/package.xml
/home/joaco/proy_ws/install/ros_environment/share/ros_environment/joy_handler.launch.py
/home/joaco/proy_ws/install/ros_environment/share/ros_environment/joy_node.launch.py
/home/joaco/proy_ws/install/ros_environment/lib/python3.10/site-packages/ros_environment-0.0.0-py3.10.egg-info/SOURCES.txt
/home/joaco/proy_ws/install/ros_environment/lib/python3.10/site-packages/ros_environment-0.0.0-py3.10.egg-info/dependency_links.txt
/home/joaco/proy_ws/install/ros_environment/lib/python3.10/site-packages/ros_environment-0.0.0-py3.10.egg-info/top_level.txt
/home/joaco/proy_ws/install/ros_environment/lib/python3.10/site-packages/ros_environment-0.0.0-py3.10.egg-info/entry_points.txt
/home/joaco/proy_ws/install/ros_environment/lib/python3.10/site-packages/ros_environment-0.0.0-py3.10.egg-info/requires.txt
/home/joaco/proy_ws/install/ros_environment/lib/python3.10/site-packages/ros_environment-0.0.0-py3.10.egg-info/zip-safe
/home/joaco/proy_ws/install/ros_environment/lib/python3.10/site-packages/ros_environment-0.0.0-py3.10.egg-info/PKG-INFO
/home/joaco/proy_ws/install/ros_environment/lib/ros_environment/joy_handler
