[35m[1mConsolidate compiler generated dependencies of target client[0m
[35m[1mConsolidate compiler generated dependencies of target server[0m
[ 50%] Built target client
[100%] Built target server
-- Install configuration: ""
-- Up-to-date: /home/joaco/proy_ws/install/diy_soft_gripper_driver/lib/diy_soft_gripper_driver/server
-- Up-to-date: /home/joaco/proy_ws/install/diy_soft_gripper_driver/lib/diy_soft_gripper_driver/client
-- Up-to-date: /home/joaco/proy_ws/install/diy_soft_gripper_driver/include/include
-- Up-to-date: /home/joaco/proy_ws/install/diy_soft_gripper_driver/include/include/diy_soft_gripper_driver
-- Up-to-date: /home/joaco/proy_ws/install/diy_soft_gripper_driver/include/include/diy_soft_gripper_driver/helpers.hpp
-- Up-to-date: /home/joaco/proy_ws/install/diy_soft_gripper_driver/include/include/diy_soft_gripper_driver/DataFormat.hpp
-- Up-to-date: /home/joaco/proy_ws/install/diy_soft_gripper_driver/include/include/diy_soft_gripper_driver/RobotConnection.hpp
-- Up-to-date: /home/joaco/proy_ws/install/diy_soft_gripper_driver/share/diy_soft_gripper_driver//launch
-- Up-to-date: /home/joaco/proy_ws/install/diy_soft_gripper_driver/share/diy_soft_gripper_driver//launch/test_controller.launch.py
-- Up-to-date: /home/joaco/proy_ws/install/diy_soft_gripper_driver/share/diy_soft_gripper_driver//launch/controller.launch.py
-- Up-to-date: /home/joaco/proy_ws/install/diy_soft_gripper_driver/share/ament_index/resource_index/package_run_dependencies/diy_soft_gripper_driver
-- Up-to-date: /home/joaco/proy_ws/install/diy_soft_gripper_driver/share/ament_index/resource_index/parent_prefix_path/diy_soft_gripper_driver
-- Up-to-date: /home/joaco/proy_ws/install/diy_soft_gripper_driver/share/diy_soft_gripper_driver/environment/ament_prefix_path.sh
-- Up-to-date: /home/joaco/proy_ws/install/diy_soft_gripper_driver/share/diy_soft_gripper_driver/environment/ament_prefix_path.dsv
-- Up-to-date: /home/joaco/proy_ws/install/diy_soft_gripper_driver/share/diy_soft_gripper_driver/environment/path.sh
-- Up-to-date: /home/joaco/proy_ws/install/diy_soft_gripper_driver/share/diy_soft_gripper_driver/environment/path.dsv
-- Up-to-date: /home/joaco/proy_ws/install/diy_soft_gripper_driver/share/diy_soft_gripper_driver/local_setup.bash
-- Up-to-date: /home/joaco/proy_ws/install/diy_soft_gripper_driver/share/diy_soft_gripper_driver/local_setup.sh
-- Up-to-date: /home/joaco/proy_ws/install/diy_soft_gripper_driver/share/diy_soft_gripper_driver/local_setup.zsh
-- Up-to-date: /home/joaco/proy_ws/install/diy_soft_gripper_driver/share/diy_soft_gripper_driver/local_setup.dsv
-- Installing: /home/joaco/proy_ws/install/diy_soft_gripper_driver/share/diy_soft_gripper_driver/package.dsv
-- Up-to-date: /home/joaco/proy_ws/install/diy_soft_gripper_driver/share/ament_index/resource_index/packages/diy_soft_gripper_driver
-- Up-to-date: /home/joaco/proy_ws/install/diy_soft_gripper_driver/share/diy_soft_gripper_driver/cmake/ament_cmake_export_include_directories-extras.cmake
-- Up-to-date: /home/joaco/proy_ws/install/diy_soft_gripper_driver/share/diy_soft_gripper_driver/cmake/diy_soft_gripper_driverConfig.cmake
-- Up-to-date: /home/joaco/proy_ws/install/diy_soft_gripper_driver/share/diy_soft_gripper_driver/cmake/diy_soft_gripper_driverConfig-version.cmake
-- Up-to-date: /home/joaco/proy_ws/install/diy_soft_gripper_driver/share/diy_soft_gripper_driver/package.xml
