[0.291s] DEBUG:colcon:Command line arguments: ['/usr/bin/colcon', 'build']
[0.291s] DEBUG:colcon:Parsed command line arguments: Namespace(log_base=None, log_level=None, verb_name='build', build_base='build', install_base='install', merge_install=False, symlink_install=False, test_result_base=None, continue_on_error=False, executor='parallel', parallel_workers=3, event_handlers=None, ignore_user_meta=False, metas=['./colcon.meta'], base_paths=['.'], packages_ignore=None, packages_ignore_regex=None, paths=None, packages_up_to=None, packages_up_to_regex=None, packages_above=None, packages_above_and_dependencies=None, packages_above_depth=None, packages_select_by_dep=None, packages_skip_by_dep=None, packages_skip_up_to=None, packages_select_build_failed=False, packages_skip_build_finished=False, packages_select_test_failures=False, packages_skip_test_passed=False, packages_select=None, packages_skip=None, packages_select_regex=None, packages_skip_regex=None, packages_start=None, packages_end=None, allow_overriding=[], cmake_args=None, cmake_target=None, cmake_target_skip_unavailable=False, cmake_clean_cache=False, cmake_clean_first=False, cmake_force_configure=False, ament_cmake_args=None, catkin_cmake_args=None, catkin_skip_building_tests=False, mixin_files=None, mixin=None, verb_parser=<colcon_mixin.mixin.mixin_argument.MixinArgumentDecorator object at 0x75f1f142bc40>, verb_extension=<colcon_core.verb.build.BuildVerb object at 0x75f1f142b730>, main=<bound method BuildVerb.main of <colcon_core.verb.build.BuildVerb object at 0x75f1f142b730>>, mixin_verb=('build',))
[0.744s] Level 1:colcon.colcon_core.package_discovery:discover_packages(colcon_meta) check parameters
[0.745s] Level 1:colcon.colcon_core.package_discovery:discover_packages(recursive) check parameters
[0.745s] Level 1:colcon.colcon_core.package_discovery:discover_packages(ignore) check parameters
[0.745s] Level 1:colcon.colcon_core.package_discovery:discover_packages(path) check parameters
[0.745s] Level 1:colcon.colcon_core.package_discovery:discover_packages(colcon_meta) discover
[0.745s] Level 1:colcon.colcon_core.package_discovery:discover_packages(recursive) discover
[0.745s] INFO:colcon.colcon_core.package_discovery:Crawling recursively for packages in '/home/joaco/proy_ws'
[0.745s] Level 1:colcon.colcon_core.package_identification:_identify(.) by extensions ['ignore', 'ignore_ament_install']
[0.746s] Level 1:colcon.colcon_core.package_identification:_identify(.) by extension 'ignore'
[0.746s] Level 1:colcon.colcon_core.package_identification:_identify(.) by extension 'ignore_ament_install'
[0.746s] Level 1:colcon.colcon_core.package_identification:_identify(.) by extensions ['colcon_pkg']
[0.746s] Level 1:colcon.colcon_core.package_identification:_identify(.) by extension 'colcon_pkg'
[0.746s] Level 1:colcon.colcon_core.package_identification:_identify(.) by extensions ['colcon_meta']
[0.746s] Level 1:colcon.colcon_core.package_identification:_identify(.) by extension 'colcon_meta'
[0.746s] Level 1:colcon.colcon_core.package_identification:_identify(.) by extensions ['ros']
[0.746s] Level 1:colcon.colcon_core.package_identification:_identify(.) by extension 'ros'
[0.773s] Level 1:colcon.colcon_core.package_identification:_identify(.) by extensions ['cmake', 'python']
[0.773s] Level 1:colcon.colcon_core.package_identification:_identify(.) by extension 'cmake'
[0.773s] Level 1:colcon.colcon_core.package_identification:_identify(.) by extension 'python'
[0.774s] Level 1:colcon.colcon_core.package_identification:_identify(.) by extensions ['python_setup_py']
[0.774s] Level 1:colcon.colcon_core.package_identification:_identify(.) by extension 'python_setup_py'
[0.774s] Level 1:colcon.colcon_core.package_identification:_identify(build) by extensions ['ignore', 'ignore_ament_install']
[0.774s] Level 1:colcon.colcon_core.package_identification:_identify(build) by extension 'ignore'
[0.774s] Level 1:colcon.colcon_core.package_identification:_identify(build) ignored
[0.775s] Level 1:colcon.colcon_core.package_identification:_identify(install) by extensions ['ignore', 'ignore_ament_install']
[0.775s] Level 1:colcon.colcon_core.package_identification:_identify(install) by extension 'ignore'
[0.775s] Level 1:colcon.colcon_core.package_identification:_identify(install) ignored
[0.775s] Level 1:colcon.colcon_core.package_identification:_identify(log) by extensions ['ignore', 'ignore_ament_install']
[0.775s] Level 1:colcon.colcon_core.package_identification:_identify(log) by extension 'ignore'
[0.776s] Level 1:colcon.colcon_core.package_identification:_identify(log) ignored
[0.776s] Level 1:colcon.colcon_core.package_identification:_identify(src) by extensions ['ignore', 'ignore_ament_install']
[0.776s] Level 1:colcon.colcon_core.package_identification:_identify(src) by extension 'ignore'
[0.776s] Level 1:colcon.colcon_core.package_identification:_identify(src) by extension 'ignore_ament_install'
[0.776s] Level 1:colcon.colcon_core.package_identification:_identify(src) by extensions ['colcon_pkg']
[0.776s] Level 1:colcon.colcon_core.package_identification:_identify(src) by extension 'colcon_pkg'
[0.776s] Level 1:colcon.colcon_core.package_identification:_identify(src) by extensions ['colcon_meta']
[0.776s] Level 1:colcon.colcon_core.package_identification:_identify(src) by extension 'colcon_meta'
[0.777s] Level 1:colcon.colcon_core.package_identification:_identify(src) by extensions ['ros']
[0.777s] Level 1:colcon.colcon_core.package_identification:_identify(src) by extension 'ros'
[0.777s] Level 1:colcon.colcon_core.package_identification:_identify(src) by extensions ['cmake', 'python']
[0.777s] Level 1:colcon.colcon_core.package_identification:_identify(src) by extension 'cmake'
[0.777s] Level 1:colcon.colcon_core.package_identification:_identify(src) by extension 'python'
[0.777s] Level 1:colcon.colcon_core.package_identification:_identify(src) by extensions ['python_setup_py']
[0.777s] Level 1:colcon.colcon_core.package_identification:_identify(src) by extension 'python_setup_py'
[0.777s] Level 1:colcon.colcon_core.package_identification:_identify(src/build) by extensions ['ignore', 'ignore_ament_install']
[0.778s] Level 1:colcon.colcon_core.package_identification:_identify(src/build) by extension 'ignore'
[0.778s] Level 1:colcon.colcon_core.package_identification:_identify(src/build) ignored
[0.778s] Level 1:colcon.colcon_core.package_identification:_identify(src/full_cell_description) by extensions ['ignore', 'ignore_ament_install']
[0.778s] Level 1:colcon.colcon_core.package_identification:_identify(src/full_cell_description) by extension 'ignore'
[0.778s] Level 1:colcon.colcon_core.package_identification:_identify(src/full_cell_description) by extension 'ignore_ament_install'
[0.778s] Level 1:colcon.colcon_core.package_identification:_identify(src/full_cell_description) by extensions ['colcon_pkg']
[0.778s] Level 1:colcon.colcon_core.package_identification:_identify(src/full_cell_description) by extension 'colcon_pkg'
[0.778s] Level 1:colcon.colcon_core.package_identification:_identify(src/full_cell_description) by extensions ['colcon_meta']
[0.778s] Level 1:colcon.colcon_core.package_identification:_identify(src/full_cell_description) by extension 'colcon_meta'
[0.778s] Level 1:colcon.colcon_core.package_identification:_identify(src/full_cell_description) by extensions ['ros']
[0.779s] Level 1:colcon.colcon_core.package_identification:_identify(src/full_cell_description) by extension 'ros'
[0.785s] DEBUG:colcon.colcon_core.package_identification:Package 'src/full_cell_description' with type 'ros.ament_cmake' and name 'full_cell_description'
[0.785s] Level 1:colcon.colcon_core.package_identification:_identify(src/install) by extensions ['ignore', 'ignore_ament_install']
[0.785s] Level 1:colcon.colcon_core.package_identification:_identify(src/install) by extension 'ignore'
[0.785s] Level 1:colcon.colcon_core.package_identification:_identify(src/install) ignored
[0.786s] Level 1:colcon.colcon_core.package_identification:_identify(src/log) by extensions ['ignore', 'ignore_ament_install']
[0.786s] Level 1:colcon.colcon_core.package_identification:_identify(src/log) by extension 'ignore'
[0.786s] Level 1:colcon.colcon_core.package_identification:_identify(src/log) ignored
[0.786s] Level 1:colcon.colcon_core.package_identification:_identify(src/my_gripper_description) by extensions ['ignore', 'ignore_ament_install']
[0.786s] Level 1:colcon.colcon_core.package_identification:_identify(src/my_gripper_description) by extension 'ignore'
[0.786s] Level 1:colcon.colcon_core.package_identification:_identify(src/my_gripper_description) by extension 'ignore_ament_install'
[0.787s] Level 1:colcon.colcon_core.package_identification:_identify(src/my_gripper_description) by extensions ['colcon_pkg']
[0.787s] Level 1:colcon.colcon_core.package_identification:_identify(src/my_gripper_description) by extension 'colcon_pkg'
[0.787s] Level 1:colcon.colcon_core.package_identification:_identify(src/my_gripper_description) by extensions ['colcon_meta']
[0.787s] Level 1:colcon.colcon_core.package_identification:_identify(src/my_gripper_description) by extension 'colcon_meta'
[0.787s] Level 1:colcon.colcon_core.package_identification:_identify(src/my_gripper_description) by extensions ['ros']
[0.787s] Level 1:colcon.colcon_core.package_identification:_identify(src/my_gripper_description) by extension 'ros'
[0.788s] DEBUG:colcon.colcon_core.package_identification:Package 'src/my_gripper_description' with type 'ros.ament_cmake' and name 'my_gripper_description'
[0.789s] Level 1:colcon.colcon_core.package_identification:_identify(src/my_robot_description) by extensions ['ignore', 'ignore_ament_install']
[0.789s] Level 1:colcon.colcon_core.package_identification:_identify(src/my_robot_description) by extension 'ignore'
[0.789s] Level 1:colcon.colcon_core.package_identification:_identify(src/my_robot_description) by extension 'ignore_ament_install'
[0.789s] Level 1:colcon.colcon_core.package_identification:_identify(src/my_robot_description) by extensions ['colcon_pkg']
[0.789s] Level 1:colcon.colcon_core.package_identification:_identify(src/my_robot_description) by extension 'colcon_pkg'
[0.789s] Level 1:colcon.colcon_core.package_identification:_identify(src/my_robot_description) by extensions ['colcon_meta']
[0.789s] Level 1:colcon.colcon_core.package_identification:_identify(src/my_robot_description) by extension 'colcon_meta'
[0.790s] Level 1:colcon.colcon_core.package_identification:_identify(src/my_robot_description) by extensions ['ros']
[0.790s] Level 1:colcon.colcon_core.package_identification:_identify(src/my_robot_description) by extension 'ros'
[0.791s] DEBUG:colcon.colcon_core.package_identification:Package 'src/my_robot_description' with type 'ros.ament_cmake' and name 'my_robot_description'
[0.791s] Level 1:colcon.colcon_core.package_discovery:discover_packages(recursive) using defaults
[0.791s] Level 1:colcon.colcon_core.package_discovery:discover_packages(ignore) discover
[0.791s] Level 1:colcon.colcon_core.package_discovery:discover_packages(ignore) using defaults
[0.791s] Level 1:colcon.colcon_core.package_discovery:discover_packages(path) discover
[0.792s] Level 1:colcon.colcon_core.package_discovery:discover_packages(path) using defaults
[0.870s] Level 1:colcon.colcon_core.package_discovery:discover_packages(prefix_path) check parameters
[0.871s] Level 1:colcon.colcon_core.package_discovery:discover_packages(prefix_path) discover
[0.881s] DEBUG:colcon.colcon_installed_package_information.package_discovery:Found 3 installed packages in /home/joaco/proy_ws/install
[0.887s] DEBUG:colcon.colcon_installed_package_information.package_discovery:Found 64 installed packages in /home/joaco/ws_moveit2/install
[0.891s] DEBUG:colcon.colcon_installed_package_information.package_discovery:Found 359 installed packages in /opt/ros/humble
[0.896s] Level 1:colcon.colcon_core.package_discovery:discover_packages(prefix_path) using defaults
[1.017s] Level 5:colcon.colcon_core.verb:set package 'my_gripper_description' build argument 'cmake_args' from command line to 'None'
[1.018s] Level 5:colcon.colcon_core.verb:set package 'my_gripper_description' build argument 'cmake_target' from command line to 'None'
[1.018s] Level 5:colcon.colcon_core.verb:set package 'my_gripper_description' build argument 'cmake_target_skip_unavailable' from command line to 'False'
[1.018s] Level 5:colcon.colcon_core.verb:set package 'my_gripper_description' build argument 'cmake_clean_cache' from command line to 'False'
[1.018s] Level 5:colcon.colcon_core.verb:set package 'my_gripper_description' build argument 'cmake_clean_first' from command line to 'False'
[1.018s] Level 5:colcon.colcon_core.verb:set package 'my_gripper_description' build argument 'cmake_force_configure' from command line to 'False'
[1.018s] Level 5:colcon.colcon_core.verb:set package 'my_gripper_description' build argument 'ament_cmake_args' from command line to 'None'
[1.018s] Level 5:colcon.colcon_core.verb:set package 'my_gripper_description' build argument 'catkin_cmake_args' from command line to 'None'
[1.018s] Level 5:colcon.colcon_core.verb:set package 'my_gripper_description' build argument 'catkin_skip_building_tests' from command line to 'False'
[1.018s] DEBUG:colcon.colcon_core.verb:Building package 'my_gripper_description' with the following arguments: {'ament_cmake_args': None, 'build_base': '/home/joaco/proy_ws/build/my_gripper_description', 'catkin_cmake_args': None, 'catkin_skip_building_tests': False, 'cmake_args': None, 'cmake_clean_cache': False, 'cmake_clean_first': False, 'cmake_force_configure': False, 'cmake_target': None, 'cmake_target_skip_unavailable': False, 'install_base': '/home/joaco/proy_ws/install/my_gripper_description', 'merge_install': False, 'path': '/home/joaco/proy_ws/src/my_gripper_description', 'symlink_install': False, 'test_result_base': None}
[1.019s] Level 5:colcon.colcon_core.verb:set package 'my_robot_description' build argument 'cmake_args' from command line to 'None'
[1.019s] Level 5:colcon.colcon_core.verb:set package 'my_robot_description' build argument 'cmake_target' from command line to 'None'
[1.019s] Level 5:colcon.colcon_core.verb:set package 'my_robot_description' build argument 'cmake_target_skip_unavailable' from command line to 'False'
[1.019s] Level 5:colcon.colcon_core.verb:set package 'my_robot_description' build argument 'cmake_clean_cache' from command line to 'False'
[1.019s] Level 5:colcon.colcon_core.verb:set package 'my_robot_description' build argument 'cmake_clean_first' from command line to 'False'
[1.019s] Level 5:colcon.colcon_core.verb:set package 'my_robot_description' build argument 'cmake_force_configure' from command line to 'False'
[1.020s] Level 5:colcon.colcon_core.verb:set package 'my_robot_description' build argument 'ament_cmake_args' from command line to 'None'
[1.020s] Level 5:colcon.colcon_core.verb:set package 'my_robot_description' build argument 'catkin_cmake_args' from command line to 'None'
[1.020s] Level 5:colcon.colcon_core.verb:set package 'my_robot_description' build argument 'catkin_skip_building_tests' from command line to 'False'
[1.020s] DEBUG:colcon.colcon_core.verb:Building package 'my_robot_description' with the following arguments: {'ament_cmake_args': None, 'build_base': '/home/joaco/proy_ws/build/my_robot_description', 'catkin_cmake_args': None, 'catkin_skip_building_tests': False, 'cmake_args': None, 'cmake_clean_cache': False, 'cmake_clean_first': False, 'cmake_force_configure': False, 'cmake_target': None, 'cmake_target_skip_unavailable': False, 'install_base': '/home/joaco/proy_ws/install/my_robot_description', 'merge_install': False, 'path': '/home/joaco/proy_ws/src/my_robot_description', 'symlink_install': False, 'test_result_base': None}
[1.021s] Level 5:colcon.colcon_core.verb:set package 'full_cell_description' build argument 'cmake_args' from command line to 'None'
[1.021s] Level 5:colcon.colcon_core.verb:set package 'full_cell_description' build argument 'cmake_target' from command line to 'None'
[1.021s] Level 5:colcon.colcon_core.verb:set package 'full_cell_description' build argument 'cmake_target_skip_unavailable' from command line to 'False'
[1.021s] Level 5:colcon.colcon_core.verb:set package 'full_cell_description' build argument 'cmake_clean_cache' from command line to 'False'
[1.021s] Level 5:colcon.colcon_core.verb:set package 'full_cell_description' build argument 'cmake_clean_first' from command line to 'False'
[1.021s] Level 5:colcon.colcon_core.verb:set package 'full_cell_description' build argument 'cmake_force_configure' from command line to 'False'
[1.021s] Level 5:colcon.colcon_core.verb:set package 'full_cell_description' build argument 'ament_cmake_args' from command line to 'None'
[1.021s] Level 5:colcon.colcon_core.verb:set package 'full_cell_description' build argument 'catkin_cmake_args' from command line to 'None'
[1.021s] Level 5:colcon.colcon_core.verb:set package 'full_cell_description' build argument 'catkin_skip_building_tests' from command line to 'False'
[1.021s] DEBUG:colcon.colcon_core.verb:Building package 'full_cell_description' with the following arguments: {'ament_cmake_args': None, 'build_base': '/home/joaco/proy_ws/build/full_cell_description', 'catkin_cmake_args': None, 'catkin_skip_building_tests': False, 'cmake_args': None, 'cmake_clean_cache': False, 'cmake_clean_first': False, 'cmake_force_configure': False, 'cmake_target': None, 'cmake_target_skip_unavailable': False, 'install_base': '/home/joaco/proy_ws/install/full_cell_description', 'merge_install': False, 'path': '/home/joaco/proy_ws/src/full_cell_description', 'symlink_install': False, 'test_result_base': None}
[1.022s] INFO:colcon.colcon_core.executor:Executing jobs using 'parallel' executor
[1.024s] DEBUG:colcon.colcon_parallel_executor.executor.parallel:run_until_complete
[1.026s] INFO:colcon.colcon_ros.task.ament_cmake.build:Building ROS package in '/home/joaco/proy_ws/src/my_gripper_description' with build type 'ament_cmake'
[1.026s] INFO:colcon.colcon_cmake.task.cmake.build:Building CMake package in '/home/joaco/proy_ws/src/my_gripper_description'
[1.031s] INFO:colcon.colcon_core.plugin_system:Skipping extension 'colcon_core.shell.bat': Not used on non-Windows systems
[1.031s] INFO:colcon.colcon_core.shell:Skip shell extension 'powershell' for command environment: Not usable outside of PowerShell
[1.031s] DEBUG:colcon.colcon_core.shell:Skip shell extension 'dsv' for command environment
[1.054s] INFO:colcon.colcon_ros.task.ament_cmake.build:Building ROS package in '/home/joaco/proy_ws/src/my_robot_description' with build type 'ament_cmake'
[1.055s] INFO:colcon.colcon_cmake.task.cmake.build:Building CMake package in '/home/joaco/proy_ws/src/my_robot_description'
[1.056s] INFO:colcon.colcon_core.shell:Skip shell extension 'powershell' for command environment: Not usable outside of PowerShell
[1.056s] DEBUG:colcon.colcon_core.shell:Skip shell extension 'dsv' for command environment
[1.086s] DEBUG:colcon.colcon_core.event_handler.log_command:Invoking command in '/home/joaco/proy_ws/build/my_gripper_description': CMAKE_PREFIX_PATH=${CMAKE_PREFIX_PATH}:/home/joaco/ws_moveit2/install/moveit_configs_utils:/home/joaco/ws_moveit2/install/ros_environment:/home/joaco/ws_moveit2/install/launch_param_builder:/home/joaco/ws_moveit2/install/diy_robot_application:/opt/ros/humble /usr/bin/cmake --build /home/joaco/proy_ws/build/my_gripper_description -- -j3 -l3
[1.113s] DEBUG:colcon.colcon_core.event_handler.log_command:Invoking command in '/home/joaco/proy_ws/build/my_robot_description': CMAKE_PREFIX_PATH=${CMAKE_PREFIX_PATH}:/home/joaco/ws_moveit2/install/moveit_configs_utils:/home/joaco/ws_moveit2/install/ros_environment:/home/joaco/ws_moveit2/install/launch_param_builder:/home/joaco/ws_moveit2/install/diy_robot_application:/opt/ros/humble /usr/bin/cmake --build /home/joaco/proy_ws/build/my_robot_description -- -j3 -l3
[1.271s] DEBUG:colcon.colcon_core.event_handler.log_command:Invoked command in '/home/joaco/proy_ws/build/my_gripper_description' returned '0': CMAKE_PREFIX_PATH=${CMAKE_PREFIX_PATH}:/home/joaco/ws_moveit2/install/moveit_configs_utils:/home/joaco/ws_moveit2/install/ros_environment:/home/joaco/ws_moveit2/install/launch_param_builder:/home/joaco/ws_moveit2/install/diy_robot_application:/opt/ros/humble /usr/bin/cmake --build /home/joaco/proy_ws/build/my_gripper_description -- -j3 -l3
[1.289s] DEBUG:colcon.colcon_core.event_handler.log_command:Invoked command in '/home/joaco/proy_ws/build/my_robot_description' returned '0': CMAKE_PREFIX_PATH=${CMAKE_PREFIX_PATH}:/home/joaco/ws_moveit2/install/moveit_configs_utils:/home/joaco/ws_moveit2/install/ros_environment:/home/joaco/ws_moveit2/install/launch_param_builder:/home/joaco/ws_moveit2/install/diy_robot_application:/opt/ros/humble /usr/bin/cmake --build /home/joaco/proy_ws/build/my_robot_description -- -j3 -l3
[1.419s] DEBUG:colcon.colcon_core.event_handler.log_command:Invoking command in '/home/joaco/proy_ws/build/my_gripper_description': CMAKE_PREFIX_PATH=${CMAKE_PREFIX_PATH}:/home/joaco/ws_moveit2/install/moveit_configs_utils:/home/joaco/ws_moveit2/install/ros_environment:/home/joaco/ws_moveit2/install/launch_param_builder:/home/joaco/ws_moveit2/install/diy_robot_application:/opt/ros/humble /usr/bin/cmake --install /home/joaco/proy_ws/build/my_gripper_description
[1.424s] DEBUG:colcon.colcon_core.event_handler.log_command:Invoking command in '/home/joaco/proy_ws/build/my_robot_description': CMAKE_PREFIX_PATH=${CMAKE_PREFIX_PATH}:/home/joaco/ws_moveit2/install/moveit_configs_utils:/home/joaco/ws_moveit2/install/ros_environment:/home/joaco/ws_moveit2/install/launch_param_builder:/home/joaco/ws_moveit2/install/diy_robot_application:/opt/ros/humble /usr/bin/cmake --install /home/joaco/proy_ws/build/my_robot_description
[1.464s] Level 1:colcon.colcon_core.environment:create_environment_scripts_only(my_gripper_description)
[1.479s] DEBUG:colcon.colcon_core.event_handler.log_command:Invoked command in '/home/joaco/proy_ws/build/my_gripper_description' returned '0': CMAKE_PREFIX_PATH=${CMAKE_PREFIX_PATH}:/home/joaco/ws_moveit2/install/moveit_configs_utils:/home/joaco/ws_moveit2/install/ros_environment:/home/joaco/ws_moveit2/install/launch_param_builder:/home/joaco/ws_moveit2/install/diy_robot_application:/opt/ros/humble /usr/bin/cmake --install /home/joaco/proy_ws/build/my_gripper_description
[1.482s] Level 1:colcon.colcon_core.environment:checking '/home/joaco/proy_ws/install/my_gripper_description' for CMake module files
[1.483s] Level 1:colcon.colcon_core.environment:checking '/home/joaco/proy_ws/install/my_gripper_description' for CMake config files
[1.484s] Level 1:colcon.colcon_core.shell:create_environment_hook('my_gripper_description', 'cmake_prefix_path')
[1.484s] INFO:colcon.colcon_core.shell:Creating environment hook '/home/joaco/proy_ws/install/my_gripper_description/share/my_gripper_description/hook/cmake_prefix_path.ps1'
[1.485s] INFO:colcon.colcon_core.shell:Creating environment descriptor '/home/joaco/proy_ws/install/my_gripper_description/share/my_gripper_description/hook/cmake_prefix_path.dsv'
[1.487s] INFO:colcon.colcon_core.shell:Creating environment hook '/home/joaco/proy_ws/install/my_gripper_description/share/my_gripper_description/hook/cmake_prefix_path.sh'
[1.489s] Level 1:colcon.colcon_core.environment:checking '/home/joaco/proy_ws/install/my_gripper_description/bin'
[1.489s] Level 1:colcon.colcon_core.environment:checking '/home/joaco/proy_ws/install/my_gripper_description/lib/pkgconfig/my_gripper_description.pc'
[1.490s] Level 1:colcon.colcon_core.environment:checking '/home/joaco/proy_ws/install/my_gripper_description/lib/python3.10/site-packages'
[1.491s] Level 1:colcon.colcon_core.environment:checking '/home/joaco/proy_ws/install/my_gripper_description/bin'
[1.491s] INFO:colcon.colcon_core.shell:Creating package script '/home/joaco/proy_ws/install/my_gripper_description/share/my_gripper_description/package.ps1'
[1.493s] INFO:colcon.colcon_core.shell:Creating package descriptor '/home/joaco/proy_ws/install/my_gripper_description/share/my_gripper_description/package.dsv'
[1.494s] INFO:colcon.colcon_core.shell:Creating package script '/home/joaco/proy_ws/install/my_gripper_description/share/my_gripper_description/package.sh'
[1.496s] INFO:colcon.colcon_core.shell:Creating package script '/home/joaco/proy_ws/install/my_gripper_description/share/my_gripper_description/package.bash'
[1.498s] INFO:colcon.colcon_core.shell:Creating package script '/home/joaco/proy_ws/install/my_gripper_description/share/my_gripper_description/package.zsh'
[1.500s] Level 1:colcon.colcon_core.environment:create_file_with_runtime_dependencies(/home/joaco/proy_ws/install/my_gripper_description/share/colcon-core/packages/my_gripper_description)
[1.504s] Level 1:colcon.colcon_core.environment:create_environment_scripts_only(my_robot_description)
[1.504s] Level 1:colcon.colcon_core.environment:checking '/home/joaco/proy_ws/install/my_robot_description' for CMake module files
[1.505s] DEBUG:colcon.colcon_core.event_handler.log_command:Invoked command in '/home/joaco/proy_ws/build/my_robot_description' returned '0': CMAKE_PREFIX_PATH=${CMAKE_PREFIX_PATH}:/home/joaco/ws_moveit2/install/moveit_configs_utils:/home/joaco/ws_moveit2/install/ros_environment:/home/joaco/ws_moveit2/install/launch_param_builder:/home/joaco/ws_moveit2/install/diy_robot_application:/opt/ros/humble /usr/bin/cmake --install /home/joaco/proy_ws/build/my_robot_description
[1.507s] Level 1:colcon.colcon_core.environment:checking '/home/joaco/proy_ws/install/my_robot_description' for CMake config files
[1.507s] Level 1:colcon.colcon_core.shell:create_environment_hook('my_robot_description', 'cmake_prefix_path')
[1.508s] INFO:colcon.colcon_core.shell:Creating environment hook '/home/joaco/proy_ws/install/my_robot_description/share/my_robot_description/hook/cmake_prefix_path.ps1'
[1.509s] INFO:colcon.colcon_core.shell:Creating environment descriptor '/home/joaco/proy_ws/install/my_robot_description/share/my_robot_description/hook/cmake_prefix_path.dsv'
[1.510s] INFO:colcon.colcon_core.shell:Creating environment hook '/home/joaco/proy_ws/install/my_robot_description/share/my_robot_description/hook/cmake_prefix_path.sh'
[1.511s] Level 1:colcon.colcon_core.environment:checking '/home/joaco/proy_ws/install/my_robot_description/bin'
[1.511s] Level 1:colcon.colcon_core.environment:checking '/home/joaco/proy_ws/install/my_robot_description/lib/pkgconfig/my_robot_description.pc'
[1.512s] Level 1:colcon.colcon_core.environment:checking '/home/joaco/proy_ws/install/my_robot_description/lib/python3.10/site-packages'
[1.512s] Level 1:colcon.colcon_core.environment:checking '/home/joaco/proy_ws/install/my_robot_description/bin'
[1.513s] INFO:colcon.colcon_core.shell:Creating package script '/home/joaco/proy_ws/install/my_robot_description/share/my_robot_description/package.ps1'
[1.514s] INFO:colcon.colcon_core.shell:Creating package descriptor '/home/joaco/proy_ws/install/my_robot_description/share/my_robot_description/package.dsv'
[1.515s] INFO:colcon.colcon_core.shell:Creating package script '/home/joaco/proy_ws/install/my_robot_description/share/my_robot_description/package.sh'
[1.516s] INFO:colcon.colcon_core.shell:Creating package script '/home/joaco/proy_ws/install/my_robot_description/share/my_robot_description/package.bash'
[1.517s] INFO:colcon.colcon_core.shell:Creating package script '/home/joaco/proy_ws/install/my_robot_description/share/my_robot_description/package.zsh'
[1.518s] Level 1:colcon.colcon_core.environment:create_file_with_runtime_dependencies(/home/joaco/proy_ws/install/my_robot_description/share/colcon-core/packages/my_robot_description)
[1.612s] Level 1:colcon.colcon_core.environment:create_environment_scripts_only(my_gripper_description)
[1.613s] Level 1:colcon.colcon_core.environment:checking '/home/joaco/proy_ws/install/my_gripper_description' for CMake module files
[1.614s] Level 1:colcon.colcon_core.environment:checking '/home/joaco/proy_ws/install/my_gripper_description' for CMake config files
[1.614s] Level 1:colcon.colcon_core.shell:create_environment_hook('my_gripper_description', 'cmake_prefix_path')
[1.615s] INFO:colcon.colcon_core.shell:Creating environment hook '/home/joaco/proy_ws/install/my_gripper_description/share/my_gripper_description/hook/cmake_prefix_path.ps1'
[1.616s] INFO:colcon.colcon_core.shell:Creating environment descriptor '/home/joaco/proy_ws/install/my_gripper_description/share/my_gripper_description/hook/cmake_prefix_path.dsv'
[1.617s] INFO:colcon.colcon_core.shell:Creating environment hook '/home/joaco/proy_ws/install/my_gripper_description/share/my_gripper_description/hook/cmake_prefix_path.sh'
[1.618s] Level 1:colcon.colcon_core.environment:checking '/home/joaco/proy_ws/install/my_gripper_description/bin'
[1.619s] Level 1:colcon.colcon_core.environment:checking '/home/joaco/proy_ws/install/my_gripper_description/lib/pkgconfig/my_gripper_description.pc'
[1.619s] Level 1:colcon.colcon_core.environment:checking '/home/joaco/proy_ws/install/my_gripper_description/lib/python3.10/site-packages'
[1.619s] Level 1:colcon.colcon_core.environment:checking '/home/joaco/proy_ws/install/my_gripper_description/bin'
[1.621s] INFO:colcon.colcon_core.shell:Creating package script '/home/joaco/proy_ws/install/my_gripper_description/share/my_gripper_description/package.ps1'
[1.622s] INFO:colcon.colcon_core.shell:Creating package descriptor '/home/joaco/proy_ws/install/my_gripper_description/share/my_gripper_description/package.dsv'
[1.623s] INFO:colcon.colcon_core.shell:Creating package script '/home/joaco/proy_ws/install/my_gripper_description/share/my_gripper_description/package.sh'
[1.625s] INFO:colcon.colcon_core.shell:Creating package script '/home/joaco/proy_ws/install/my_gripper_description/share/my_gripper_description/package.bash'
[1.626s] INFO:colcon.colcon_core.shell:Creating package script '/home/joaco/proy_ws/install/my_gripper_description/share/my_gripper_description/package.zsh'
[1.627s] Level 1:colcon.colcon_core.environment:create_file_with_runtime_dependencies(/home/joaco/proy_ws/install/my_gripper_description/share/colcon-core/packages/my_gripper_description)
[1.630s] Level 1:colcon.colcon_core.environment:create_environment_scripts_only(my_robot_description)
[1.631s] Level 1:colcon.colcon_core.environment:checking '/home/joaco/proy_ws/install/my_robot_description' for CMake module files
[1.632s] Level 1:colcon.colcon_core.environment:checking '/home/joaco/proy_ws/install/my_robot_description' for CMake config files
[1.633s] Level 1:colcon.colcon_core.shell:create_environment_hook('my_robot_description', 'cmake_prefix_path')
[1.633s] INFO:colcon.colcon_core.shell:Creating environment hook '/home/joaco/proy_ws/install/my_robot_description/share/my_robot_description/hook/cmake_prefix_path.ps1'
[1.634s] INFO:colcon.colcon_core.shell:Creating environment descriptor '/home/joaco/proy_ws/install/my_robot_description/share/my_robot_description/hook/cmake_prefix_path.dsv'
[1.635s] INFO:colcon.colcon_core.shell:Creating environment hook '/home/joaco/proy_ws/install/my_robot_description/share/my_robot_description/hook/cmake_prefix_path.sh'
[1.637s] Level 1:colcon.colcon_core.environment:checking '/home/joaco/proy_ws/install/my_robot_description/bin'
[1.637s] Level 1:colcon.colcon_core.environment:checking '/home/joaco/proy_ws/install/my_robot_description/lib/pkgconfig/my_robot_description.pc'
[1.637s] Level 1:colcon.colcon_core.environment:checking '/home/joaco/proy_ws/install/my_robot_description/lib/python3.10/site-packages'
[1.637s] Level 1:colcon.colcon_core.environment:checking '/home/joaco/proy_ws/install/my_robot_description/bin'
[1.638s] INFO:colcon.colcon_core.shell:Creating package script '/home/joaco/proy_ws/install/my_robot_description/share/my_robot_description/package.ps1'
[1.639s] INFO:colcon.colcon_core.shell:Creating package descriptor '/home/joaco/proy_ws/install/my_robot_description/share/my_robot_description/package.dsv'
[1.641s] INFO:colcon.colcon_core.shell:Creating package script '/home/joaco/proy_ws/install/my_robot_description/share/my_robot_description/package.sh'
[1.643s] INFO:colcon.colcon_core.shell:Creating package script '/home/joaco/proy_ws/install/my_robot_description/share/my_robot_description/package.bash'
[1.644s] INFO:colcon.colcon_core.shell:Creating package script '/home/joaco/proy_ws/install/my_robot_description/share/my_robot_description/package.zsh'
[1.645s] Level 1:colcon.colcon_core.environment:create_file_with_runtime_dependencies(/home/joaco/proy_ws/install/my_robot_description/share/colcon-core/packages/my_robot_description)
[1.646s] INFO:colcon.colcon_ros.task.ament_cmake.build:Building ROS package in '/home/joaco/proy_ws/src/full_cell_description' with build type 'ament_cmake'
[1.647s] INFO:colcon.colcon_cmake.task.cmake.build:Building CMake package in '/home/joaco/proy_ws/src/full_cell_description'
[1.647s] INFO:colcon.colcon_core.shell:Skip shell extension 'powershell' for command environment: Not usable outside of PowerShell
[1.647s] DEBUG:colcon.colcon_core.shell:Skip shell extension 'dsv' for command environment
[1.693s] DEBUG:colcon.colcon_core.event_handler.log_command:Invoking command in '/home/joaco/proy_ws/build/full_cell_description': CMAKE_PREFIX_PATH=/home/joaco/proy_ws/install/my_robot_description:/home/joaco/proy_ws/install/my_gripper_description:/home/joaco/proy_ws/install/full_cell_description:/home/joaco/ws_moveit2/install/pilz_industrial_motion_planner_testutils:/home/joaco/ws_moveit2/install/moveit_runtime:/home/joaco/ws_moveit2/install/moveit2_tutorials:/home/joaco/ws_moveit2/install/moveit:/home/joaco/ws_moveit2/install/moveit_planners:/home/joaco/ws_moveit2/install/pilz_industrial_motion_planner:/home/joaco/ws_moveit2/install/mtc_tutorial:/home/joaco/ws_moveit2/install/hello_moveit:/home/joaco/ws_moveit2/install/moveit_visual_tools:/home/joaco/ws_moveit2/install/moveit_task_constructor_visualization:/home/joaco/ws_moveit2/install/moveit_task_constructor_demo:/home/joaco/ws_moveit2/install/moveit_task_constructor_capabilities:/home/joaco/ws_moveit2/install/moveit_task_constructor_core:/home/joaco/ws_moveit2/install/moveit_ros_control_interface:/home/joaco/ws_moveit2/install/moveit_plugins:/home/joaco/ws_moveit2/install/moveit_simple_controller_manager:/home/joaco/ws_moveit2/install/moveit_setup_assistant:/home/joaco/ws_moveit2/install/moveit_setup_srdf_plugins:/home/joaco/ws_moveit2/install/moveit_setup_core_plugins:/home/joaco/ws_moveit2/install/moveit_setup_controllers:/home/joaco/ws_moveit2/install/moveit_setup_app_plugins:/home/joaco/ws_moveit2/install/moveit_setup_framework:/home/joaco/ws_moveit2/install/moveit_servo:/home/joaco/ws_moveit2/install/moveit_ros:/home/joaco/ws_moveit2/install/moveit_ros_visualization:/home/joaco/ws_moveit2/install/moveit_hybrid_planning:/home/joaco/ws_moveit2/install/moveit_ros_planning_interface:/home/joaco/ws_moveit2/install/moveit_ros_benchmarks:/home/joaco/ws_moveit2/install/moveit_ros_warehouse:/home/joaco/ws_moveit2/install/moveit_ros_robot_interaction:/home/joaco/ws_moveit2/install/moveit_ros_perception:/home/joaco/ws_moveit2/install/moveit_resources_prbt_pg70_support:/home/joaco/ws_moveit2/install/moveit_resources_prbt_moveit_config:/home/joaco/ws_moveit2/install/moveit_ros_move_group:/home/joaco/ws_moveit2/install/moveit_planners_ompl:/home/joaco/ws_moveit2/install/moveit_ros_planning:/home/joaco/ws_moveit2/install/moveit_ros_occupancy_map_monitor:/home/joaco/ws_moveit2/install/moveit_resources_prbt_ikfast_manipulator_plugin:/home/joaco/ws_moveit2/install/moveit_planners_chomp:/home/joaco/ws_moveit2/install/moveit_kinematics:/home/joaco/ws_moveit2/install/moveit_chomp_optimizer_adapter:/home/joaco/ws_moveit2/install/chomp_motion_planner:/home/joaco/ws_moveit2/install/moveit_core:/home/joaco/ws_moveit2/install/srdfdom:/home/joaco/ws_moveit2/install/rviz_marker_tools:/home/joaco/ws_moveit2/install/rosparam_shortcuts:/home/joaco/ws_moveit2/install/moveit_task_constructor_msgs:/home/joaco/ws_moveit2/install/moveit_resources_prbt_support:/home/joaco/ws_moveit2/install/moveit_resources:/home/joaco/ws_moveit2/install/moveit_resources_pr2_description:/home/joaco/ws_moveit2/install/moveit_resources_panda_moveit_config:/home/joaco/ws_moveit2/install/moveit_resources_panda_description:/home/joaco/ws_moveit2/install/moveit_resources_fanuc_moveit_config:/home/joaco/ws_moveit2/install/moveit_resources_fanuc_description:/home/joaco/ws_moveit2/install/moveit_common:/home/joaco/ws_moveit2/install/diy_robot_full_cell_description:/home/joaco/ws_moveit2/install/diy_soft_gripper_description:/home/joaco/ws_moveit2/install/diy_robotarm_wer24_description:/home/joaco/ws_moveit2/install/diy_robot_wer24_moveit:/home/joaco/ws_moveit2/install/moveit_configs_utils:/home/joaco/ws_moveit2/install/ros_environment:/home/joaco/ws_moveit2/install/launch_param_builder:/home/joaco/ws_moveit2/install/diy_robot_application:/opt/ros/humble /usr/bin/cmake --build /home/joaco/proy_ws/build/full_cell_description -- -j3 -l3
[1.834s] DEBUG:colcon.colcon_core.event_handler.log_command:Invoked command in '/home/joaco/proy_ws/build/full_cell_description' returned '0': CMAKE_PREFIX_PATH=/home/joaco/proy_ws/install/my_robot_description:/home/joaco/proy_ws/install/my_gripper_description:/home/joaco/proy_ws/install/full_cell_description:/home/joaco/ws_moveit2/install/pilz_industrial_motion_planner_testutils:/home/joaco/ws_moveit2/install/moveit_runtime:/home/joaco/ws_moveit2/install/moveit2_tutorials:/home/joaco/ws_moveit2/install/moveit:/home/joaco/ws_moveit2/install/moveit_planners:/home/joaco/ws_moveit2/install/pilz_industrial_motion_planner:/home/joaco/ws_moveit2/install/mtc_tutorial:/home/joaco/ws_moveit2/install/hello_moveit:/home/joaco/ws_moveit2/install/moveit_visual_tools:/home/joaco/ws_moveit2/install/moveit_task_constructor_visualization:/home/joaco/ws_moveit2/install/moveit_task_constructor_demo:/home/joaco/ws_moveit2/install/moveit_task_constructor_capabilities:/home/joaco/ws_moveit2/install/moveit_task_constructor_core:/home/joaco/ws_moveit2/install/moveit_ros_control_interface:/home/joaco/ws_moveit2/install/moveit_plugins:/home/joaco/ws_moveit2/install/moveit_simple_controller_manager:/home/joaco/ws_moveit2/install/moveit_setup_assistant:/home/joaco/ws_moveit2/install/moveit_setup_srdf_plugins:/home/joaco/ws_moveit2/install/moveit_setup_core_plugins:/home/joaco/ws_moveit2/install/moveit_setup_controllers:/home/joaco/ws_moveit2/install/moveit_setup_app_plugins:/home/joaco/ws_moveit2/install/moveit_setup_framework:/home/joaco/ws_moveit2/install/moveit_servo:/home/joaco/ws_moveit2/install/moveit_ros:/home/joaco/ws_moveit2/install/moveit_ros_visualization:/home/joaco/ws_moveit2/install/moveit_hybrid_planning:/home/joaco/ws_moveit2/install/moveit_ros_planning_interface:/home/joaco/ws_moveit2/install/moveit_ros_benchmarks:/home/joaco/ws_moveit2/install/moveit_ros_warehouse:/home/joaco/ws_moveit2/install/moveit_ros_robot_interaction:/home/joaco/ws_moveit2/install/moveit_ros_perception:/home/joaco/ws_moveit2/install/moveit_resources_prbt_pg70_support:/home/joaco/ws_moveit2/install/moveit_resources_prbt_moveit_config:/home/joaco/ws_moveit2/install/moveit_ros_move_group:/home/joaco/ws_moveit2/install/moveit_planners_ompl:/home/joaco/ws_moveit2/install/moveit_ros_planning:/home/joaco/ws_moveit2/install/moveit_ros_occupancy_map_monitor:/home/joaco/ws_moveit2/install/moveit_resources_prbt_ikfast_manipulator_plugin:/home/joaco/ws_moveit2/install/moveit_planners_chomp:/home/joaco/ws_moveit2/install/moveit_kinematics:/home/joaco/ws_moveit2/install/moveit_chomp_optimizer_adapter:/home/joaco/ws_moveit2/install/chomp_motion_planner:/home/joaco/ws_moveit2/install/moveit_core:/home/joaco/ws_moveit2/install/srdfdom:/home/joaco/ws_moveit2/install/rviz_marker_tools:/home/joaco/ws_moveit2/install/rosparam_shortcuts:/home/joaco/ws_moveit2/install/moveit_task_constructor_msgs:/home/joaco/ws_moveit2/install/moveit_resources_prbt_support:/home/joaco/ws_moveit2/install/moveit_resources:/home/joaco/ws_moveit2/install/moveit_resources_pr2_description:/home/joaco/ws_moveit2/install/moveit_resources_panda_moveit_config:/home/joaco/ws_moveit2/install/moveit_resources_panda_description:/home/joaco/ws_moveit2/install/moveit_resources_fanuc_moveit_config:/home/joaco/ws_moveit2/install/moveit_resources_fanuc_description:/home/joaco/ws_moveit2/install/moveit_common:/home/joaco/ws_moveit2/install/diy_robot_full_cell_description:/home/joaco/ws_moveit2/install/diy_soft_gripper_description:/home/joaco/ws_moveit2/install/diy_robotarm_wer24_description:/home/joaco/ws_moveit2/install/diy_robot_wer24_moveit:/home/joaco/ws_moveit2/install/moveit_configs_utils:/home/joaco/ws_moveit2/install/ros_environment:/home/joaco/ws_moveit2/install/launch_param_builder:/home/joaco/ws_moveit2/install/diy_robot_application:/opt/ros/humble /usr/bin/cmake --build /home/joaco/proy_ws/build/full_cell_description -- -j3 -l3
[1.935s] DEBUG:colcon.colcon_core.event_handler.log_command:Invoking command in '/home/joaco/proy_ws/build/full_cell_description': CMAKE_PREFIX_PATH=/home/joaco/proy_ws/install/my_robot_description:/home/joaco/proy_ws/install/my_gripper_description:/home/joaco/proy_ws/install/full_cell_description:/home/joaco/ws_moveit2/install/pilz_industrial_motion_planner_testutils:/home/joaco/ws_moveit2/install/moveit_runtime:/home/joaco/ws_moveit2/install/moveit2_tutorials:/home/joaco/ws_moveit2/install/moveit:/home/joaco/ws_moveit2/install/moveit_planners:/home/joaco/ws_moveit2/install/pilz_industrial_motion_planner:/home/joaco/ws_moveit2/install/mtc_tutorial:/home/joaco/ws_moveit2/install/hello_moveit:/home/joaco/ws_moveit2/install/moveit_visual_tools:/home/joaco/ws_moveit2/install/moveit_task_constructor_visualization:/home/joaco/ws_moveit2/install/moveit_task_constructor_demo:/home/joaco/ws_moveit2/install/moveit_task_constructor_capabilities:/home/joaco/ws_moveit2/install/moveit_task_constructor_core:/home/joaco/ws_moveit2/install/moveit_ros_control_interface:/home/joaco/ws_moveit2/install/moveit_plugins:/home/joaco/ws_moveit2/install/moveit_simple_controller_manager:/home/joaco/ws_moveit2/install/moveit_setup_assistant:/home/joaco/ws_moveit2/install/moveit_setup_srdf_plugins:/home/joaco/ws_moveit2/install/moveit_setup_core_plugins:/home/joaco/ws_moveit2/install/moveit_setup_controllers:/home/joaco/ws_moveit2/install/moveit_setup_app_plugins:/home/joaco/ws_moveit2/install/moveit_setup_framework:/home/joaco/ws_moveit2/install/moveit_servo:/home/joaco/ws_moveit2/install/moveit_ros:/home/joaco/ws_moveit2/install/moveit_ros_visualization:/home/joaco/ws_moveit2/install/moveit_hybrid_planning:/home/joaco/ws_moveit2/install/moveit_ros_planning_interface:/home/joaco/ws_moveit2/install/moveit_ros_benchmarks:/home/joaco/ws_moveit2/install/moveit_ros_warehouse:/home/joaco/ws_moveit2/install/moveit_ros_robot_interaction:/home/joaco/ws_moveit2/install/moveit_ros_perception:/home/joaco/ws_moveit2/install/moveit_resources_prbt_pg70_support:/home/joaco/ws_moveit2/install/moveit_resources_prbt_moveit_config:/home/joaco/ws_moveit2/install/moveit_ros_move_group:/home/joaco/ws_moveit2/install/moveit_planners_ompl:/home/joaco/ws_moveit2/install/moveit_ros_planning:/home/joaco/ws_moveit2/install/moveit_ros_occupancy_map_monitor:/home/joaco/ws_moveit2/install/moveit_resources_prbt_ikfast_manipulator_plugin:/home/joaco/ws_moveit2/install/moveit_planners_chomp:/home/joaco/ws_moveit2/install/moveit_kinematics:/home/joaco/ws_moveit2/install/moveit_chomp_optimizer_adapter:/home/joaco/ws_moveit2/install/chomp_motion_planner:/home/joaco/ws_moveit2/install/moveit_core:/home/joaco/ws_moveit2/install/srdfdom:/home/joaco/ws_moveit2/install/rviz_marker_tools:/home/joaco/ws_moveit2/install/rosparam_shortcuts:/home/joaco/ws_moveit2/install/moveit_task_constructor_msgs:/home/joaco/ws_moveit2/install/moveit_resources_prbt_support:/home/joaco/ws_moveit2/install/moveit_resources:/home/joaco/ws_moveit2/install/moveit_resources_pr2_description:/home/joaco/ws_moveit2/install/moveit_resources_panda_moveit_config:/home/joaco/ws_moveit2/install/moveit_resources_panda_description:/home/joaco/ws_moveit2/install/moveit_resources_fanuc_moveit_config:/home/joaco/ws_moveit2/install/moveit_resources_fanuc_description:/home/joaco/ws_moveit2/install/moveit_common:/home/joaco/ws_moveit2/install/diy_robot_full_cell_description:/home/joaco/ws_moveit2/install/diy_soft_gripper_description:/home/joaco/ws_moveit2/install/diy_robotarm_wer24_description:/home/joaco/ws_moveit2/install/diy_robot_wer24_moveit:/home/joaco/ws_moveit2/install/moveit_configs_utils:/home/joaco/ws_moveit2/install/ros_environment:/home/joaco/ws_moveit2/install/launch_param_builder:/home/joaco/ws_moveit2/install/diy_robot_application:/opt/ros/humble /usr/bin/cmake --install /home/joaco/proy_ws/build/full_cell_description
[1.974s] Level 1:colcon.colcon_core.environment:create_environment_scripts_only(full_cell_description)
[1.975s] Level 1:colcon.colcon_core.environment:checking '/home/joaco/proy_ws/install/full_cell_description' for CMake module files
[1.977s] DEBUG:colcon.colcon_core.event_handler.log_command:Invoked command in '/home/joaco/proy_ws/build/full_cell_description' returned '0': CMAKE_PREFIX_PATH=/home/joaco/proy_ws/install/my_robot_description:/home/joaco/proy_ws/install/my_gripper_description:/home/joaco/proy_ws/install/full_cell_description:/home/joaco/ws_moveit2/install/pilz_industrial_motion_planner_testutils:/home/joaco/ws_moveit2/install/moveit_runtime:/home/joaco/ws_moveit2/install/moveit2_tutorials:/home/joaco/ws_moveit2/install/moveit:/home/joaco/ws_moveit2/install/moveit_planners:/home/joaco/ws_moveit2/install/pilz_industrial_motion_planner:/home/joaco/ws_moveit2/install/mtc_tutorial:/home/joaco/ws_moveit2/install/hello_moveit:/home/joaco/ws_moveit2/install/moveit_visual_tools:/home/joaco/ws_moveit2/install/moveit_task_constructor_visualization:/home/joaco/ws_moveit2/install/moveit_task_constructor_demo:/home/joaco/ws_moveit2/install/moveit_task_constructor_capabilities:/home/joaco/ws_moveit2/install/moveit_task_constructor_core:/home/joaco/ws_moveit2/install/moveit_ros_control_interface:/home/joaco/ws_moveit2/install/moveit_plugins:/home/joaco/ws_moveit2/install/moveit_simple_controller_manager:/home/joaco/ws_moveit2/install/moveit_setup_assistant:/home/joaco/ws_moveit2/install/moveit_setup_srdf_plugins:/home/joaco/ws_moveit2/install/moveit_setup_core_plugins:/home/joaco/ws_moveit2/install/moveit_setup_controllers:/home/joaco/ws_moveit2/install/moveit_setup_app_plugins:/home/joaco/ws_moveit2/install/moveit_setup_framework:/home/joaco/ws_moveit2/install/moveit_servo:/home/joaco/ws_moveit2/install/moveit_ros:/home/joaco/ws_moveit2/install/moveit_ros_visualization:/home/joaco/ws_moveit2/install/moveit_hybrid_planning:/home/joaco/ws_moveit2/install/moveit_ros_planning_interface:/home/joaco/ws_moveit2/install/moveit_ros_benchmarks:/home/joaco/ws_moveit2/install/moveit_ros_warehouse:/home/joaco/ws_moveit2/install/moveit_ros_robot_interaction:/home/joaco/ws_moveit2/install/moveit_ros_perception:/home/joaco/ws_moveit2/install/moveit_resources_prbt_pg70_support:/home/joaco/ws_moveit2/install/moveit_resources_prbt_moveit_config:/home/joaco/ws_moveit2/install/moveit_ros_move_group:/home/joaco/ws_moveit2/install/moveit_planners_ompl:/home/joaco/ws_moveit2/install/moveit_ros_planning:/home/joaco/ws_moveit2/install/moveit_ros_occupancy_map_monitor:/home/joaco/ws_moveit2/install/moveit_resources_prbt_ikfast_manipulator_plugin:/home/joaco/ws_moveit2/install/moveit_planners_chomp:/home/joaco/ws_moveit2/install/moveit_kinematics:/home/joaco/ws_moveit2/install/moveit_chomp_optimizer_adapter:/home/joaco/ws_moveit2/install/chomp_motion_planner:/home/joaco/ws_moveit2/install/moveit_core:/home/joaco/ws_moveit2/install/srdfdom:/home/joaco/ws_moveit2/install/rviz_marker_tools:/home/joaco/ws_moveit2/install/rosparam_shortcuts:/home/joaco/ws_moveit2/install/moveit_task_constructor_msgs:/home/joaco/ws_moveit2/install/moveit_resources_prbt_support:/home/joaco/ws_moveit2/install/moveit_resources:/home/joaco/ws_moveit2/install/moveit_resources_pr2_description:/home/joaco/ws_moveit2/install/moveit_resources_panda_moveit_config:/home/joaco/ws_moveit2/install/moveit_resources_panda_description:/home/joaco/ws_moveit2/install/moveit_resources_fanuc_moveit_config:/home/joaco/ws_moveit2/install/moveit_resources_fanuc_description:/home/joaco/ws_moveit2/install/moveit_common:/home/joaco/ws_moveit2/install/diy_robot_full_cell_description:/home/joaco/ws_moveit2/install/diy_soft_gripper_description:/home/joaco/ws_moveit2/install/diy_robotarm_wer24_description:/home/joaco/ws_moveit2/install/diy_robot_wer24_moveit:/home/joaco/ws_moveit2/install/moveit_configs_utils:/home/joaco/ws_moveit2/install/ros_environment:/home/joaco/ws_moveit2/install/launch_param_builder:/home/joaco/ws_moveit2/install/diy_robot_application:/opt/ros/humble /usr/bin/cmake --install /home/joaco/proy_ws/build/full_cell_description
[1.978s] Level 1:colcon.colcon_core.environment:checking '/home/joaco/proy_ws/install/full_cell_description' for CMake config files
[1.978s] Level 1:colcon.colcon_core.shell:create_environment_hook('full_cell_description', 'cmake_prefix_path')
[1.979s] INFO:colcon.colcon_core.shell:Creating environment hook '/home/joaco/proy_ws/install/full_cell_description/share/full_cell_description/hook/cmake_prefix_path.ps1'
[1.980s] INFO:colcon.colcon_core.shell:Creating environment descriptor '/home/joaco/proy_ws/install/full_cell_description/share/full_cell_description/hook/cmake_prefix_path.dsv'
[1.981s] INFO:colcon.colcon_core.shell:Creating environment hook '/home/joaco/proy_ws/install/full_cell_description/share/full_cell_description/hook/cmake_prefix_path.sh'
[1.982s] Level 1:colcon.colcon_core.environment:checking '/home/joaco/proy_ws/install/full_cell_description/bin'
[1.982s] Level 1:colcon.colcon_core.environment:checking '/home/joaco/proy_ws/install/full_cell_description/lib/pkgconfig/full_cell_description.pc'
[1.983s] Level 1:colcon.colcon_core.environment:checking '/home/joaco/proy_ws/install/full_cell_description/lib/python3.10/site-packages'
[1.983s] Level 1:colcon.colcon_core.environment:checking '/home/joaco/proy_ws/install/full_cell_description/bin'
[1.984s] INFO:colcon.colcon_core.shell:Creating package script '/home/joaco/proy_ws/install/full_cell_description/share/full_cell_description/package.ps1'
[1.985s] INFO:colcon.colcon_core.shell:Creating package descriptor '/home/joaco/proy_ws/install/full_cell_description/share/full_cell_description/package.dsv'
[1.986s] INFO:colcon.colcon_core.shell:Creating package script '/home/joaco/proy_ws/install/full_cell_description/share/full_cell_description/package.sh'
[1.986s] INFO:colcon.colcon_core.shell:Creating package script '/home/joaco/proy_ws/install/full_cell_description/share/full_cell_description/package.bash'
[1.987s] INFO:colcon.colcon_core.shell:Creating package script '/home/joaco/proy_ws/install/full_cell_description/share/full_cell_description/package.zsh'
[1.988s] Level 1:colcon.colcon_core.environment:create_file_with_runtime_dependencies(/home/joaco/proy_ws/install/full_cell_description/share/colcon-core/packages/full_cell_description)
[2.090s] Level 1:colcon.colcon_core.environment:create_environment_scripts_only(full_cell_description)
[2.091s] Level 1:colcon.colcon_core.environment:checking '/home/joaco/proy_ws/install/full_cell_description' for CMake module files
[2.092s] Level 1:colcon.colcon_core.environment:checking '/home/joaco/proy_ws/install/full_cell_description' for CMake config files
[2.092s] Level 1:colcon.colcon_core.shell:create_environment_hook('full_cell_description', 'cmake_prefix_path')
[2.093s] INFO:colcon.colcon_core.shell:Creating environment hook '/home/joaco/proy_ws/install/full_cell_description/share/full_cell_description/hook/cmake_prefix_path.ps1'
[2.094s] INFO:colcon.colcon_core.shell:Creating environment descriptor '/home/joaco/proy_ws/install/full_cell_description/share/full_cell_description/hook/cmake_prefix_path.dsv'
[2.095s] INFO:colcon.colcon_core.shell:Creating environment hook '/home/joaco/proy_ws/install/full_cell_description/share/full_cell_description/hook/cmake_prefix_path.sh'
[2.096s] Level 1:colcon.colcon_core.environment:checking '/home/joaco/proy_ws/install/full_cell_description/bin'
[2.097s] Level 1:colcon.colcon_core.environment:checking '/home/joaco/proy_ws/install/full_cell_description/lib/pkgconfig/full_cell_description.pc'
[2.097s] Level 1:colcon.colcon_core.environment:checking '/home/joaco/proy_ws/install/full_cell_description/lib/python3.10/site-packages'
[2.097s] Level 1:colcon.colcon_core.environment:checking '/home/joaco/proy_ws/install/full_cell_description/bin'
[2.098s] INFO:colcon.colcon_core.shell:Creating package script '/home/joaco/proy_ws/install/full_cell_description/share/full_cell_description/package.ps1'
[2.099s] INFO:colcon.colcon_core.shell:Creating package descriptor '/home/joaco/proy_ws/install/full_cell_description/share/full_cell_description/package.dsv'
[2.101s] INFO:colcon.colcon_core.shell:Creating package script '/home/joaco/proy_ws/install/full_cell_description/share/full_cell_description/package.sh'
[2.102s] INFO:colcon.colcon_core.shell:Creating package script '/home/joaco/proy_ws/install/full_cell_description/share/full_cell_description/package.bash'
[2.103s] INFO:colcon.colcon_core.shell:Creating package script '/home/joaco/proy_ws/install/full_cell_description/share/full_cell_description/package.zsh'
[2.104s] Level 1:colcon.colcon_core.environment:create_file_with_runtime_dependencies(/home/joaco/proy_ws/install/full_cell_description/share/colcon-core/packages/full_cell_description)
[2.105s] DEBUG:colcon.colcon_parallel_executor.executor.parallel:closing loop
[2.105s] DEBUG:colcon.colcon_parallel_executor.executor.parallel:loop closed
[2.106s] DEBUG:colcon.colcon_parallel_executor.executor.parallel:run_until_complete finished with '0'
[2.106s] DEBUG:colcon.colcon_core.event_reactor:joining thread
[2.119s] INFO:colcon.colcon_core.plugin_system:Skipping extension 'colcon_notification.desktop_notification.terminal_notifier': Not used on non-Darwin systems
[2.119s] INFO:colcon.colcon_core.plugin_system:Skipping extension 'colcon_notification.desktop_notification.win32': Not used on non-Windows systems
[2.120s] INFO:colcon.colcon_notification.desktop_notification:Sending desktop notification using 'notify2'
[2.148s] DEBUG:colcon.colcon_core.event_reactor:joined thread
[2.149s] INFO:colcon.colcon_core.shell:Creating prefix script '/home/joaco/proy_ws/install/local_setup.ps1'
[2.151s] INFO:colcon.colcon_core.shell:Creating prefix util module '/home/joaco/proy_ws/install/_local_setup_util_ps1.py'
[2.155s] INFO:colcon.colcon_core.shell:Creating prefix chain script '/home/joaco/proy_ws/install/setup.ps1'
[2.164s] INFO:colcon.colcon_core.shell:Creating prefix script '/home/joaco/proy_ws/install/local_setup.sh'
[2.165s] INFO:colcon.colcon_core.shell:Creating prefix util module '/home/joaco/proy_ws/install/_local_setup_util_sh.py'
[2.167s] INFO:colcon.colcon_core.shell:Creating prefix chain script '/home/joaco/proy_ws/install/setup.sh'
[2.177s] INFO:colcon.colcon_core.shell:Creating prefix script '/home/joaco/proy_ws/install/local_setup.bash'
[2.179s] INFO:colcon.colcon_core.shell:Creating prefix chain script '/home/joaco/proy_ws/install/setup.bash'
[2.188s] INFO:colcon.colcon_core.shell:Creating prefix script '/home/joaco/proy_ws/install/local_setup.zsh'
[2.189s] INFO:colcon.colcon_core.shell:Creating prefix chain script '/home/joaco/proy_ws/install/setup.zsh'
