[0.084s] Invoking command in '/home/joaco/proy_ws/build/my_robot_moveit': CMAKE_PREFIX_PATH=${CMAKE_PREFIX_PATH}:/home/joaco/proy_ws/install/ros_environment:/home/joaco/ws_moveit2/install/moveit_configs_utils:/home/joaco/ws_moveit2/install/ros_environment:/home/joaco/ws_moveit2/install/launch_param_builder:/home/joaco/ws_moveit2/install/diy_robot_application:/opt/ros/humble /usr/bin/cmake /home/joaco/proy_ws/src/my_robot_moveit/my_robot_moveit -DCMAKE_INSTALL_PREFIX=/home/joaco/proy_ws/install/my_robot_moveit
[0.482s] -- The C compiler identification is GNU 11.4.0
[0.861s] -- The CXX compiler identification is GNU 11.4.0
[0.961s] -- Detecting C compiler ABI info
[1.476s] -- Detecting C compiler ABI info - done
[1.494s] -- Check for working C compiler: /usr/bin/cc - skipped
[1.496s] -- Detecting C compile features
[1.499s] -- Detecting C compile features - done
[1.523s] -- Detecting CXX compiler ABI info
[1.968s] -- Detecting CXX compiler ABI info - done
[1.992s] -- Check for working CXX compiler: /usr/bin/c++ - skipped
[1.994s] -- Detecting CXX compile features
[1.996s] -- Detecting CXX compile features - done
[2.092s] -- Found ament_cmake: 1.3.9 (/opt/ros/humble/share/ament_cmake/cmake)
[2.767s] -- Found Python3: /usr/bin/python3 (found version "3.10.12") found components: Interpreter 
[3.538s] -- Found ament_lint_auto: 0.12.11 (/opt/ros/humble/share/ament_lint_auto/cmake)
[4.114s] -- Added test 'flake8' to check Python code syntax and style conventions
[4.121s] -- Added test 'lint_cmake' to check CMake code style
[4.140s] -- Added test 'pep257' to check Python code against some of the docstring style conventions in PEP 257
[4.151s] -- Added test 'xmllint' to check XML markup files
[4.168s] -- Configuring done
[4.180s] -- Generating done
[4.183s] -- Build files have been written to: /home/joaco/proy_ws/build/my_robot_moveit
[4.209s] Invoked command in '/home/joaco/proy_ws/build/my_robot_moveit' returned '0': CMAKE_PREFIX_PATH=${CMAKE_PREFIX_PATH}:/home/joaco/proy_ws/install/ros_environment:/home/joaco/ws_moveit2/install/moveit_configs_utils:/home/joaco/ws_moveit2/install/ros_environment:/home/joaco/ws_moveit2/install/launch_param_builder:/home/joaco/ws_moveit2/install/diy_robot_application:/opt/ros/humble /usr/bin/cmake /home/joaco/proy_ws/src/my_robot_moveit/my_robot_moveit -DCMAKE_INSTALL_PREFIX=/home/joaco/proy_ws/install/my_robot_moveit
[4.210s] Invoking command in '/home/joaco/proy_ws/build/my_robot_moveit': CMAKE_PREFIX_PATH=${CMAKE_PREFIX_PATH}:/home/joaco/proy_ws/install/ros_environment:/home/joaco/ws_moveit2/install/moveit_configs_utils:/home/joaco/ws_moveit2/install/ros_environment:/home/joaco/ws_moveit2/install/launch_param_builder:/home/joaco/ws_moveit2/install/diy_robot_application:/opt/ros/humble /usr/bin/cmake --build /home/joaco/proy_ws/build/my_robot_moveit -- -j3 -l3
[4.404s] Invoked command in '/home/joaco/proy_ws/build/my_robot_moveit' returned '0': CMAKE_PREFIX_PATH=${CMAKE_PREFIX_PATH}:/home/joaco/proy_ws/install/ros_environment:/home/joaco/ws_moveit2/install/moveit_configs_utils:/home/joaco/ws_moveit2/install/ros_environment:/home/joaco/ws_moveit2/install/launch_param_builder:/home/joaco/ws_moveit2/install/diy_robot_application:/opt/ros/humble /usr/bin/cmake --build /home/joaco/proy_ws/build/my_robot_moveit -- -j3 -l3
[4.604s] Invoking command in '/home/joaco/proy_ws/build/my_robot_moveit': CMAKE_PREFIX_PATH=${CMAKE_PREFIX_PATH}:/home/joaco/proy_ws/install/ros_environment:/home/joaco/ws_moveit2/install/moveit_configs_utils:/home/joaco/ws_moveit2/install/ros_environment:/home/joaco/ws_moveit2/install/launch_param_builder:/home/joaco/ws_moveit2/install/diy_robot_application:/opt/ros/humble /usr/bin/cmake --install /home/joaco/proy_ws/build/my_robot_moveit
[4.674s] -- Install configuration: ""
[4.674s] -- Installing: /home/joaco/proy_ws/install/my_robot_moveit/share/my_robot_moveit//launch
[4.674s] -- Installing: /home/joaco/proy_ws/install/my_robot_moveit/share/my_robot_moveit//launch/robot.launch.py
[4.675s] -- Installing: /home/joaco/proy_ws/install/my_robot_moveit/share/my_robot_moveit//launch/complete.launch.py
[4.676s] -- Installing: /home/joaco/proy_ws/install/my_robot_moveit/share/my_robot_moveit//config
[4.677s] -- Installing: /home/joaco/proy_ws/install/my_robot_moveit/share/my_robot_moveit//config/controllers.yaml
[4.679s] -- Installing: /home/joaco/proy_ws/install/my_robot_moveit/share/my_robot_moveit//config/ompl_planning.yaml
[4.681s] -- Installing: /home/joaco/proy_ws/install/my_robot_moveit/share/my_robot_moveit//config/kinematics.yaml
[4.683s] -- Installing: /home/joaco/proy_ws/install/my_robot_moveit/share/my_robot_moveit//srdf
[4.683s] -- Installing: /home/joaco/proy_ws/install/my_robot_moveit/share/my_robot_moveit//srdf/robot.srdf.xacro
[4.683s] -- Installing: /home/joaco/proy_ws/install/my_robot_moveit/share/my_robot_moveit//srdf/robot_macro.srdf.xacro
[4.684s] -- Installing: /home/joaco/proy_ws/install/my_robot_moveit/share/my_robot_moveit//rviz
[4.687s] -- Installing: /home/joaco/proy_ws/install/my_robot_moveit/share/my_robot_moveit//rviz/rviz_config.rviz
[4.700s] -- Installing: /home/joaco/proy_ws/install/my_robot_moveit/share/ament_index/resource_index/package_run_dependencies/my_robot_moveit
[4.701s] -- Installing: /home/joaco/proy_ws/install/my_robot_moveit/share/ament_index/resource_index/parent_prefix_path/my_robot_moveit
[4.701s] -- Installing: /home/joaco/proy_ws/install/my_robot_moveit/share/my_robot_moveit/environment/ament_prefix_path.sh
[4.701s] -- Installing: /home/joaco/proy_ws/install/my_robot_moveit/share/my_robot_moveit/environment/ament_prefix_path.dsv
[4.701s] -- Installing: /home/joaco/proy_ws/install/my_robot_moveit/share/my_robot_moveit/environment/path.sh
[4.701s] -- Installing: /home/joaco/proy_ws/install/my_robot_moveit/share/my_robot_moveit/environment/path.dsv
[4.701s] -- Installing: /home/joaco/proy_ws/install/my_robot_moveit/share/my_robot_moveit/local_setup.bash
[4.701s] -- Installing: /home/joaco/proy_ws/install/my_robot_moveit/share/my_robot_moveit/local_setup.sh
[4.702s] -- Installing: /home/joaco/proy_ws/install/my_robot_moveit/share/my_robot_moveit/local_setup.zsh
[4.702s] -- Installing: /home/joaco/proy_ws/install/my_robot_moveit/share/my_robot_moveit/local_setup.dsv
[4.702s] -- Installing: /home/joaco/proy_ws/install/my_robot_moveit/share/my_robot_moveit/package.dsv
[4.702s] -- Installing: /home/joaco/proy_ws/install/my_robot_moveit/share/ament_index/resource_index/packages/my_robot_moveit
[4.702s] -- Installing: /home/joaco/proy_ws/install/my_robot_moveit/share/my_robot_moveit/cmake/my_robot_moveitConfig.cmake
[4.702s] -- Installing: /home/joaco/proy_ws/install/my_robot_moveit/share/my_robot_moveit/cmake/my_robot_moveitConfig-version.cmake
[4.703s] -- Installing: /home/joaco/proy_ws/install/my_robot_moveit/share/my_robot_moveit/package.xml
[4.706s] Invoked command in '/home/joaco/proy_ws/build/my_robot_moveit' returned '0': CMAKE_PREFIX_PATH=${CMAKE_PREFIX_PATH}:/home/joaco/proy_ws/install/ros_environment:/home/joaco/ws_moveit2/install/moveit_configs_utils:/home/joaco/ws_moveit2/install/ros_environment:/home/joaco/ws_moveit2/install/launch_param_builder:/home/joaco/ws_moveit2/install/diy_robot_application:/opt/ros/humble /usr/bin/cmake --install /home/joaco/proy_ws/build/my_robot_moveit
