[0.067s] Invoking command in '/home/joaco/proy_ws/build/my_gripper_description': CMAKE_PREFIX_PATH=${CMAKE_PREFIX_PATH}:/home/joaco/ws_moveit2/install/moveit_configs_utils:/home/joaco/ws_moveit2/install/ros_environment:/home/joaco/ws_moveit2/install/launch_param_builder:/home/joaco/ws_moveit2/install/diy_robot_application:/opt/ros/humble /usr/bin/cmake --build /home/joaco/proy_ws/build/my_gripper_description -- -j3 -l3
[0.242s] Invoked command in '/home/joaco/proy_ws/build/my_gripper_description' returned '0': CMAKE_PREFIX_PATH=${CMAKE_PREFIX_PATH}:/home/joaco/ws_moveit2/install/moveit_configs_utils:/home/joaco/ws_moveit2/install/ros_environment:/home/joaco/ws_moveit2/install/launch_param_builder:/home/joaco/ws_moveit2/install/diy_robot_application:/opt/ros/humble /usr/bin/cmake --build /home/joaco/proy_ws/build/my_gripper_description -- -j3 -l3
[0.393s] Invoking command in '/home/joaco/proy_ws/build/my_gripper_description': CMAKE_PREFIX_PATH=${CMAKE_PREFIX_PATH}:/home/joaco/ws_moveit2/install/moveit_configs_utils:/home/joaco/ws_moveit2/install/ros_environment:/home/joaco/ws_moveit2/install/launch_param_builder:/home/joaco/ws_moveit2/install/diy_robot_application:/opt/ros/humble /usr/bin/cmake --install /home/joaco/proy_ws/build/my_gripper_description
[0.423s] -- Install configuration: ""
[0.423s] -- Up-to-date: /home/joaco/proy_ws/install/my_gripper_description/share/my_gripper_description//urdf
[0.424s] -- Up-to-date: /home/joaco/proy_ws/install/my_gripper_description/share/my_gripper_description//urdf/diy_gripper_model.urdf.xacro
[0.424s] -- Up-to-date: /home/joaco/proy_ws/install/my_gripper_description/share/my_gripper_description//urdf/diy_gripper_macro.urdf.xacro
[0.424s] -- Up-to-date: /home/joaco/proy_ws/install/my_gripper_description/share/my_gripper_description//urdf/materials.urdf.xacro
[0.424s] -- Up-to-date: /home/joaco/proy_ws/install/my_gripper_description/share/my_gripper_description//launch
[0.424s] -- Installing: /home/joaco/proy_ws/install/my_gripper_description/share/my_gripper_description//launch/visualize.launch.py
[0.425s] -- Up-to-date: /home/joaco/proy_ws/install/my_gripper_description/share/my_gripper_description//meshes
[0.425s] -- Up-to-date: /home/joaco/proy_ws/install/my_gripper_description/share/my_gripper_description//meshes/collision
[0.425s] -- Up-to-date: /home/joaco/proy_ws/install/my_gripper_description/share/my_gripper_description//meshes/collision/tool.stl
[0.425s] -- Up-to-date: /home/joaco/proy_ws/install/my_gripper_description/share/my_gripper_description//meshes/visual
[0.425s] -- Up-to-date: /home/joaco/proy_ws/install/my_gripper_description/share/my_gripper_description//meshes/visual/base_link.stl
[0.425s] -- Up-to-date: /home/joaco/proy_ws/install/my_gripper_description/share/my_gripper_description//meshes/visual/soft_finger.stl
[0.425s] -- Up-to-date: /home/joaco/proy_ws/install/my_gripper_description/share/my_gripper_description//rviz
[0.426s] -- Up-to-date: /home/joaco/proy_ws/install/my_gripper_description/share/my_gripper_description//rviz/rviz_config.rviz
[0.426s] -- Up-to-date: /home/joaco/proy_ws/install/my_gripper_description/share/ament_index/resource_index/package_run_dependencies/my_gripper_description
[0.432s] -- Up-to-date: /home/joaco/proy_ws/install/my_gripper_description/share/ament_index/resource_index/parent_prefix_path/my_gripper_description
[0.432s] -- Up-to-date: /home/joaco/proy_ws/install/my_gripper_description/share/my_gripper_description/environment/ament_prefix_path.sh
[0.432s] -- Up-to-date: /home/joaco/proy_ws/install/my_gripper_description/share/my_gripper_description/environment/ament_prefix_path.dsv
[0.433s] -- Up-to-date: /home/joaco/proy_ws/install/my_gripper_description/share/my_gripper_description/environment/path.sh
[0.433s] -- Up-to-date: /home/joaco/proy_ws/install/my_gripper_description/share/my_gripper_description/environment/path.dsv
[0.434s] -- Up-to-date: /home/joaco/proy_ws/install/my_gripper_description/share/my_gripper_description/local_setup.bash
[0.434s] -- Up-to-date: /home/joaco/proy_ws/install/my_gripper_description/share/my_gripper_description/local_setup.sh
[0.434s] -- Up-to-date: /home/joaco/proy_ws/install/my_gripper_description/share/my_gripper_description/local_setup.zsh
[0.434s] -- Up-to-date: /home/joaco/proy_ws/install/my_gripper_description/share/my_gripper_description/local_setup.dsv
[0.434s] -- Installing: /home/joaco/proy_ws/install/my_gripper_description/share/my_gripper_description/package.dsv
[0.445s] -- Up-to-date: /home/joaco/proy_ws/install/my_gripper_description/share/ament_index/resource_index/packages/my_gripper_description
[0.445s] -- Up-to-date: /home/joaco/proy_ws/install/my_gripper_description/share/my_gripper_description/cmake/my_gripper_descriptionConfig.cmake
[0.446s] -- Up-to-date: /home/joaco/proy_ws/install/my_gripper_description/share/my_gripper_description/cmake/my_gripper_descriptionConfig-version.cmake
[0.446s] -- Up-to-date: /home/joaco/proy_ws/install/my_gripper_description/share/my_gripper_description/package.xml
[0.478s] Invoked command in '/home/joaco/proy_ws/build/my_gripper_description' returned '0': CMAKE_PREFIX_PATH=${CMAKE_PREFIX_PATH}:/home/joaco/ws_moveit2/install/moveit_configs_utils:/home/joaco/ws_moveit2/install/ros_environment:/home/joaco/ws_moveit2/install/launch_param_builder:/home/joaco/ws_moveit2/install/diy_robot_application:/opt/ros/humble /usr/bin/cmake --install /home/joaco/proy_ws/build/my_gripper_description
