-- Install configuration: ""
-- Up-to-date: /home/joaco/proy_ws/install/my_gripper_description/share/my_gripper_description//urdf
-- Up-to-date: /home/joaco/proy_ws/install/my_gripper_description/share/my_gripper_description//urdf/diy_gripper_model.urdf.xacro
-- Up-to-date: /home/joaco/proy_ws/install/my_gripper_description/share/my_gripper_description//urdf/diy_gripper_macro.urdf.xacro
-- Up-to-date: /home/joaco/proy_ws/install/my_gripper_description/share/my_gripper_description//urdf/materials.urdf.xacro
-- Up-to-date: /home/joaco/proy_ws/install/my_gripper_description/share/my_gripper_description//launch
-- Installing: /home/joaco/proy_ws/install/my_gripper_description/share/my_gripper_description//launch/visualize.launch.py
-- Up-to-date: /home/joaco/proy_ws/install/my_gripper_description/share/my_gripper_description//meshes
-- Up-to-date: /home/joaco/proy_ws/install/my_gripper_description/share/my_gripper_description//meshes/collision
-- Up-to-date: /home/joaco/proy_ws/install/my_gripper_description/share/my_gripper_description//meshes/collision/tool.stl
-- Up-to-date: /home/joaco/proy_ws/install/my_gripper_description/share/my_gripper_description//meshes/visual
-- Up-to-date: /home/joaco/proy_ws/install/my_gripper_description/share/my_gripper_description//meshes/visual/base_link.stl
-- Up-to-date: /home/joaco/proy_ws/install/my_gripper_description/share/my_gripper_description//meshes/visual/soft_finger.stl
-- Up-to-date: /home/joaco/proy_ws/install/my_gripper_description/share/my_gripper_description//rviz
-- Up-to-date: /home/joaco/proy_ws/install/my_gripper_description/share/my_gripper_description//rviz/rviz_config.rviz
-- Up-to-date: /home/joaco/proy_ws/install/my_gripper_description/share/ament_index/resource_index/package_run_dependencies/my_gripper_description
-- Up-to-date: /home/joaco/proy_ws/install/my_gripper_description/share/ament_index/resource_index/parent_prefix_path/my_gripper_description
-- Up-to-date: /home/joaco/proy_ws/install/my_gripper_description/share/my_gripper_description/environment/ament_prefix_path.sh
-- Up-to-date: /home/joaco/proy_ws/install/my_gripper_description/share/my_gripper_description/environment/ament_prefix_path.dsv
-- Up-to-date: /home/joaco/proy_ws/install/my_gripper_description/share/my_gripper_description/environment/path.sh
-- Up-to-date: /home/joaco/proy_ws/install/my_gripper_description/share/my_gripper_description/environment/path.dsv
-- Up-to-date: /home/joaco/proy_ws/install/my_gripper_description/share/my_gripper_description/local_setup.bash
-- Up-to-date: /home/joaco/proy_ws/install/my_gripper_description/share/my_gripper_description/local_setup.sh
-- Up-to-date: /home/joaco/proy_ws/install/my_gripper_description/share/my_gripper_description/local_setup.zsh
-- Up-to-date: /home/joaco/proy_ws/install/my_gripper_description/share/my_gripper_description/local_setup.dsv
-- Up-to-date: /home/joaco/proy_ws/install/my_gripper_description/share/my_gripper_description/package.dsv
-- Up-to-date: /home/joaco/proy_ws/install/my_gripper_description/share/ament_index/resource_index/packages/my_gripper_description
-- Up-to-date: /home/joaco/proy_ws/install/my_gripper_description/share/my_gripper_description/cmake/my_gripper_descriptionConfig.cmake
-- Up-to-date: /home/joaco/proy_ws/install/my_gripper_description/share/my_gripper_description/cmake/my_gripper_descriptionConfig-version.cmake
-- Up-to-date: /home/joaco/proy_ws/install/my_gripper_description/share/my_gripper_description/package.xml
