[35m[1mConsolidate compiler generated dependencies of target moveit_wrapper__rosidl_generator_c[0m
[  9%] Built target moveit_wrapper__rosidl_generator_c
[ 11%] Built target moveit_wrapper__cpp
[ 11%] Built target ament_cmake_python_copy_moveit_wrapper
[35m[1mConsolidate compiler generated dependencies of target moveit_wrapper__rosidl_typesupport_introspection_c[0m
[35m[1mConsolidate compiler generated dependencies of target moveit_wrapper__rosidl_typesupport_fastrtps_c[0m
[35m[1mConsolidate compiler generated dependencies of target moveit_wrapper__rosidl_typesupport_c[0m
[ 21%] Built target moveit_wrapper__rosidl_typesupport_introspection_c
[ 30%] Built target moveit_wrapper__rosidl_typesupport_fastrtps_c
[ 40%] Built target moveit_wrapper__rosidl_typesupport_c
[35m[1mConsolidate compiler generated dependencies of target moveit_wrapper__rosidl_typesupport_introspection_cpp[0m
[35m[1mConsolidate compiler generated dependencies of target moveit_wrapper__rosidl_typesupport_cpp[0m
[ 50%] Built target moveit_wrapper__rosidl_typesupport_introspection_cpp
[ 59%] Built target moveit_wrapper__rosidl_typesupport_cpp
[35m[1mConsolidate compiler generated dependencies of target moveit_wrapper__rosidl_typesupport_fastrtps_cpp[0m
[ 69%] Built target moveit_wrapper__rosidl_typesupport_fastrtps_cpp
[35m[1mConsolidate compiler generated dependencies of target moveit_wrapper_lib[0m
[35m[1mConsolidate compiler generated dependencies of target moveit_wrapper_node[0m
[ 73%] Built target moveit_wrapper_lib
[ 78%] Built target moveit_wrapper_node
[ 78%] Built target moveit_wrapper
[ 80%] Built target moveit_wrapper__py
[35m[1mConsolidate compiler generated dependencies of target moveit_wrapper__rosidl_generator_py[0m
running egg_info
writing moveit_wrapper.egg-info/PKG-INFO
writing dependency_links to moveit_wrapper.egg-info/dependency_links.txt
writing top-level names to moveit_wrapper.egg-info/top_level.txt
reading manifest file 'moveit_wrapper.egg-info/SOURCES.txt'
writing manifest file 'moveit_wrapper.egg-info/SOURCES.txt'
[ 88%] Built target moveit_wrapper__rosidl_generator_py
[35m[1mConsolidate compiler generated dependencies of target moveit_wrapper__rosidl_typesupport_fastrtps_c__pyext[0m
[35m[1mConsolidate compiler generated dependencies of target moveit_wrapper__rosidl_typesupport_introspection_c__pyext[0m
[ 88%] Built target ament_cmake_python_build_moveit_wrapper_egg
[ 92%] Built target moveit_wrapper__rosidl_typesupport_introspection_c__pyext
[35m[1mConsolidate compiler generated dependencies of target moveit_wrapper__rosidl_typesupport_c__pyext[0m
[ 96%] Built target moveit_wrapper__rosidl_typesupport_fastrtps_c__pyext
[100%] Built target moveit_wrapper__rosidl_typesupport_c__pyext
-- Install configuration: ""
-- Up-to-date: /home/joaco/proy_ws/install/moveit_wrapper/share/ament_index/resource_index/rosidl_interfaces/moveit_wrapper
-- Up-to-date: /home/joaco/proy_ws/install/moveit_wrapper/include/moveit_wrapper/moveit_wrapper
-- Up-to-date: /home/joaco/proy_ws/install/moveit_wrapper/include/moveit_wrapper/moveit_wrapper/srv
-- Up-to-date: /home/joaco/proy_ws/install/moveit_wrapper/include/moveit_wrapper/moveit_wrapper/srv/string.h
-- Up-to-date: /home/joaco/proy_ws/install/moveit_wrapper/include/moveit_wrapper/moveit_wrapper/srv/move_to_joint_position.h
-- Up-to-date: /home/joaco/proy_ws/install/moveit_wrapper/include/moveit_wrapper/moveit_wrapper/srv/move_to_pose.h
-- Up-to-date: /home/joaco/proy_ws/install/moveit_wrapper/include/moveit_wrapper/moveit_wrapper/srv/detail
-- Up-to-date: /home/joaco/proy_ws/install/moveit_wrapper/include/moveit_wrapper/moveit_wrapper/srv/detail/string__functions.c
-- Up-to-date: /home/joaco/proy_ws/install/moveit_wrapper/include/moveit_wrapper/moveit_wrapper/srv/detail/move_to_pose__functions.c
-- Up-to-date: /home/joaco/proy_ws/install/moveit_wrapper/include/moveit_wrapper/moveit_wrapper/srv/detail/move_to_joint_position__type_support.h
-- Up-to-date: /home/joaco/proy_ws/install/moveit_wrapper/include/moveit_wrapper/moveit_wrapper/srv/detail/move_to_joint_position__struct.h
-- Up-to-date: /home/joaco/proy_ws/install/moveit_wrapper/include/moveit_wrapper/moveit_wrapper/srv/detail/move_to_joint_position__functions.h
-- Up-to-date: /home/joaco/proy_ws/install/moveit_wrapper/include/moveit_wrapper/moveit_wrapper/srv/detail/move_to_pose__struct.h
-- Up-to-date: /home/joaco/proy_ws/install/moveit_wrapper/include/moveit_wrapper/moveit_wrapper/srv/detail/move_to_pose__type_support.h
-- Up-to-date: /home/joaco/proy_ws/install/moveit_wrapper/include/moveit_wrapper/moveit_wrapper/srv/detail/string__struct.h
-- Up-to-date: /home/joaco/proy_ws/install/moveit_wrapper/include/moveit_wrapper/moveit_wrapper/srv/detail/move_to_pose__functions.h
-- Up-to-date: /home/joaco/proy_ws/install/moveit_wrapper/include/moveit_wrapper/moveit_wrapper/srv/detail/string__type_support.h
-- Up-to-date: /home/joaco/proy_ws/install/moveit_wrapper/include/moveit_wrapper/moveit_wrapper/srv/detail/string__functions.h
-- Up-to-date: /home/joaco/proy_ws/install/moveit_wrapper/include/moveit_wrapper/moveit_wrapper/srv/detail/move_to_joint_position__functions.c
-- Up-to-date: /home/joaco/proy_ws/install/moveit_wrapper/include/moveit_wrapper/moveit_wrapper/msg
-- Up-to-date: /home/joaco/proy_ws/install/moveit_wrapper/include/moveit_wrapper/moveit_wrapper/msg/rosidl_generator_c__visibility_control.h
-- Up-to-date: /home/joaco/proy_ws/install/moveit_wrapper/share/moveit_wrapper/environment/library_path.sh
-- Up-to-date: /home/joaco/proy_ws/install/moveit_wrapper/share/moveit_wrapper/environment/library_path.dsv
-- Up-to-date: /home/joaco/proy_ws/install/moveit_wrapper/lib/libmoveit_wrapper__rosidl_generator_c.so
-- Up-to-date: /home/joaco/proy_ws/install/moveit_wrapper/include/moveit_wrapper/moveit_wrapper
-- Up-to-date: /home/joaco/proy_ws/install/moveit_wrapper/include/moveit_wrapper/moveit_wrapper/srv
-- Up-to-date: /home/joaco/proy_ws/install/moveit_wrapper/include/moveit_wrapper/moveit_wrapper/srv/detail
-- Up-to-date: /home/joaco/proy_ws/install/moveit_wrapper/include/moveit_wrapper/moveit_wrapper/srv/detail/move_to_pose__rosidl_typesupport_fastrtps_c.h
-- Up-to-date: /home/joaco/proy_ws/install/moveit_wrapper/include/moveit_wrapper/moveit_wrapper/srv/detail/string__rosidl_typesupport_fastrtps_c.h
-- Up-to-date: /home/joaco/proy_ws/install/moveit_wrapper/include/moveit_wrapper/moveit_wrapper/srv/detail/move_to_joint_position__rosidl_typesupport_fastrtps_c.h
-- Up-to-date: /home/joaco/proy_ws/install/moveit_wrapper/include/moveit_wrapper/moveit_wrapper/msg
-- Up-to-date: /home/joaco/proy_ws/install/moveit_wrapper/include/moveit_wrapper/moveit_wrapper/msg/rosidl_typesupport_fastrtps_c__visibility_control.h
-- Up-to-date: /home/joaco/proy_ws/install/moveit_wrapper/lib/libmoveit_wrapper__rosidl_typesupport_fastrtps_c.so
-- Up-to-date: /home/joaco/proy_ws/install/moveit_wrapper/include/moveit_wrapper/moveit_wrapper
-- Up-to-date: /home/joaco/proy_ws/install/moveit_wrapper/include/moveit_wrapper/moveit_wrapper/srv
-- Up-to-date: /home/joaco/proy_ws/install/moveit_wrapper/include/moveit_wrapper/moveit_wrapper/srv/move_to_pose.hpp
-- Up-to-date: /home/joaco/proy_ws/install/moveit_wrapper/include/moveit_wrapper/moveit_wrapper/srv/string.hpp
-- Up-to-date: /home/joaco/proy_ws/install/moveit_wrapper/include/moveit_wrapper/moveit_wrapper/srv/move_to_joint_position.hpp
-- Up-to-date: /home/joaco/proy_ws/install/moveit_wrapper/include/moveit_wrapper/moveit_wrapper/srv/detail
-- Up-to-date: /home/joaco/proy_ws/install/moveit_wrapper/include/moveit_wrapper/moveit_wrapper/srv/detail/move_to_joint_position__builder.hpp
-- Up-to-date: /home/joaco/proy_ws/install/moveit_wrapper/include/moveit_wrapper/moveit_wrapper/srv/detail/move_to_joint_position__traits.hpp
-- Up-to-date: /home/joaco/proy_ws/install/moveit_wrapper/include/moveit_wrapper/moveit_wrapper/srv/detail/move_to_joint_position__struct.hpp
-- Up-to-date: /home/joaco/proy_ws/install/moveit_wrapper/include/moveit_wrapper/moveit_wrapper/srv/detail/string__traits.hpp
-- Up-to-date: /home/joaco/proy_ws/install/moveit_wrapper/include/moveit_wrapper/moveit_wrapper/srv/detail/move_to_pose__struct.hpp
-- Up-to-date: /home/joaco/proy_ws/install/moveit_wrapper/include/moveit_wrapper/moveit_wrapper/srv/detail/string__builder.hpp
-- Up-to-date: /home/joaco/proy_ws/install/moveit_wrapper/include/moveit_wrapper/moveit_wrapper/srv/detail/move_to_pose__builder.hpp
-- Up-to-date: /home/joaco/proy_ws/install/moveit_wrapper/include/moveit_wrapper/moveit_wrapper/srv/detail/move_to_pose__traits.hpp
-- Up-to-date: /home/joaco/proy_ws/install/moveit_wrapper/include/moveit_wrapper/moveit_wrapper/srv/detail/string__struct.hpp
-- Up-to-date: /home/joaco/proy_ws/install/moveit_wrapper/include/moveit_wrapper/moveit_wrapper
-- Up-to-date: /home/joaco/proy_ws/install/moveit_wrapper/include/moveit_wrapper/moveit_wrapper/srv
-- Up-to-date: /home/joaco/proy_ws/install/moveit_wrapper/include/moveit_wrapper/moveit_wrapper/srv/detail
-- Up-to-date: /home/joaco/proy_ws/install/moveit_wrapper/include/moveit_wrapper/moveit_wrapper/srv/detail/string__rosidl_typesupport_fastrtps_cpp.hpp
-- Up-to-date: /home/joaco/proy_ws/install/moveit_wrapper/include/moveit_wrapper/moveit_wrapper/srv/detail/move_to_joint_position__rosidl_typesupport_fastrtps_cpp.hpp
-- Up-to-date: /home/joaco/proy_ws/install/moveit_wrapper/include/moveit_wrapper/moveit_wrapper/srv/detail/dds_fastrtps
-- Up-to-date: /home/joaco/proy_ws/install/moveit_wrapper/include/moveit_wrapper/moveit_wrapper/srv/detail/move_to_pose__rosidl_typesupport_fastrtps_cpp.hpp
-- Up-to-date: /home/joaco/proy_ws/install/moveit_wrapper/include/moveit_wrapper/moveit_wrapper/msg
-- Up-to-date: /home/joaco/proy_ws/install/moveit_wrapper/include/moveit_wrapper/moveit_wrapper/msg/rosidl_typesupport_fastrtps_cpp__visibility_control.h
-- Up-to-date: /home/joaco/proy_ws/install/moveit_wrapper/lib/libmoveit_wrapper__rosidl_typesupport_fastrtps_cpp.so
-- Up-to-date: /home/joaco/proy_ws/install/moveit_wrapper/include/moveit_wrapper/moveit_wrapper
-- Up-to-date: /home/joaco/proy_ws/install/moveit_wrapper/include/moveit_wrapper/moveit_wrapper/srv
-- Up-to-date: /home/joaco/proy_ws/install/moveit_wrapper/include/moveit_wrapper/moveit_wrapper/srv/detail
-- Up-to-date: /home/joaco/proy_ws/install/moveit_wrapper/include/moveit_wrapper/moveit_wrapper/srv/detail/move_to_joint_position__type_support.c
-- Up-to-date: /home/joaco/proy_ws/install/moveit_wrapper/include/moveit_wrapper/moveit_wrapper/srv/detail/string__type_support.c
-- Up-to-date: /home/joaco/proy_ws/install/moveit_wrapper/include/moveit_wrapper/moveit_wrapper/srv/detail/string__rosidl_typesupport_introspection_c.h
-- Up-to-date: /home/joaco/proy_ws/install/moveit_wrapper/include/moveit_wrapper/moveit_wrapper/srv/detail/move_to_pose__rosidl_typesupport_introspection_c.h
-- Up-to-date: /home/joaco/proy_ws/install/moveit_wrapper/include/moveit_wrapper/moveit_wrapper/srv/detail/move_to_pose__type_support.c
-- Up-to-date: /home/joaco/proy_ws/install/moveit_wrapper/include/moveit_wrapper/moveit_wrapper/srv/detail/move_to_joint_position__rosidl_typesupport_introspection_c.h
-- Up-to-date: /home/joaco/proy_ws/install/moveit_wrapper/include/moveit_wrapper/moveit_wrapper/msg
-- Up-to-date: /home/joaco/proy_ws/install/moveit_wrapper/include/moveit_wrapper/moveit_wrapper/msg/rosidl_typesupport_introspection_c__visibility_control.h
-- Up-to-date: /home/joaco/proy_ws/install/moveit_wrapper/lib/libmoveit_wrapper__rosidl_typesupport_introspection_c.so
-- Up-to-date: /home/joaco/proy_ws/install/moveit_wrapper/lib/libmoveit_wrapper__rosidl_typesupport_c.so
-- Up-to-date: /home/joaco/proy_ws/install/moveit_wrapper/include/moveit_wrapper/moveit_wrapper
-- Up-to-date: /home/joaco/proy_ws/install/moveit_wrapper/include/moveit_wrapper/moveit_wrapper/srv
-- Up-to-date: /home/joaco/proy_ws/install/moveit_wrapper/include/moveit_wrapper/moveit_wrapper/srv/detail
-- Up-to-date: /home/joaco/proy_ws/install/moveit_wrapper/include/moveit_wrapper/moveit_wrapper/srv/detail/string__rosidl_typesupport_introspection_cpp.hpp
-- Up-to-date: /home/joaco/proy_ws/install/moveit_wrapper/include/moveit_wrapper/moveit_wrapper/srv/detail/move_to_pose__type_support.cpp
-- Up-to-date: /home/joaco/proy_ws/install/moveit_wrapper/include/moveit_wrapper/moveit_wrapper/srv/detail/move_to_pose__rosidl_typesupport_introspection_cpp.hpp
-- Up-to-date: /home/joaco/proy_ws/install/moveit_wrapper/include/moveit_wrapper/moveit_wrapper/srv/detail/move_to_joint_position__rosidl_typesupport_introspection_cpp.hpp
-- Up-to-date: /home/joaco/proy_ws/install/moveit_wrapper/include/moveit_wrapper/moveit_wrapper/srv/detail/move_to_joint_position__type_support.cpp
-- Up-to-date: /home/joaco/proy_ws/install/moveit_wrapper/include/moveit_wrapper/moveit_wrapper/srv/detail/string__type_support.cpp
-- Up-to-date: /home/joaco/proy_ws/install/moveit_wrapper/lib/libmoveit_wrapper__rosidl_typesupport_introspection_cpp.so
-- Up-to-date: /home/joaco/proy_ws/install/moveit_wrapper/lib/libmoveit_wrapper__rosidl_typesupport_cpp.so
-- Up-to-date: /home/joaco/proy_ws/install/moveit_wrapper/share/moveit_wrapper/environment/pythonpath.sh
-- Up-to-date: /home/joaco/proy_ws/install/moveit_wrapper/share/moveit_wrapper/environment/pythonpath.dsv
-- Up-to-date: /home/joaco/proy_ws/install/moveit_wrapper/local/lib/python3.10/dist-packages/moveit_wrapper-0.0.0-py3.10.egg-info
-- Installing: /home/joaco/proy_ws/install/moveit_wrapper/local/lib/python3.10/dist-packages/moveit_wrapper-0.0.0-py3.10.egg-info/SOURCES.txt
-- Installing: /home/joaco/proy_ws/install/moveit_wrapper/local/lib/python3.10/dist-packages/moveit_wrapper-0.0.0-py3.10.egg-info/dependency_links.txt
-- Installing: /home/joaco/proy_ws/install/moveit_wrapper/local/lib/python3.10/dist-packages/moveit_wrapper-0.0.0-py3.10.egg-info/top_level.txt
-- Installing: /home/joaco/proy_ws/install/moveit_wrapper/local/lib/python3.10/dist-packages/moveit_wrapper-0.0.0-py3.10.egg-info/PKG-INFO
-- Up-to-date: /home/joaco/proy_ws/install/moveit_wrapper/local/lib/python3.10/dist-packages/moveit_wrapper
-- Up-to-date: /home/joaco/proy_ws/install/moveit_wrapper/local/lib/python3.10/dist-packages/moveit_wrapper/_moveit_wrapper_s.ep.rosidl_typesupport_c.c
-- Up-to-date: /home/joaco/proy_ws/install/moveit_wrapper/local/lib/python3.10/dist-packages/moveit_wrapper/_moveit_wrapper_s.ep.rosidl_typesupport_introspection_c.c
-- Up-to-date: /home/joaco/proy_ws/install/moveit_wrapper/local/lib/python3.10/dist-packages/moveit_wrapper/moveit_wrapper_s__rosidl_typesupport_c.cpython-310-x86_64-linux-gnu.so
-- Up-to-date: /home/joaco/proy_ws/install/moveit_wrapper/local/lib/python3.10/dist-packages/moveit_wrapper/moveit_wrapper_s__rosidl_typesupport_fastrtps_c.cpython-310-x86_64-linux-gnu.so
-- Up-to-date: /home/joaco/proy_ws/install/moveit_wrapper/local/lib/python3.10/dist-packages/moveit_wrapper/libmoveit_wrapper__rosidl_generator_py.so
-- Up-to-date: /home/joaco/proy_ws/install/moveit_wrapper/local/lib/python3.10/dist-packages/moveit_wrapper/srv
-- Up-to-date: /home/joaco/proy_ws/install/moveit_wrapper/local/lib/python3.10/dist-packages/moveit_wrapper/srv/_string.py
-- Up-to-date: /home/joaco/proy_ws/install/moveit_wrapper/local/lib/python3.10/dist-packages/moveit_wrapper/srv/_string_s.c
-- Up-to-date: /home/joaco/proy_ws/install/moveit_wrapper/local/lib/python3.10/dist-packages/moveit_wrapper/srv/_move_to_joint_position.py
-- Up-to-date: /home/joaco/proy_ws/install/moveit_wrapper/local/lib/python3.10/dist-packages/moveit_wrapper/srv/_move_to_pose_s.c
-- Up-to-date: /home/joaco/proy_ws/install/moveit_wrapper/local/lib/python3.10/dist-packages/moveit_wrapper/srv/_move_to_pose.py
-- Up-to-date: /home/joaco/proy_ws/install/moveit_wrapper/local/lib/python3.10/dist-packages/moveit_wrapper/srv/__init__.py
-- Up-to-date: /home/joaco/proy_ws/install/moveit_wrapper/local/lib/python3.10/dist-packages/moveit_wrapper/srv/_move_to_joint_position_s.c
-- Up-to-date: /home/joaco/proy_ws/install/moveit_wrapper/local/lib/python3.10/dist-packages/moveit_wrapper/moveit_wrapper_s__rosidl_typesupport_introspection_c.cpython-310-x86_64-linux-gnu.so
-- Up-to-date: /home/joaco/proy_ws/install/moveit_wrapper/local/lib/python3.10/dist-packages/moveit_wrapper/_moveit_wrapper_s.ep.rosidl_typesupport_fastrtps_c.c
-- Up-to-date: /home/joaco/proy_ws/install/moveit_wrapper/local/lib/python3.10/dist-packages/moveit_wrapper/__init__.py
Listing '/home/joaco/proy_ws/install/moveit_wrapper/local/lib/python3.10/dist-packages/moveit_wrapper'...
Listing '/home/joaco/proy_ws/install/moveit_wrapper/local/lib/python3.10/dist-packages/moveit_wrapper/srv'...
-- Up-to-date: /home/joaco/proy_ws/install/moveit_wrapper/local/lib/python3.10/dist-packages/moveit_wrapper/moveit_wrapper_s__rosidl_typesupport_fastrtps_c.cpython-310-x86_64-linux-gnu.so
-- Up-to-date: /home/joaco/proy_ws/install/moveit_wrapper/local/lib/python3.10/dist-packages/moveit_wrapper/moveit_wrapper_s__rosidl_typesupport_introspection_c.cpython-310-x86_64-linux-gnu.so
-- Up-to-date: /home/joaco/proy_ws/install/moveit_wrapper/local/lib/python3.10/dist-packages/moveit_wrapper/moveit_wrapper_s__rosidl_typesupport_c.cpython-310-x86_64-linux-gnu.so
-- Up-to-date: /home/joaco/proy_ws/install/moveit_wrapper/lib/libmoveit_wrapper__rosidl_generator_py.so
-- Up-to-date: /home/joaco/proy_ws/install/moveit_wrapper/share/moveit_wrapper/srv/MoveToPose.idl
-- Up-to-date: /home/joaco/proy_ws/install/moveit_wrapper/share/moveit_wrapper/srv/MoveToJointPosition.idl
-- Up-to-date: /home/joaco/proy_ws/install/moveit_wrapper/share/moveit_wrapper/srv/String.idl
-- Up-to-date: /home/joaco/proy_ws/install/moveit_wrapper/share/moveit_wrapper/srv/MoveToPose.srv
-- Up-to-date: /home/joaco/proy_ws/install/moveit_wrapper/share/moveit_wrapper/srv/MoveToPose_Request.msg
-- Up-to-date: /home/joaco/proy_ws/install/moveit_wrapper/share/moveit_wrapper/srv/MoveToPose_Response.msg
-- Up-to-date: /home/joaco/proy_ws/install/moveit_wrapper/share/moveit_wrapper/srv/MoveToJointPosition.srv
-- Up-to-date: /home/joaco/proy_ws/install/moveit_wrapper/share/moveit_wrapper/srv/MoveToJointPosition_Request.msg
-- Up-to-date: /home/joaco/proy_ws/install/moveit_wrapper/share/moveit_wrapper/srv/MoveToJointPosition_Response.msg
-- Up-to-date: /home/joaco/proy_ws/install/moveit_wrapper/share/moveit_wrapper/srv/String.srv
-- Up-to-date: /home/joaco/proy_ws/install/moveit_wrapper/share/moveit_wrapper/srv/String_Request.msg
-- Up-to-date: /home/joaco/proy_ws/install/moveit_wrapper/share/moveit_wrapper/srv/String_Response.msg
-- Up-to-date: /home/joaco/proy_ws/install/moveit_wrapper/lib/libmoveit_wrapper_lib.so
-- Up-to-date: /home/joaco/proy_ws/install/moveit_wrapper/include
-- Up-to-date: /home/joaco/proy_ws/install/moveit_wrapper/include/moveit_wrapper
-- Up-to-date: /home/joaco/proy_ws/install/moveit_wrapper/include/moveit_wrapper/moveit_wrapper.h
-- Up-to-date: /home/joaco/proy_ws/install/moveit_wrapper/lib/moveit_wrapper/moveit_wrapper_node
-- Up-to-date: /home/joaco/proy_ws/install/moveit_wrapper/share/moveit_wrapper//launch
-- Up-to-date: /home/joaco/proy_ws/install/moveit_wrapper/share/moveit_wrapper//launch/moveit_wrapper.launch.py
-- Up-to-date: /home/joaco/proy_ws/install/moveit_wrapper/share/moveit_wrapper//srv
-- Up-to-date: /home/joaco/proy_ws/install/moveit_wrapper/share/moveit_wrapper//srv/MoveToPose.srv
-- Up-to-date: /home/joaco/proy_ws/install/moveit_wrapper/share/moveit_wrapper//srv/String.srv
-- Up-to-date: /home/joaco/proy_ws/install/moveit_wrapper/share/moveit_wrapper//srv/MoveToJointPosition.srv
-- Up-to-date: /home/joaco/proy_ws/install/moveit_wrapper/share/ament_index/resource_index/package_run_dependencies/moveit_wrapper
-- Up-to-date: /home/joaco/proy_ws/install/moveit_wrapper/share/ament_index/resource_index/parent_prefix_path/moveit_wrapper
-- Up-to-date: /home/joaco/proy_ws/install/moveit_wrapper/share/moveit_wrapper/environment/ament_prefix_path.sh
-- Up-to-date: /home/joaco/proy_ws/install/moveit_wrapper/share/moveit_wrapper/environment/ament_prefix_path.dsv
-- Up-to-date: /home/joaco/proy_ws/install/moveit_wrapper/share/moveit_wrapper/environment/path.sh
-- Up-to-date: /home/joaco/proy_ws/install/moveit_wrapper/share/moveit_wrapper/environment/path.dsv
-- Up-to-date: /home/joaco/proy_ws/install/moveit_wrapper/share/moveit_wrapper/local_setup.bash
-- Up-to-date: /home/joaco/proy_ws/install/moveit_wrapper/share/moveit_wrapper/local_setup.sh
-- Up-to-date: /home/joaco/proy_ws/install/moveit_wrapper/share/moveit_wrapper/local_setup.zsh
-- Up-to-date: /home/joaco/proy_ws/install/moveit_wrapper/share/moveit_wrapper/local_setup.dsv
-- Installing: /home/joaco/proy_ws/install/moveit_wrapper/share/moveit_wrapper/package.dsv
-- Up-to-date: /home/joaco/proy_ws/install/moveit_wrapper/share/ament_index/resource_index/packages/moveit_wrapper
-- Up-to-date: /home/joaco/proy_ws/install/moveit_wrapper/share/moveit_wrapper/cmake/export_moveit_wrapper__rosidl_generator_cExport.cmake
-- Up-to-date: /home/joaco/proy_ws/install/moveit_wrapper/share/moveit_wrapper/cmake/export_moveit_wrapper__rosidl_generator_cExport-noconfig.cmake
-- Up-to-date: /home/joaco/proy_ws/install/moveit_wrapper/share/moveit_wrapper/cmake/export_moveit_wrapper__rosidl_typesupport_fastrtps_cExport.cmake
-- Up-to-date: /home/joaco/proy_ws/install/moveit_wrapper/share/moveit_wrapper/cmake/export_moveit_wrapper__rosidl_typesupport_fastrtps_cExport-noconfig.cmake
-- Up-to-date: /home/joaco/proy_ws/install/moveit_wrapper/share/moveit_wrapper/cmake/export_moveit_wrapper__rosidl_generator_cppExport.cmake
-- Up-to-date: /home/joaco/proy_ws/install/moveit_wrapper/share/moveit_wrapper/cmake/export_moveit_wrapper__rosidl_typesupport_fastrtps_cppExport.cmake
-- Up-to-date: /home/joaco/proy_ws/install/moveit_wrapper/share/moveit_wrapper/cmake/export_moveit_wrapper__rosidl_typesupport_fastrtps_cppExport-noconfig.cmake
-- Up-to-date: /home/joaco/proy_ws/install/moveit_wrapper/share/moveit_wrapper/cmake/moveit_wrapper__rosidl_typesupport_introspection_cExport.cmake
-- Up-to-date: /home/joaco/proy_ws/install/moveit_wrapper/share/moveit_wrapper/cmake/moveit_wrapper__rosidl_typesupport_introspection_cExport-noconfig.cmake
-- Up-to-date: /home/joaco/proy_ws/install/moveit_wrapper/share/moveit_wrapper/cmake/moveit_wrapper__rosidl_typesupport_cExport.cmake
-- Up-to-date: /home/joaco/proy_ws/install/moveit_wrapper/share/moveit_wrapper/cmake/moveit_wrapper__rosidl_typesupport_cExport-noconfig.cmake
-- Up-to-date: /home/joaco/proy_ws/install/moveit_wrapper/share/moveit_wrapper/cmake/moveit_wrapper__rosidl_typesupport_introspection_cppExport.cmake
-- Up-to-date: /home/joaco/proy_ws/install/moveit_wrapper/share/moveit_wrapper/cmake/moveit_wrapper__rosidl_typesupport_introspection_cppExport-noconfig.cmake
-- Up-to-date: /home/joaco/proy_ws/install/moveit_wrapper/share/moveit_wrapper/cmake/moveit_wrapper__rosidl_typesupport_cppExport.cmake
-- Up-to-date: /home/joaco/proy_ws/install/moveit_wrapper/share/moveit_wrapper/cmake/moveit_wrapper__rosidl_typesupport_cppExport-noconfig.cmake
-- Up-to-date: /home/joaco/proy_ws/install/moveit_wrapper/share/moveit_wrapper/cmake/export_moveit_wrapper__rosidl_generator_pyExport.cmake
-- Up-to-date: /home/joaco/proy_ws/install/moveit_wrapper/share/moveit_wrapper/cmake/export_moveit_wrapper__rosidl_generator_pyExport-noconfig.cmake
-- Up-to-date: /home/joaco/proy_ws/install/moveit_wrapper/share/moveit_wrapper/cmake/rosidl_cmake-extras.cmake
-- Up-to-date: /home/joaco/proy_ws/install/moveit_wrapper/share/moveit_wrapper/cmake/ament_cmake_export_dependencies-extras.cmake
-- Up-to-date: /home/joaco/proy_ws/install/moveit_wrapper/share/moveit_wrapper/cmake/ament_cmake_export_include_directories-extras.cmake
-- Up-to-date: /home/joaco/proy_ws/install/moveit_wrapper/share/moveit_wrapper/cmake/ament_cmake_export_libraries-extras.cmake
-- Up-to-date: /home/joaco/proy_ws/install/moveit_wrapper/share/moveit_wrapper/cmake/ament_cmake_export_targets-extras.cmake
-- Up-to-date: /home/joaco/proy_ws/install/moveit_wrapper/share/moveit_wrapper/cmake/rosidl_cmake_export_typesupport_targets-extras.cmake
-- Up-to-date: /home/joaco/proy_ws/install/moveit_wrapper/share/moveit_wrapper/cmake/rosidl_cmake_export_typesupport_libraries-extras.cmake
-- Up-to-date: /home/joaco/proy_ws/install/moveit_wrapper/share/moveit_wrapper/cmake/moveit_wrapperConfig.cmake
-- Up-to-date: /home/joaco/proy_ws/install/moveit_wrapper/share/moveit_wrapper/cmake/moveit_wrapperConfig-version.cmake
-- Up-to-date: /home/joaco/proy_ws/install/moveit_wrapper/share/moveit_wrapper/package.xml
