[0.064s] Invoking command in '/home/joaco/proy_ws/build/moveit_wrapper': CMAKE_PREFIX_PATH=${CMAKE_PREFIX_PATH}:/home/joaco/proy_ws/install/ros_environment:/home/joaco/ws_moveit2/install/moveit_configs_utils:/home/joaco/ws_moveit2/install/ros_environment:/home/joaco/ws_moveit2/install/launch_param_builder:/home/joaco/ws_moveit2/install/diy_robot_application:/opt/ros/humble /usr/bin/cmake --build /home/joaco/proy_ws/build/moveit_wrapper -- -j3 -l3
[0.343s] [35m[1mConsolidate compiler generated dependencies of target moveit_wrapper__rosidl_generator_c[0m
[0.425s] [  9%] Built target moveit_wrapper__rosidl_generator_c
[0.431s] [ 11%] Built target moveit_wrapper__cpp
[0.541s] [ 11%] Built target ament_cmake_python_copy_moveit_wrapper
[0.568s] [35m[1mConsolidate compiler generated dependencies of target moveit_wrapper__rosidl_typesupport_introspection_c[0m
[0.582s] [35m[1mConsolidate compiler generated dependencies of target moveit_wrapper__rosidl_typesupport_fastrtps_c[0m
[0.666s] [35m[1mConsolidate compiler generated dependencies of target moveit_wrapper__rosidl_typesupport_c[0m
[0.698s] [ 21%] Built target moveit_wrapper__rosidl_typesupport_introspection_c
[0.733s] [ 30%] Built target moveit_wrapper__rosidl_typesupport_fastrtps_c
[0.762s] [ 40%] Built target moveit_wrapper__rosidl_typesupport_c
[0.801s] [35m[1mConsolidate compiler generated dependencies of target moveit_wrapper__rosidl_typesupport_introspection_cpp[0m
[0.888s] [35m[1mConsolidate compiler generated dependencies of target moveit_wrapper__rosidl_typesupport_cpp[0m
[0.947s] [ 50%] Built target moveit_wrapper__rosidl_typesupport_introspection_cpp
[1.060s] [ 59%] Built target moveit_wrapper__rosidl_typesupport_cpp
[1.082s] [35m[1mConsolidate compiler generated dependencies of target moveit_wrapper__rosidl_typesupport_fastrtps_cpp[0m
[1.185s] [ 69%] Built target moveit_wrapper__rosidl_typesupport_fastrtps_cpp
[1.217s] [35m[1mConsolidate compiler generated dependencies of target moveit_wrapper_lib[0m
[1.308s] [35m[1mConsolidate compiler generated dependencies of target moveit_wrapper_node[0m
[1.470s] [ 73%] Built target moveit_wrapper_lib
[1.505s] [ 78%] Built target moveit_wrapper_node
[1.598s] [ 78%] Built target moveit_wrapper
[1.755s] [ 80%] Built target moveit_wrapper__py
[1.873s] [35m[1mConsolidate compiler generated dependencies of target moveit_wrapper__rosidl_generator_py[0m
[1.954s] running egg_info
[1.968s] writing moveit_wrapper.egg-info/PKG-INFO
[1.970s] writing dependency_links to moveit_wrapper.egg-info/dependency_links.txt
[1.970s] writing top-level names to moveit_wrapper.egg-info/top_level.txt
[1.985s] reading manifest file 'moveit_wrapper.egg-info/SOURCES.txt'
[1.987s] writing manifest file 'moveit_wrapper.egg-info/SOURCES.txt'
[2.035s] [ 88%] Built target moveit_wrapper__rosidl_generator_py
[2.134s] [35m[1mConsolidate compiler generated dependencies of target moveit_wrapper__rosidl_typesupport_fastrtps_c__pyext[0m
[2.154s] [35m[1mConsolidate compiler generated dependencies of target moveit_wrapper__rosidl_typesupport_introspection_c__pyext[0m
[2.170s] [ 88%] Built target ament_cmake_python_build_moveit_wrapper_egg
[2.233s] [ 92%] Built target moveit_wrapper__rosidl_typesupport_introspection_c__pyext
[2.254s] [35m[1mConsolidate compiler generated dependencies of target moveit_wrapper__rosidl_typesupport_c__pyext[0m
[2.263s] [ 96%] Built target moveit_wrapper__rosidl_typesupport_fastrtps_c__pyext
[2.321s] [100%] Built target moveit_wrapper__rosidl_typesupport_c__pyext
[2.379s] Invoked command in '/home/joaco/proy_ws/build/moveit_wrapper' returned '0': CMAKE_PREFIX_PATH=${CMAKE_PREFIX_PATH}:/home/joaco/proy_ws/install/ros_environment:/home/joaco/ws_moveit2/install/moveit_configs_utils:/home/joaco/ws_moveit2/install/ros_environment:/home/joaco/ws_moveit2/install/launch_param_builder:/home/joaco/ws_moveit2/install/diy_robot_application:/opt/ros/humble /usr/bin/cmake --build /home/joaco/proy_ws/build/moveit_wrapper -- -j3 -l3
[4.163s] Invoking command in '/home/joaco/proy_ws/build/moveit_wrapper': CMAKE_PREFIX_PATH=${CMAKE_PREFIX_PATH}:/home/joaco/proy_ws/install/ros_environment:/home/joaco/ws_moveit2/install/moveit_configs_utils:/home/joaco/ws_moveit2/install/ros_environment:/home/joaco/ws_moveit2/install/launch_param_builder:/home/joaco/ws_moveit2/install/diy_robot_application:/opt/ros/humble /usr/bin/cmake --install /home/joaco/proy_ws/build/moveit_wrapper
[4.212s] -- Install configuration: ""
[4.212s] -- Up-to-date: /home/joaco/proy_ws/install/moveit_wrapper/share/ament_index/resource_index/rosidl_interfaces/moveit_wrapper
[4.213s] -- Up-to-date: /home/joaco/proy_ws/install/moveit_wrapper/include/moveit_wrapper/moveit_wrapper
[4.214s] -- Up-to-date: /home/joaco/proy_ws/install/moveit_wrapper/include/moveit_wrapper/moveit_wrapper/srv
[4.214s] -- Up-to-date: /home/joaco/proy_ws/install/moveit_wrapper/include/moveit_wrapper/moveit_wrapper/srv/string.h
[4.215s] -- Up-to-date: /home/joaco/proy_ws/install/moveit_wrapper/include/moveit_wrapper/moveit_wrapper/srv/move_to_joint_position.h
[4.215s] -- Up-to-date: /home/joaco/proy_ws/install/moveit_wrapper/include/moveit_wrapper/moveit_wrapper/srv/move_to_pose.h
[4.215s] -- Up-to-date: /home/joaco/proy_ws/install/moveit_wrapper/include/moveit_wrapper/moveit_wrapper/srv/detail
[4.216s] -- Up-to-date: /home/joaco/proy_ws/install/moveit_wrapper/include/moveit_wrapper/moveit_wrapper/srv/detail/string__functions.c
[4.216s] -- Up-to-date: /home/joaco/proy_ws/install/moveit_wrapper/include/moveit_wrapper/moveit_wrapper/srv/detail/move_to_pose__functions.c
[4.217s] -- Up-to-date: /home/joaco/proy_ws/install/moveit_wrapper/include/moveit_wrapper/moveit_wrapper/srv/detail/move_to_joint_position__type_support.h
[4.217s] -- Up-to-date: /home/joaco/proy_ws/install/moveit_wrapper/include/moveit_wrapper/moveit_wrapper/srv/detail/move_to_joint_position__struct.h
[4.217s] -- Up-to-date: /home/joaco/proy_ws/install/moveit_wrapper/include/moveit_wrapper/moveit_wrapper/srv/detail/move_to_joint_position__functions.h
[4.218s] -- Up-to-date: /home/joaco/proy_ws/install/moveit_wrapper/include/moveit_wrapper/moveit_wrapper/srv/detail/move_to_pose__struct.h
[4.218s] -- Up-to-date: /home/joaco/proy_ws/install/moveit_wrapper/include/moveit_wrapper/moveit_wrapper/srv/detail/move_to_pose__type_support.h
[4.218s] -- Up-to-date: /home/joaco/proy_ws/install/moveit_wrapper/include/moveit_wrapper/moveit_wrapper/srv/detail/string__struct.h
[4.219s] -- Up-to-date: /home/joaco/proy_ws/install/moveit_wrapper/include/moveit_wrapper/moveit_wrapper/srv/detail/move_to_pose__functions.h
[4.219s] -- Up-to-date: /home/joaco/proy_ws/install/moveit_wrapper/include/moveit_wrapper/moveit_wrapper/srv/detail/string__type_support.h
[4.220s] -- Up-to-date: /home/joaco/proy_ws/install/moveit_wrapper/include/moveit_wrapper/moveit_wrapper/srv/detail/string__functions.h
[4.220s] -- Up-to-date: /home/joaco/proy_ws/install/moveit_wrapper/include/moveit_wrapper/moveit_wrapper/srv/detail/move_to_joint_position__functions.c
[4.221s] -- Up-to-date: /home/joaco/proy_ws/install/moveit_wrapper/include/moveit_wrapper/moveit_wrapper/msg
[4.221s] -- Up-to-date: /home/joaco/proy_ws/install/moveit_wrapper/include/moveit_wrapper/moveit_wrapper/msg/rosidl_generator_c__visibility_control.h
[4.222s] -- Up-to-date: /home/joaco/proy_ws/install/moveit_wrapper/share/moveit_wrapper/environment/library_path.sh
[4.222s] -- Up-to-date: /home/joaco/proy_ws/install/moveit_wrapper/share/moveit_wrapper/environment/library_path.dsv
[4.223s] -- Up-to-date: /home/joaco/proy_ws/install/moveit_wrapper/lib/libmoveit_wrapper__rosidl_generator_c.so
[4.224s] -- Up-to-date: /home/joaco/proy_ws/install/moveit_wrapper/include/moveit_wrapper/moveit_wrapper
[4.224s] -- Up-to-date: /home/joaco/proy_ws/install/moveit_wrapper/include/moveit_wrapper/moveit_wrapper/srv
[4.224s] -- Up-to-date: /home/joaco/proy_ws/install/moveit_wrapper/include/moveit_wrapper/moveit_wrapper/srv/detail
[4.225s] -- Up-to-date: /home/joaco/proy_ws/install/moveit_wrapper/include/moveit_wrapper/moveit_wrapper/srv/detail/move_to_pose__rosidl_typesupport_fastrtps_c.h
[4.225s] -- Up-to-date: /home/joaco/proy_ws/install/moveit_wrapper/include/moveit_wrapper/moveit_wrapper/srv/detail/string__rosidl_typesupport_fastrtps_c.h
[4.226s] -- Up-to-date: /home/joaco/proy_ws/install/moveit_wrapper/include/moveit_wrapper/moveit_wrapper/srv/detail/move_to_joint_position__rosidl_typesupport_fastrtps_c.h
[4.226s] -- Up-to-date: /home/joaco/proy_ws/install/moveit_wrapper/include/moveit_wrapper/moveit_wrapper/msg
[4.227s] -- Up-to-date: /home/joaco/proy_ws/install/moveit_wrapper/include/moveit_wrapper/moveit_wrapper/msg/rosidl_typesupport_fastrtps_c__visibility_control.h
[4.228s] -- Up-to-date: /home/joaco/proy_ws/install/moveit_wrapper/lib/libmoveit_wrapper__rosidl_typesupport_fastrtps_c.so
[4.229s] -- Up-to-date: /home/joaco/proy_ws/install/moveit_wrapper/include/moveit_wrapper/moveit_wrapper
[4.230s] -- Up-to-date: /home/joaco/proy_ws/install/moveit_wrapper/include/moveit_wrapper/moveit_wrapper/srv
[4.231s] -- Up-to-date: /home/joaco/proy_ws/install/moveit_wrapper/include/moveit_wrapper/moveit_wrapper/srv/move_to_pose.hpp
[4.231s] -- Up-to-date: /home/joaco/proy_ws/install/moveit_wrapper/include/moveit_wrapper/moveit_wrapper/srv/string.hpp
[4.231s] -- Up-to-date: /home/joaco/proy_ws/install/moveit_wrapper/include/moveit_wrapper/moveit_wrapper/srv/move_to_joint_position.hpp
[4.232s] -- Up-to-date: /home/joaco/proy_ws/install/moveit_wrapper/include/moveit_wrapper/moveit_wrapper/srv/detail
[4.232s] -- Up-to-date: /home/joaco/proy_ws/install/moveit_wrapper/include/moveit_wrapper/moveit_wrapper/srv/detail/move_to_joint_position__builder.hpp
[4.232s] -- Up-to-date: /home/joaco/proy_ws/install/moveit_wrapper/include/moveit_wrapper/moveit_wrapper/srv/detail/move_to_joint_position__traits.hpp
[4.233s] -- Up-to-date: /home/joaco/proy_ws/install/moveit_wrapper/include/moveit_wrapper/moveit_wrapper/srv/detail/move_to_joint_position__struct.hpp
[4.233s] -- Up-to-date: /home/joaco/proy_ws/install/moveit_wrapper/include/moveit_wrapper/moveit_wrapper/srv/detail/string__traits.hpp
[4.234s] -- Up-to-date: /home/joaco/proy_ws/install/moveit_wrapper/include/moveit_wrapper/moveit_wrapper/srv/detail/move_to_pose__struct.hpp
[4.234s] -- Up-to-date: /home/joaco/proy_ws/install/moveit_wrapper/include/moveit_wrapper/moveit_wrapper/srv/detail/string__builder.hpp
[4.235s] -- Up-to-date: /home/joaco/proy_ws/install/moveit_wrapper/include/moveit_wrapper/moveit_wrapper/srv/detail/move_to_pose__builder.hpp
[4.235s] -- Up-to-date: /home/joaco/proy_ws/install/moveit_wrapper/include/moveit_wrapper/moveit_wrapper/srv/detail/move_to_pose__traits.hpp
[4.235s] -- Up-to-date: /home/joaco/proy_ws/install/moveit_wrapper/include/moveit_wrapper/moveit_wrapper/srv/detail/string__struct.hpp
[4.236s] -- Up-to-date: /home/joaco/proy_ws/install/moveit_wrapper/include/moveit_wrapper/moveit_wrapper
[4.236s] -- Up-to-date: /home/joaco/proy_ws/install/moveit_wrapper/include/moveit_wrapper/moveit_wrapper/srv
[4.237s] -- Up-to-date: /home/joaco/proy_ws/install/moveit_wrapper/include/moveit_wrapper/moveit_wrapper/srv/detail
[4.237s] -- Up-to-date: /home/joaco/proy_ws/install/moveit_wrapper/include/moveit_wrapper/moveit_wrapper/srv/detail/string__rosidl_typesupport_fastrtps_cpp.hpp
[4.238s] -- Up-to-date: /home/joaco/proy_ws/install/moveit_wrapper/include/moveit_wrapper/moveit_wrapper/srv/detail/move_to_joint_position__rosidl_typesupport_fastrtps_cpp.hpp
[4.238s] -- Up-to-date: /home/joaco/proy_ws/install/moveit_wrapper/include/moveit_wrapper/moveit_wrapper/srv/detail/dds_fastrtps
[4.239s] -- Up-to-date: /home/joaco/proy_ws/install/moveit_wrapper/include/moveit_wrapper/moveit_wrapper/srv/detail/move_to_pose__rosidl_typesupport_fastrtps_cpp.hpp
[4.239s] -- Up-to-date: /home/joaco/proy_ws/install/moveit_wrapper/include/moveit_wrapper/moveit_wrapper/msg
[4.239s] -- Up-to-date: /home/joaco/proy_ws/install/moveit_wrapper/include/moveit_wrapper/moveit_wrapper/msg/rosidl_typesupport_fastrtps_cpp__visibility_control.h
[4.241s] -- Up-to-date: /home/joaco/proy_ws/install/moveit_wrapper/lib/libmoveit_wrapper__rosidl_typesupport_fastrtps_cpp.so
[4.242s] -- Up-to-date: /home/joaco/proy_ws/install/moveit_wrapper/include/moveit_wrapper/moveit_wrapper
[4.242s] -- Up-to-date: /home/joaco/proy_ws/install/moveit_wrapper/include/moveit_wrapper/moveit_wrapper/srv
[4.243s] -- Up-to-date: /home/joaco/proy_ws/install/moveit_wrapper/include/moveit_wrapper/moveit_wrapper/srv/detail
[4.243s] -- Up-to-date: /home/joaco/proy_ws/install/moveit_wrapper/include/moveit_wrapper/moveit_wrapper/srv/detail/move_to_joint_position__type_support.c
[4.243s] -- Up-to-date: /home/joaco/proy_ws/install/moveit_wrapper/include/moveit_wrapper/moveit_wrapper/srv/detail/string__type_support.c
[4.244s] -- Up-to-date: /home/joaco/proy_ws/install/moveit_wrapper/include/moveit_wrapper/moveit_wrapper/srv/detail/string__rosidl_typesupport_introspection_c.h
[4.244s] -- Up-to-date: /home/joaco/proy_ws/install/moveit_wrapper/include/moveit_wrapper/moveit_wrapper/srv/detail/move_to_pose__rosidl_typesupport_introspection_c.h
[4.245s] -- Up-to-date: /home/joaco/proy_ws/install/moveit_wrapper/include/moveit_wrapper/moveit_wrapper/srv/detail/move_to_pose__type_support.c
[4.245s] -- Up-to-date: /home/joaco/proy_ws/install/moveit_wrapper/include/moveit_wrapper/moveit_wrapper/srv/detail/move_to_joint_position__rosidl_typesupport_introspection_c.h
[4.246s] -- Up-to-date: /home/joaco/proy_ws/install/moveit_wrapper/include/moveit_wrapper/moveit_wrapper/msg
[4.248s] -- Up-to-date: /home/joaco/proy_ws/install/moveit_wrapper/include/moveit_wrapper/moveit_wrapper/msg/rosidl_typesupport_introspection_c__visibility_control.h
[4.249s] -- Up-to-date: /home/joaco/proy_ws/install/moveit_wrapper/lib/libmoveit_wrapper__rosidl_typesupport_introspection_c.so
[4.250s] -- Up-to-date: /home/joaco/proy_ws/install/moveit_wrapper/lib/libmoveit_wrapper__rosidl_typesupport_c.so
[4.251s] -- Up-to-date: /home/joaco/proy_ws/install/moveit_wrapper/include/moveit_wrapper/moveit_wrapper
[4.251s] -- Up-to-date: /home/joaco/proy_ws/install/moveit_wrapper/include/moveit_wrapper/moveit_wrapper/srv
[4.251s] -- Up-to-date: /home/joaco/proy_ws/install/moveit_wrapper/include/moveit_wrapper/moveit_wrapper/srv/detail
[4.252s] -- Up-to-date: /home/joaco/proy_ws/install/moveit_wrapper/include/moveit_wrapper/moveit_wrapper/srv/detail/string__rosidl_typesupport_introspection_cpp.hpp
[4.253s] -- Up-to-date: /home/joaco/proy_ws/install/moveit_wrapper/include/moveit_wrapper/moveit_wrapper/srv/detail/move_to_pose__type_support.cpp
[4.253s] -- Up-to-date: /home/joaco/proy_ws/install/moveit_wrapper/include/moveit_wrapper/moveit_wrapper/srv/detail/move_to_pose__rosidl_typesupport_introspection_cpp.hpp
[4.255s] -- Up-to-date: /home/joaco/proy_ws/install/moveit_wrapper/include/moveit_wrapper/moveit_wrapper/srv/detail/move_to_joint_position__rosidl_typesupport_introspection_cpp.hpp
[4.255s] -- Up-to-date: /home/joaco/proy_ws/install/moveit_wrapper/include/moveit_wrapper/moveit_wrapper/srv/detail/move_to_joint_position__type_support.cpp
[4.255s] -- Up-to-date: /home/joaco/proy_ws/install/moveit_wrapper/include/moveit_wrapper/moveit_wrapper/srv/detail/string__type_support.cpp
[4.255s] -- Up-to-date: /home/joaco/proy_ws/install/moveit_wrapper/lib/libmoveit_wrapper__rosidl_typesupport_introspection_cpp.so
[4.256s] -- Up-to-date: /home/joaco/proy_ws/install/moveit_wrapper/lib/libmoveit_wrapper__rosidl_typesupport_cpp.so
[4.256s] -- Up-to-date: /home/joaco/proy_ws/install/moveit_wrapper/share/moveit_wrapper/environment/pythonpath.sh
[4.256s] -- Up-to-date: /home/joaco/proy_ws/install/moveit_wrapper/share/moveit_wrapper/environment/pythonpath.dsv
[4.257s] -- Up-to-date: /home/joaco/proy_ws/install/moveit_wrapper/local/lib/python3.10/dist-packages/moveit_wrapper-0.0.0-py3.10.egg-info
[4.257s] -- Installing: /home/joaco/proy_ws/install/moveit_wrapper/local/lib/python3.10/dist-packages/moveit_wrapper-0.0.0-py3.10.egg-info/SOURCES.txt
[4.257s] -- Installing: /home/joaco/proy_ws/install/moveit_wrapper/local/lib/python3.10/dist-packages/moveit_wrapper-0.0.0-py3.10.egg-info/dependency_links.txt
[4.258s] -- Installing: /home/joaco/proy_ws/install/moveit_wrapper/local/lib/python3.10/dist-packages/moveit_wrapper-0.0.0-py3.10.egg-info/top_level.txt
[4.258s] -- Installing: /home/joaco/proy_ws/install/moveit_wrapper/local/lib/python3.10/dist-packages/moveit_wrapper-0.0.0-py3.10.egg-info/PKG-INFO
[4.259s] -- Up-to-date: /home/joaco/proy_ws/install/moveit_wrapper/local/lib/python3.10/dist-packages/moveit_wrapper
[4.259s] -- Up-to-date: /home/joaco/proy_ws/install/moveit_wrapper/local/lib/python3.10/dist-packages/moveit_wrapper/_moveit_wrapper_s.ep.rosidl_typesupport_c.c
[4.260s] -- Up-to-date: /home/joaco/proy_ws/install/moveit_wrapper/local/lib/python3.10/dist-packages/moveit_wrapper/_moveit_wrapper_s.ep.rosidl_typesupport_introspection_c.c
[4.260s] -- Up-to-date: /home/joaco/proy_ws/install/moveit_wrapper/local/lib/python3.10/dist-packages/moveit_wrapper/moveit_wrapper_s__rosidl_typesupport_c.cpython-310-x86_64-linux-gnu.so
[4.260s] -- Up-to-date: /home/joaco/proy_ws/install/moveit_wrapper/local/lib/python3.10/dist-packages/moveit_wrapper/moveit_wrapper_s__rosidl_typesupport_fastrtps_c.cpython-310-x86_64-linux-gnu.so
[4.261s] -- Up-to-date: /home/joaco/proy_ws/install/moveit_wrapper/local/lib/python3.10/dist-packages/moveit_wrapper/libmoveit_wrapper__rosidl_generator_py.so
[4.262s] -- Up-to-date: /home/joaco/proy_ws/install/moveit_wrapper/local/lib/python3.10/dist-packages/moveit_wrapper/srv
[4.262s] -- Up-to-date: /home/joaco/proy_ws/install/moveit_wrapper/local/lib/python3.10/dist-packages/moveit_wrapper/srv/_string.py
[4.262s] -- Up-to-date: /home/joaco/proy_ws/install/moveit_wrapper/local/lib/python3.10/dist-packages/moveit_wrapper/srv/_string_s.c
[4.262s] -- Up-to-date: /home/joaco/proy_ws/install/moveit_wrapper/local/lib/python3.10/dist-packages/moveit_wrapper/srv/_move_to_joint_position.py
[4.262s] -- Up-to-date: /home/joaco/proy_ws/install/moveit_wrapper/local/lib/python3.10/dist-packages/moveit_wrapper/srv/_move_to_pose_s.c
[4.264s] -- Up-to-date: /home/joaco/proy_ws/install/moveit_wrapper/local/lib/python3.10/dist-packages/moveit_wrapper/srv/_move_to_pose.py
[4.264s] -- Up-to-date: /home/joaco/proy_ws/install/moveit_wrapper/local/lib/python3.10/dist-packages/moveit_wrapper/srv/__init__.py
[4.265s] -- Up-to-date: /home/joaco/proy_ws/install/moveit_wrapper/local/lib/python3.10/dist-packages/moveit_wrapper/srv/_move_to_joint_position_s.c
[4.265s] -- Up-to-date: /home/joaco/proy_ws/install/moveit_wrapper/local/lib/python3.10/dist-packages/moveit_wrapper/moveit_wrapper_s__rosidl_typesupport_introspection_c.cpython-310-x86_64-linux-gnu.so
[4.265s] -- Up-to-date: /home/joaco/proy_ws/install/moveit_wrapper/local/lib/python3.10/dist-packages/moveit_wrapper/_moveit_wrapper_s.ep.rosidl_typesupport_fastrtps_c.c
[4.265s] -- Up-to-date: /home/joaco/proy_ws/install/moveit_wrapper/local/lib/python3.10/dist-packages/moveit_wrapper/__init__.py
[4.378s] Listing '/home/joaco/proy_ws/install/moveit_wrapper/local/lib/python3.10/dist-packages/moveit_wrapper'...
[4.379s] Listing '/home/joaco/proy_ws/install/moveit_wrapper/local/lib/python3.10/dist-packages/moveit_wrapper/srv'...
[4.402s] -- Up-to-date: /home/joaco/proy_ws/install/moveit_wrapper/local/lib/python3.10/dist-packages/moveit_wrapper/moveit_wrapper_s__rosidl_typesupport_fastrtps_c.cpython-310-x86_64-linux-gnu.so
[4.402s] -- Up-to-date: /home/joaco/proy_ws/install/moveit_wrapper/local/lib/python3.10/dist-packages/moveit_wrapper/moveit_wrapper_s__rosidl_typesupport_introspection_c.cpython-310-x86_64-linux-gnu.so
[4.404s] -- Up-to-date: /home/joaco/proy_ws/install/moveit_wrapper/local/lib/python3.10/dist-packages/moveit_wrapper/moveit_wrapper_s__rosidl_typesupport_c.cpython-310-x86_64-linux-gnu.so
[4.405s] -- Up-to-date: /home/joaco/proy_ws/install/moveit_wrapper/lib/libmoveit_wrapper__rosidl_generator_py.so
[4.406s] -- Up-to-date: /home/joaco/proy_ws/install/moveit_wrapper/share/moveit_wrapper/srv/MoveToPose.idl
[4.407s] -- Up-to-date: /home/joaco/proy_ws/install/moveit_wrapper/share/moveit_wrapper/srv/MoveToJointPosition.idl
[4.407s] -- Up-to-date: /home/joaco/proy_ws/install/moveit_wrapper/share/moveit_wrapper/srv/String.idl
[4.408s] -- Up-to-date: /home/joaco/proy_ws/install/moveit_wrapper/share/moveit_wrapper/srv/MoveToPose.srv
[4.408s] -- Up-to-date: /home/joaco/proy_ws/install/moveit_wrapper/share/moveit_wrapper/srv/MoveToPose_Request.msg
[4.409s] -- Up-to-date: /home/joaco/proy_ws/install/moveit_wrapper/share/moveit_wrapper/srv/MoveToPose_Response.msg
[4.409s] -- Up-to-date: /home/joaco/proy_ws/install/moveit_wrapper/share/moveit_wrapper/srv/MoveToJointPosition.srv
[4.410s] -- Up-to-date: /home/joaco/proy_ws/install/moveit_wrapper/share/moveit_wrapper/srv/MoveToJointPosition_Request.msg
[4.410s] -- Up-to-date: /home/joaco/proy_ws/install/moveit_wrapper/share/moveit_wrapper/srv/MoveToJointPosition_Response.msg
[4.411s] -- Up-to-date: /home/joaco/proy_ws/install/moveit_wrapper/share/moveit_wrapper/srv/String.srv
[4.411s] -- Up-to-date: /home/joaco/proy_ws/install/moveit_wrapper/share/moveit_wrapper/srv/String_Request.msg
[4.411s] -- Up-to-date: /home/joaco/proy_ws/install/moveit_wrapper/share/moveit_wrapper/srv/String_Response.msg
[4.412s] -- Up-to-date: /home/joaco/proy_ws/install/moveit_wrapper/lib/libmoveit_wrapper_lib.so
[4.413s] -- Up-to-date: /home/joaco/proy_ws/install/moveit_wrapper/include
[4.413s] -- Up-to-date: /home/joaco/proy_ws/install/moveit_wrapper/include/moveit_wrapper
[4.414s] -- Up-to-date: /home/joaco/proy_ws/install/moveit_wrapper/include/moveit_wrapper/moveit_wrapper.h
[4.415s] -- Up-to-date: /home/joaco/proy_ws/install/moveit_wrapper/lib/moveit_wrapper/moveit_wrapper_node
[4.416s] -- Up-to-date: /home/joaco/proy_ws/install/moveit_wrapper/share/moveit_wrapper//launch
[4.417s] -- Up-to-date: /home/joaco/proy_ws/install/moveit_wrapper/share/moveit_wrapper//launch/moveit_wrapper.launch.py
[4.417s] -- Up-to-date: /home/joaco/proy_ws/install/moveit_wrapper/share/moveit_wrapper//srv
[4.418s] -- Up-to-date: /home/joaco/proy_ws/install/moveit_wrapper/share/moveit_wrapper//srv/MoveToPose.srv
[4.418s] -- Up-to-date: /home/joaco/proy_ws/install/moveit_wrapper/share/moveit_wrapper//srv/String.srv
[4.418s] -- Up-to-date: /home/joaco/proy_ws/install/moveit_wrapper/share/moveit_wrapper//srv/MoveToJointPosition.srv
[4.419s] -- Up-to-date: /home/joaco/proy_ws/install/moveit_wrapper/share/ament_index/resource_index/package_run_dependencies/moveit_wrapper
[4.420s] -- Up-to-date: /home/joaco/proy_ws/install/moveit_wrapper/share/ament_index/resource_index/parent_prefix_path/moveit_wrapper
[4.420s] -- Up-to-date: /home/joaco/proy_ws/install/moveit_wrapper/share/moveit_wrapper/environment/ament_prefix_path.sh
[4.421s] -- Up-to-date: /home/joaco/proy_ws/install/moveit_wrapper/share/moveit_wrapper/environment/ament_prefix_path.dsv
[4.421s] -- Up-to-date: /home/joaco/proy_ws/install/moveit_wrapper/share/moveit_wrapper/environment/path.sh
[4.422s] -- Up-to-date: /home/joaco/proy_ws/install/moveit_wrapper/share/moveit_wrapper/environment/path.dsv
[4.422s] -- Up-to-date: /home/joaco/proy_ws/install/moveit_wrapper/share/moveit_wrapper/local_setup.bash
[4.423s] -- Up-to-date: /home/joaco/proy_ws/install/moveit_wrapper/share/moveit_wrapper/local_setup.sh
[4.423s] -- Up-to-date: /home/joaco/proy_ws/install/moveit_wrapper/share/moveit_wrapper/local_setup.zsh
[4.424s] -- Up-to-date: /home/joaco/proy_ws/install/moveit_wrapper/share/moveit_wrapper/local_setup.dsv
[4.424s] -- Installing: /home/joaco/proy_ws/install/moveit_wrapper/share/moveit_wrapper/package.dsv
[4.425s] -- Up-to-date: /home/joaco/proy_ws/install/moveit_wrapper/share/ament_index/resource_index/packages/moveit_wrapper
[4.425s] -- Up-to-date: /home/joaco/proy_ws/install/moveit_wrapper/share/moveit_wrapper/cmake/export_moveit_wrapper__rosidl_generator_cExport.cmake
[4.426s] -- Up-to-date: /home/joaco/proy_ws/install/moveit_wrapper/share/moveit_wrapper/cmake/export_moveit_wrapper__rosidl_generator_cExport-noconfig.cmake
[4.426s] -- Up-to-date: /home/joaco/proy_ws/install/moveit_wrapper/share/moveit_wrapper/cmake/export_moveit_wrapper__rosidl_typesupport_fastrtps_cExport.cmake
[4.427s] -- Up-to-date: /home/joaco/proy_ws/install/moveit_wrapper/share/moveit_wrapper/cmake/export_moveit_wrapper__rosidl_typesupport_fastrtps_cExport-noconfig.cmake
[4.428s] -- Up-to-date: /home/joaco/proy_ws/install/moveit_wrapper/share/moveit_wrapper/cmake/export_moveit_wrapper__rosidl_generator_cppExport.cmake
[4.428s] -- Up-to-date: /home/joaco/proy_ws/install/moveit_wrapper/share/moveit_wrapper/cmake/export_moveit_wrapper__rosidl_typesupport_fastrtps_cppExport.cmake
[4.428s] -- Up-to-date: /home/joaco/proy_ws/install/moveit_wrapper/share/moveit_wrapper/cmake/export_moveit_wrapper__rosidl_typesupport_fastrtps_cppExport-noconfig.cmake
[4.429s] -- Up-to-date: /home/joaco/proy_ws/install/moveit_wrapper/share/moveit_wrapper/cmake/moveit_wrapper__rosidl_typesupport_introspection_cExport.cmake
[4.430s] -- Up-to-date: /home/joaco/proy_ws/install/moveit_wrapper/share/moveit_wrapper/cmake/moveit_wrapper__rosidl_typesupport_introspection_cExport-noconfig.cmake
[4.431s] -- Up-to-date: /home/joaco/proy_ws/install/moveit_wrapper/share/moveit_wrapper/cmake/moveit_wrapper__rosidl_typesupport_cExport.cmake
[4.432s] -- Up-to-date: /home/joaco/proy_ws/install/moveit_wrapper/share/moveit_wrapper/cmake/moveit_wrapper__rosidl_typesupport_cExport-noconfig.cmake
[4.433s] -- Up-to-date: /home/joaco/proy_ws/install/moveit_wrapper/share/moveit_wrapper/cmake/moveit_wrapper__rosidl_typesupport_introspection_cppExport.cmake
[4.435s] -- Up-to-date: /home/joaco/proy_ws/install/moveit_wrapper/share/moveit_wrapper/cmake/moveit_wrapper__rosidl_typesupport_introspection_cppExport-noconfig.cmake
[4.435s] -- Up-to-date: /home/joaco/proy_ws/install/moveit_wrapper/share/moveit_wrapper/cmake/moveit_wrapper__rosidl_typesupport_cppExport.cmake
[4.436s] -- Up-to-date: /home/joaco/proy_ws/install/moveit_wrapper/share/moveit_wrapper/cmake/moveit_wrapper__rosidl_typesupport_cppExport-noconfig.cmake
[4.436s] -- Up-to-date: /home/joaco/proy_ws/install/moveit_wrapper/share/moveit_wrapper/cmake/export_moveit_wrapper__rosidl_generator_pyExport.cmake
[4.437s] -- Up-to-date: /home/joaco/proy_ws/install/moveit_wrapper/share/moveit_wrapper/cmake/export_moveit_wrapper__rosidl_generator_pyExport-noconfig.cmake
[4.437s] -- Up-to-date: /home/joaco/proy_ws/install/moveit_wrapper/share/moveit_wrapper/cmake/rosidl_cmake-extras.cmake
[4.438s] -- Up-to-date: /home/joaco/proy_ws/install/moveit_wrapper/share/moveit_wrapper/cmake/ament_cmake_export_dependencies-extras.cmake
[4.439s] -- Up-to-date: /home/joaco/proy_ws/install/moveit_wrapper/share/moveit_wrapper/cmake/ament_cmake_export_include_directories-extras.cmake
[4.439s] -- Up-to-date: /home/joaco/proy_ws/install/moveit_wrapper/share/moveit_wrapper/cmake/ament_cmake_export_libraries-extras.cmake
[4.440s] -- Up-to-date: /home/joaco/proy_ws/install/moveit_wrapper/share/moveit_wrapper/cmake/ament_cmake_export_targets-extras.cmake
[4.440s] -- Up-to-date: /home/joaco/proy_ws/install/moveit_wrapper/share/moveit_wrapper/cmake/rosidl_cmake_export_typesupport_targets-extras.cmake
[4.440s] -- Up-to-date: /home/joaco/proy_ws/install/moveit_wrapper/share/moveit_wrapper/cmake/rosidl_cmake_export_typesupport_libraries-extras.cmake
[4.441s] -- Up-to-date: /home/joaco/proy_ws/install/moveit_wrapper/share/moveit_wrapper/cmake/moveit_wrapperConfig.cmake
[4.441s] -- Up-to-date: /home/joaco/proy_ws/install/moveit_wrapper/share/moveit_wrapper/cmake/moveit_wrapperConfig-version.cmake
[4.442s] -- Up-to-date: /home/joaco/proy_ws/install/moveit_wrapper/share/moveit_wrapper/package.xml
[4.457s] Invoked command in '/home/joaco/proy_ws/build/moveit_wrapper' returned '0': CMAKE_PREFIX_PATH=${CMAKE_PREFIX_PATH}:/home/joaco/proy_ws/install/ros_environment:/home/joaco/ws_moveit2/install/moveit_configs_utils:/home/joaco/ws_moveit2/install/ros_environment:/home/joaco/ws_moveit2/install/launch_param_builder:/home/joaco/ws_moveit2/install/diy_robot_application:/opt/ros/humble /usr/bin/cmake --install /home/joaco/proy_ws/build/moveit_wrapper
