[0.153s] Invoking command in '/home/joaco/proy_ws/build/diy_soft_gripper_driver': CMAKE_PREFIX_PATH=${CMAKE_PREFIX_PATH}:/home/joaco/proy_ws/install/ros_environment:/home/joaco/ws_moveit2/install/moveit_configs_utils:/home/joaco/ws_moveit2/install/ros_environment:/home/joaco/ws_moveit2/install/launch_param_builder:/home/joaco/ws_moveit2/install/diy_robot_application:/opt/ros/humble /usr/bin/cmake --build /home/joaco/proy_ws/build/diy_soft_gripper_driver -- -j3 -l3
[0.424s] [ 50%] Built target client
[0.430s] [100%] Built target server
[0.999s] Invoked command in '/home/joaco/proy_ws/build/diy_soft_gripper_driver' returned '0': CMAKE_PREFIX_PATH=${CMAKE_PREFIX_PATH}:/home/joaco/proy_ws/install/ros_environment:/home/joaco/ws_moveit2/install/moveit_configs_utils:/home/joaco/ws_moveit2/install/ros_environment:/home/joaco/ws_moveit2/install/launch_param_builder:/home/joaco/ws_moveit2/install/diy_robot_application:/opt/ros/humble /usr/bin/cmake --build /home/joaco/proy_ws/build/diy_soft_gripper_driver -- -j3 -l3
[1.201s] Invoking command in '/home/joaco/proy_ws/build/diy_soft_gripper_driver': CMAKE_PREFIX_PATH=${CMAKE_PREFIX_PATH}:/home/joaco/proy_ws/install/ros_environment:/home/joaco/ws_moveit2/install/moveit_configs_utils:/home/joaco/ws_moveit2/install/ros_environment:/home/joaco/ws_moveit2/install/launch_param_builder:/home/joaco/ws_moveit2/install/diy_robot_application:/opt/ros/humble /usr/bin/cmake --install /home/joaco/proy_ws/build/diy_soft_gripper_driver
[1.245s] -- Install configuration: ""
[1.246s] -- Up-to-date: /home/joaco/proy_ws/install/diy_soft_gripper_driver/lib/diy_soft_gripper_driver/server
[1.247s] -- Up-to-date: /home/joaco/proy_ws/install/diy_soft_gripper_driver/lib/diy_soft_gripper_driver/client
[1.251s] -- Up-to-date: /home/joaco/proy_ws/install/diy_soft_gripper_driver/include/include
[1.251s] -- Up-to-date: /home/joaco/proy_ws/install/diy_soft_gripper_driver/include/include/diy_soft_gripper_driver
[1.252s] -- Up-to-date: /home/joaco/proy_ws/install/diy_soft_gripper_driver/include/include/diy_soft_gripper_driver/helpers.hpp
[1.252s] -- Up-to-date: /home/joaco/proy_ws/install/diy_soft_gripper_driver/include/include/diy_soft_gripper_driver/DataFormat.hpp
[1.252s] -- Up-to-date: /home/joaco/proy_ws/install/diy_soft_gripper_driver/include/include/diy_soft_gripper_driver/RobotConnection.hpp
[1.253s] -- Up-to-date: /home/joaco/proy_ws/install/diy_soft_gripper_driver/share/diy_soft_gripper_driver//launch
[1.253s] -- Up-to-date: /home/joaco/proy_ws/install/diy_soft_gripper_driver/share/diy_soft_gripper_driver//launch/test_controller.launch.py
[1.253s] -- Up-to-date: /home/joaco/proy_ws/install/diy_soft_gripper_driver/share/diy_soft_gripper_driver//launch/controller.launch.py
[1.254s] -- Up-to-date: /home/joaco/proy_ws/install/diy_soft_gripper_driver/share/ament_index/resource_index/package_run_dependencies/diy_soft_gripper_driver
[1.254s] -- Up-to-date: /home/joaco/proy_ws/install/diy_soft_gripper_driver/share/ament_index/resource_index/parent_prefix_path/diy_soft_gripper_driver
[1.254s] -- Up-to-date: /home/joaco/proy_ws/install/diy_soft_gripper_driver/share/diy_soft_gripper_driver/environment/ament_prefix_path.sh
[1.255s] -- Up-to-date: /home/joaco/proy_ws/install/diy_soft_gripper_driver/share/diy_soft_gripper_driver/environment/ament_prefix_path.dsv
[1.255s] -- Up-to-date: /home/joaco/proy_ws/install/diy_soft_gripper_driver/share/diy_soft_gripper_driver/environment/path.sh
[1.255s] -- Up-to-date: /home/joaco/proy_ws/install/diy_soft_gripper_driver/share/diy_soft_gripper_driver/environment/path.dsv
[1.256s] -- Up-to-date: /home/joaco/proy_ws/install/diy_soft_gripper_driver/share/diy_soft_gripper_driver/local_setup.bash
[1.256s] -- Up-to-date: /home/joaco/proy_ws/install/diy_soft_gripper_driver/share/diy_soft_gripper_driver/local_setup.sh
[1.257s] -- Up-to-date: /home/joaco/proy_ws/install/diy_soft_gripper_driver/share/diy_soft_gripper_driver/local_setup.zsh
[1.257s] -- Up-to-date: /home/joaco/proy_ws/install/diy_soft_gripper_driver/share/diy_soft_gripper_driver/local_setup.dsv
[1.258s] -- Installing: /home/joaco/proy_ws/install/diy_soft_gripper_driver/share/diy_soft_gripper_driver/package.dsv
[1.259s] -- Up-to-date: /home/joaco/proy_ws/install/diy_soft_gripper_driver/share/ament_index/resource_index/packages/diy_soft_gripper_driver
[1.259s] -- Up-to-date: /home/joaco/proy_ws/install/diy_soft_gripper_driver/share/diy_soft_gripper_driver/cmake/ament_cmake_export_include_directories-extras.cmake
[1.260s] -- Up-to-date: /home/joaco/proy_ws/install/diy_soft_gripper_driver/share/diy_soft_gripper_driver/cmake/diy_soft_gripper_driverConfig.cmake
[1.260s] -- Up-to-date: /home/joaco/proy_ws/install/diy_soft_gripper_driver/share/diy_soft_gripper_driver/cmake/diy_soft_gripper_driverConfig-version.cmake
[1.261s] -- Up-to-date: /home/joaco/proy_ws/install/diy_soft_gripper_driver/share/diy_soft_gripper_driver/package.xml
[1.269s] Invoked command in '/home/joaco/proy_ws/build/diy_soft_gripper_driver' returned '0': CMAKE_PREFIX_PATH=${CMAKE_PREFIX_PATH}:/home/joaco/proy_ws/install/ros_environment:/home/joaco/ws_moveit2/install/moveit_configs_utils:/home/joaco/ws_moveit2/install/ros_environment:/home/joaco/ws_moveit2/install/launch_param_builder:/home/joaco/ws_moveit2/install/diy_robot_application:/opt/ros/humble /usr/bin/cmake --install /home/joaco/proy_ws/build/diy_soft_gripper_driver
