[35m[1mConsolidate compiler generated dependencies of target esp32_interface_plugin[0m
[100%] Built target esp32_interface_plugin
-- Install configuration: ""
-- Up-to-date: /home/joaco/proy_ws/install/diy_robotarm_wer24_driver/share/diy_robotarm_wer24_driver/esp32_interface_plugin.xml
-- Up-to-date: /home/joaco/proy_ws/install/diy_robotarm_wer24_driver/lib/libesp32_interface_plugin.so
-- Up-to-date: /home/joaco/proy_ws/install/diy_robotarm_wer24_driver/include
-- Up-to-date: /home/joaco/proy_ws/install/diy_robotarm_wer24_driver/include/esp32_robot_driver
-- Up-to-date: /home/joaco/proy_ws/install/diy_robotarm_wer24_driver/include/esp32_robot_driver/data_format.hpp
-- Up-to-date: /home/joaco/proy_ws/install/diy_robotarm_wer24_driver/include/esp32_robot_driver/esp32_interface.hpp
-- Up-to-date: /home/joaco/proy_ws/install/diy_robotarm_wer24_driver/include/esp32_robot_driver/robot_connection.hpp
-- Up-to-date: /home/joaco/proy_ws/install/diy_robotarm_wer24_driver/share/diy_robotarm_wer24_driver//launch
-- Up-to-date: /home/joaco/proy_ws/install/diy_robotarm_wer24_driver/share/diy_robotarm_wer24_driver//launch/visualize.launch.py
-- Up-to-date: /home/joaco/proy_ws/install/diy_robotarm_wer24_driver/share/diy_robotarm_wer24_driver//launch/forward_controller.launch.py
-- Up-to-date: /home/joaco/proy_ws/install/diy_robotarm_wer24_driver/share/diy_robotarm_wer24_driver//launch/trajectory_controller.launch.py
-- Up-to-date: /home/joaco/proy_ws/install/diy_robotarm_wer24_driver/share/diy_robotarm_wer24_driver//config
-- Up-to-date: /home/joaco/proy_ws/install/diy_robotarm_wer24_driver/share/diy_robotarm_wer24_driver//config/esp32_controller.yaml
-- Up-to-date: /home/joaco/proy_ws/install/diy_robotarm_wer24_driver/share/diy_robotarm_wer24_driver/environment/library_path.sh
-- Up-to-date: /home/joaco/proy_ws/install/diy_robotarm_wer24_driver/share/diy_robotarm_wer24_driver/environment/library_path.dsv
-- Up-to-date: /home/joaco/proy_ws/install/diy_robotarm_wer24_driver/share/ament_index/resource_index/package_run_dependencies/diy_robotarm_wer24_driver
-- Up-to-date: /home/joaco/proy_ws/install/diy_robotarm_wer24_driver/share/ament_index/resource_index/parent_prefix_path/diy_robotarm_wer24_driver
-- Up-to-date: /home/joaco/proy_ws/install/diy_robotarm_wer24_driver/share/diy_robotarm_wer24_driver/environment/ament_prefix_path.sh
-- Up-to-date: /home/joaco/proy_ws/install/diy_robotarm_wer24_driver/share/diy_robotarm_wer24_driver/environment/ament_prefix_path.dsv
-- Up-to-date: /home/joaco/proy_ws/install/diy_robotarm_wer24_driver/share/diy_robotarm_wer24_driver/environment/path.sh
-- Up-to-date: /home/joaco/proy_ws/install/diy_robotarm_wer24_driver/share/diy_robotarm_wer24_driver/environment/path.dsv
-- Up-to-date: /home/joaco/proy_ws/install/diy_robotarm_wer24_driver/share/diy_robotarm_wer24_driver/local_setup.bash
-- Up-to-date: /home/joaco/proy_ws/install/diy_robotarm_wer24_driver/share/diy_robotarm_wer24_driver/local_setup.sh
-- Up-to-date: /home/joaco/proy_ws/install/diy_robotarm_wer24_driver/share/diy_robotarm_wer24_driver/local_setup.zsh
-- Up-to-date: /home/joaco/proy_ws/install/diy_robotarm_wer24_driver/share/diy_robotarm_wer24_driver/local_setup.dsv
-- Installing: /home/joaco/proy_ws/install/diy_robotarm_wer24_driver/share/diy_robotarm_wer24_driver/package.dsv
-- Up-to-date: /home/joaco/proy_ws/install/diy_robotarm_wer24_driver/share/ament_index/resource_index/packages/diy_robotarm_wer24_driver
-- Up-to-date: /home/joaco/proy_ws/install/diy_robotarm_wer24_driver/share/ament_index/resource_index/hardware_interface__pluginlib__plugin/diy_robotarm_wer24_driver
-- Up-to-date: /home/joaco/proy_ws/install/diy_robotarm_wer24_driver/share/diy_robotarm_wer24_driver/cmake/ament_cmake_export_include_directories-extras.cmake
-- Up-to-date: /home/joaco/proy_ws/install/diy_robotarm_wer24_driver/share/diy_robotarm_wer24_driver/cmake/ament_cmake_export_libraries-extras.cmake
-- Up-to-date: /home/joaco/proy_ws/install/diy_robotarm_wer24_driver/share/diy_robotarm_wer24_driver/cmake/ament_cmake_export_dependencies-extras.cmake
-- Up-to-date: /home/joaco/proy_ws/install/diy_robotarm_wer24_driver/share/diy_robotarm_wer24_driver/cmake/diy_robotarm_wer24_driverConfig.cmake
-- Up-to-date: /home/joaco/proy_ws/install/diy_robotarm_wer24_driver/share/diy_robotarm_wer24_driver/cmake/diy_robotarm_wer24_driverConfig-version.cmake
-- Up-to-date: /home/joaco/proy_ws/install/diy_robotarm_wer24_driver/share/diy_robotarm_wer24_driver/package.xml
