-- Install configuration: ""
-- Up-to-date: /home/joaco/proy_ws/install/my_robot_moveit/share/my_robot_moveit//launch
-- Installing: /home/joaco/proy_ws/install/my_robot_moveit/share/my_robot_moveit//launch/robot.launch.py
-- Up-to-date: /home/joaco/proy_ws/install/my_robot_moveit/share/my_robot_moveit//launch/complete.launch.py
-- Up-to-date: /home/joaco/proy_ws/install/my_robot_moveit/share/my_robot_moveit//config
-- Up-to-date: /home/joaco/proy_ws/install/my_robot_moveit/share/my_robot_moveit//config/controllers.yaml
-- Up-to-date: /home/joaco/proy_ws/install/my_robot_moveit/share/my_robot_moveit//config/ompl_planning.yaml
-- Up-to-date: /home/joaco/proy_ws/install/my_robot_moveit/share/my_robot_moveit//config/kinematics.yaml
-- Up-to-date: /home/joaco/proy_ws/install/my_robot_moveit/share/my_robot_moveit//srdf
-- Up-to-date: /home/joaco/proy_ws/install/my_robot_moveit/share/my_robot_moveit//srdf/robot.srdf.xacro
-- Up-to-date: /home/joaco/proy_ws/install/my_robot_moveit/share/my_robot_moveit//srdf/robot_macro.srdf.xacro
-- Up-to-date: /home/joaco/proy_ws/install/my_robot_moveit/share/my_robot_moveit//rviz
-- Up-to-date: /home/joaco/proy_ws/install/my_robot_moveit/share/my_robot_moveit//rviz/rviz_config.rviz
-- Up-to-date: /home/joaco/proy_ws/install/my_robot_moveit/share/ament_index/resource_index/package_run_dependencies/my_robot_moveit
-- Up-to-date: /home/joaco/proy_ws/install/my_robot_moveit/share/ament_index/resource_index/parent_prefix_path/my_robot_moveit
-- Up-to-date: /home/joaco/proy_ws/install/my_robot_moveit/share/my_robot_moveit/environment/ament_prefix_path.sh
-- Up-to-date: /home/joaco/proy_ws/install/my_robot_moveit/share/my_robot_moveit/environment/ament_prefix_path.dsv
-- Up-to-date: /home/joaco/proy_ws/install/my_robot_moveit/share/my_robot_moveit/environment/path.sh
-- Up-to-date: /home/joaco/proy_ws/install/my_robot_moveit/share/my_robot_moveit/environment/path.dsv
-- Up-to-date: /home/joaco/proy_ws/install/my_robot_moveit/share/my_robot_moveit/local_setup.bash
-- Up-to-date: /home/joaco/proy_ws/install/my_robot_moveit/share/my_robot_moveit/local_setup.sh
-- Up-to-date: /home/joaco/proy_ws/install/my_robot_moveit/share/my_robot_moveit/local_setup.zsh
-- Up-to-date: /home/joaco/proy_ws/install/my_robot_moveit/share/my_robot_moveit/local_setup.dsv
-- Up-to-date: /home/joaco/proy_ws/install/my_robot_moveit/share/my_robot_moveit/package.dsv
-- Up-to-date: /home/joaco/proy_ws/install/my_robot_moveit/share/ament_index/resource_index/packages/my_robot_moveit
-- Up-to-date: /home/joaco/proy_ws/install/my_robot_moveit/share/my_robot_moveit/cmake/my_robot_moveitConfig.cmake
-- Up-to-date: /home/joaco/proy_ws/install/my_robot_moveit/share/my_robot_moveit/cmake/my_robot_moveitConfig-version.cmake
-- Up-to-date: /home/joaco/proy_ws/install/my_robot_moveit/share/my_robot_moveit/package.xml
