[0.093s] Invoking command in '/home/joaco/proy_ws/build/diy_robotarm_wer24_driver': CMAKE_PREFIX_PATH=${CMAKE_PREFIX_PATH}:/home/joaco/proy_ws/install/ros_environment:/home/joaco/ws_moveit2/install/moveit_configs_utils:/home/joaco/ws_moveit2/install/ros_environment:/home/joaco/ws_moveit2/install/launch_param_builder:/home/joaco/ws_moveit2/install/diy_robot_application:/opt/ros/humble /usr/bin/cmake --build /home/joaco/proy_ws/build/diy_robotarm_wer24_driver -- -j3 -l3
[0.382s] [100%] Built target esp32_interface_plugin
[0.477s] Invoked command in '/home/joaco/proy_ws/build/diy_robotarm_wer24_driver' returned '0': CMAKE_PREFIX_PATH=${CMAKE_PREFIX_PATH}:/home/joaco/proy_ws/install/ros_environment:/home/joaco/ws_moveit2/install/moveit_configs_utils:/home/joaco/ws_moveit2/install/ros_environment:/home/joaco/ws_moveit2/install/launch_param_builder:/home/joaco/ws_moveit2/install/diy_robot_application:/opt/ros/humble /usr/bin/cmake --build /home/joaco/proy_ws/build/diy_robotarm_wer24_driver -- -j3 -l3
[0.677s] Invoking command in '/home/joaco/proy_ws/build/diy_robotarm_wer24_driver': CMAKE_PREFIX_PATH=${CMAKE_PREFIX_PATH}:/home/joaco/proy_ws/install/ros_environment:/home/joaco/ws_moveit2/install/moveit_configs_utils:/home/joaco/ws_moveit2/install/ros_environment:/home/joaco/ws_moveit2/install/launch_param_builder:/home/joaco/ws_moveit2/install/diy_robot_application:/opt/ros/humble /usr/bin/cmake --install /home/joaco/proy_ws/build/diy_robotarm_wer24_driver
[0.722s] -- Install configuration: ""
[0.722s] -- Up-to-date: /home/joaco/proy_ws/install/diy_robotarm_wer24_driver/share/diy_robotarm_wer24_driver/esp32_interface_plugin.xml
[0.723s] -- Up-to-date: /home/joaco/proy_ws/install/diy_robotarm_wer24_driver/lib/libesp32_interface_plugin.so
[0.723s] -- Up-to-date: /home/joaco/proy_ws/install/diy_robotarm_wer24_driver/include
[0.724s] -- Up-to-date: /home/joaco/proy_ws/install/diy_robotarm_wer24_driver/include/esp32_robot_driver
[0.724s] -- Up-to-date: /home/joaco/proy_ws/install/diy_robotarm_wer24_driver/include/esp32_robot_driver/data_format.hpp
[0.724s] -- Up-to-date: /home/joaco/proy_ws/install/diy_robotarm_wer24_driver/include/esp32_robot_driver/esp32_interface.hpp
[0.725s] -- Up-to-date: /home/joaco/proy_ws/install/diy_robotarm_wer24_driver/include/esp32_robot_driver/robot_connection.hpp
[0.725s] -- Up-to-date: /home/joaco/proy_ws/install/diy_robotarm_wer24_driver/share/diy_robotarm_wer24_driver//launch
[0.725s] -- Up-to-date: /home/joaco/proy_ws/install/diy_robotarm_wer24_driver/share/diy_robotarm_wer24_driver//launch/visualize.launch.py
[0.726s] -- Up-to-date: /home/joaco/proy_ws/install/diy_robotarm_wer24_driver/share/diy_robotarm_wer24_driver//launch/forward_controller.launch.py
[0.726s] -- Up-to-date: /home/joaco/proy_ws/install/diy_robotarm_wer24_driver/share/diy_robotarm_wer24_driver//launch/trajectory_controller.launch.py
[0.726s] -- Up-to-date: /home/joaco/proy_ws/install/diy_robotarm_wer24_driver/share/diy_robotarm_wer24_driver//config
[0.727s] -- Up-to-date: /home/joaco/proy_ws/install/diy_robotarm_wer24_driver/share/diy_robotarm_wer24_driver//config/esp32_controller.yaml
[0.727s] -- Up-to-date: /home/joaco/proy_ws/install/diy_robotarm_wer24_driver/share/diy_robotarm_wer24_driver/environment/library_path.sh
[0.727s] -- Up-to-date: /home/joaco/proy_ws/install/diy_robotarm_wer24_driver/share/diy_robotarm_wer24_driver/environment/library_path.dsv
[0.727s] -- Up-to-date: /home/joaco/proy_ws/install/diy_robotarm_wer24_driver/share/ament_index/resource_index/package_run_dependencies/diy_robotarm_wer24_driver
[0.728s] -- Up-to-date: /home/joaco/proy_ws/install/diy_robotarm_wer24_driver/share/ament_index/resource_index/parent_prefix_path/diy_robotarm_wer24_driver
[0.728s] -- Up-to-date: /home/joaco/proy_ws/install/diy_robotarm_wer24_driver/share/diy_robotarm_wer24_driver/environment/ament_prefix_path.sh
[0.728s] -- Up-to-date: /home/joaco/proy_ws/install/diy_robotarm_wer24_driver/share/diy_robotarm_wer24_driver/environment/ament_prefix_path.dsv
[0.728s] -- Up-to-date: /home/joaco/proy_ws/install/diy_robotarm_wer24_driver/share/diy_robotarm_wer24_driver/environment/path.sh
[0.728s] -- Up-to-date: /home/joaco/proy_ws/install/diy_robotarm_wer24_driver/share/diy_robotarm_wer24_driver/environment/path.dsv
[0.728s] -- Up-to-date: /home/joaco/proy_ws/install/diy_robotarm_wer24_driver/share/diy_robotarm_wer24_driver/local_setup.bash
[0.728s] -- Up-to-date: /home/joaco/proy_ws/install/diy_robotarm_wer24_driver/share/diy_robotarm_wer24_driver/local_setup.sh
[0.729s] -- Up-to-date: /home/joaco/proy_ws/install/diy_robotarm_wer24_driver/share/diy_robotarm_wer24_driver/local_setup.zsh
[0.729s] -- Up-to-date: /home/joaco/proy_ws/install/diy_robotarm_wer24_driver/share/diy_robotarm_wer24_driver/local_setup.dsv
[0.729s] -- Installing: /home/joaco/proy_ws/install/diy_robotarm_wer24_driver/share/diy_robotarm_wer24_driver/package.dsv
[0.729s] -- Up-to-date: /home/joaco/proy_ws/install/diy_robotarm_wer24_driver/share/ament_index/resource_index/packages/diy_robotarm_wer24_driver
[0.729s] -- Up-to-date: /home/joaco/proy_ws/install/diy_robotarm_wer24_driver/share/ament_index/resource_index/hardware_interface__pluginlib__plugin/diy_robotarm_wer24_driver
[0.729s] -- Up-to-date: /home/joaco/proy_ws/install/diy_robotarm_wer24_driver/share/diy_robotarm_wer24_driver/cmake/ament_cmake_export_include_directories-extras.cmake
[0.732s] -- Up-to-date: /home/joaco/proy_ws/install/diy_robotarm_wer24_driver/share/diy_robotarm_wer24_driver/cmake/ament_cmake_export_libraries-extras.cmake
[0.736s] -- Up-to-date: /home/joaco/proy_ws/install/diy_robotarm_wer24_driver/share/diy_robotarm_wer24_driver/cmake/ament_cmake_export_dependencies-extras.cmake
[0.736s] -- Up-to-date: /home/joaco/proy_ws/install/diy_robotarm_wer24_driver/share/diy_robotarm_wer24_driver/cmake/diy_robotarm_wer24_driverConfig.cmake
[0.736s] -- Up-to-date: /home/joaco/proy_ws/install/diy_robotarm_wer24_driver/share/diy_robotarm_wer24_driver/cmake/diy_robotarm_wer24_driverConfig-version.cmake
[0.736s] -- Up-to-date: /home/joaco/proy_ws/install/diy_robotarm_wer24_driver/share/diy_robotarm_wer24_driver/package.xml
[0.828s] Invoked command in '/home/joaco/proy_ws/build/diy_robotarm_wer24_driver' returned '0': CMAKE_PREFIX_PATH=${CMAKE_PREFIX_PATH}:/home/joaco/proy_ws/install/ros_environment:/home/joaco/ws_moveit2/install/moveit_configs_utils:/home/joaco/ws_moveit2/install/ros_environment:/home/joaco/ws_moveit2/install/launch_param_builder:/home/joaco/ws_moveit2/install/diy_robot_application:/opt/ros/humble /usr/bin/cmake --install /home/joaco/proy_ws/build/diy_robotarm_wer24_driver
