-- The C compiler identification is GNU 11.4.0
-- The CXX compiler identification is GNU 11.4.0
-- Detecting C compiler ABI info
-- Detecting C compiler ABI info - done
-- Check for working C compiler: /usr/bin/cc - skipped
-- Detecting C compile features
-- Detecting C compile features - done
-- Detecting CXX compiler ABI info
-- Detecting CXX compiler ABI info - done
-- Check for working CXX compiler: /usr/bin/c++ - skipped
-- Detecting CXX compile features
-- Detecting CXX compile features - done
-- Found ament_cmake: 1.3.9 (/opt/ros/humble/share/ament_cmake/cmake)
-- Found Python3: /usr/bin/python3 (found version "3.10.12") found components: Interpreter 
-- Found my_robot_description: 0.0.0 (/home/joaco/proy_ws/install/my_robot_description/share/my_robot_description/cmake)
-- Found my_gripper_description: 0.0.0 (/home/joaco/proy_ws/install/my_gripper_description/share/my_gripper_description/cmake)
-- Found xacro: 2.0.8 (/opt/ros/humble/share/xacro/cmake)
-- Found ament_lint_auto: 0.12.11 (/opt/ros/humble/share/ament_lint_auto/cmake)
-- Added test 'flake8' to check Python code syntax and style conventions
-- Added test 'lint_cmake' to check CMake code style
-- Added test 'pep257' to check Python code against some of the docstring style conventions in PEP 257
-- Added test 'xmllint' to check XML markup files
-- Configuring done
-- Generating done
-- Build files have been written to: /home/joaco/proy_ws/build/full_cell_description
-- Install configuration: ""
-- Installing: /home/joaco/proy_ws/install/full_cell_description/share/ament_index/resource_index/package_run_dependencies/full_cell_description
-- Installing: /home/joaco/proy_ws/install/full_cell_description/share/ament_index/resource_index/parent_prefix_path/full_cell_description
-- Installing: /home/joaco/proy_ws/install/full_cell_description/share/full_cell_description/environment/ament_prefix_path.sh
-- Installing: /home/joaco/proy_ws/install/full_cell_description/share/full_cell_description/environment/ament_prefix_path.dsv
-- Installing: /home/joaco/proy_ws/install/full_cell_description/share/full_cell_description/environment/path.sh
-- Installing: /home/joaco/proy_ws/install/full_cell_description/share/full_cell_description/environment/path.dsv
-- Installing: /home/joaco/proy_ws/install/full_cell_description/share/full_cell_description/local_setup.bash
-- Installing: /home/joaco/proy_ws/install/full_cell_description/share/full_cell_description/local_setup.sh
-- Installing: /home/joaco/proy_ws/install/full_cell_description/share/full_cell_description/local_setup.zsh
-- Installing: /home/joaco/proy_ws/install/full_cell_description/share/full_cell_description/local_setup.dsv
-- Installing: /home/joaco/proy_ws/install/full_cell_description/share/full_cell_description/package.dsv
-- Installing: /home/joaco/proy_ws/install/full_cell_description/share/ament_index/resource_index/packages/full_cell_description
-- Installing: /home/joaco/proy_ws/install/full_cell_description/share/full_cell_description/cmake/full_cell_descriptionConfig.cmake
-- Installing: /home/joaco/proy_ws/install/full_cell_description/share/full_cell_description/cmake/full_cell_descriptionConfig-version.cmake
-- Installing: /home/joaco/proy_ws/install/full_cell_description/share/full_cell_description/package.xml
