[0.312s] DEBUG:colcon:Command line arguments: ['/usr/bin/colcon', 'build']
[0.312s] DEBUG:colcon:Parsed command line arguments: Namespace(log_base=None, log_level=None, verb_name='build', build_base='build', install_base='install', merge_install=False, symlink_install=False, test_result_base=None, continue_on_error=False, executor='parallel', parallel_workers=3, event_handlers=None, ignore_user_meta=False, metas=['./colcon.meta'], base_paths=['.'], packages_ignore=None, packages_ignore_regex=None, paths=None, packages_up_to=None, packages_up_to_regex=None, packages_above=None, packages_above_and_dependencies=None, packages_above_depth=None, packages_select_by_dep=None, packages_skip_by_dep=None, packages_skip_up_to=None, packages_select_build_failed=False, packages_skip_build_finished=False, packages_select_test_failures=False, packages_skip_test_passed=False, packages_select=None, packages_skip=None, packages_select_regex=None, packages_skip_regex=None, packages_start=None, packages_end=None, allow_overriding=[], cmake_args=None, cmake_target=None, cmake_target_skip_unavailable=False, cmake_clean_cache=False, cmake_clean_first=False, cmake_force_configure=False, ament_cmake_args=None, catkin_cmake_args=None, catkin_skip_building_tests=False, mixin_files=None, mixin=None, verb_parser=<colcon_mixin.mixin.mixin_argument.MixinArgumentDecorator object at 0x73e45f8dfc40>, verb_extension=<colcon_core.verb.build.BuildVerb object at 0x73e45f8df730>, main=<bound method BuildVerb.main of <colcon_core.verb.build.BuildVerb object at 0x73e45f8df730>>, mixin_verb=('build',))
[0.769s] Level 1:colcon.colcon_core.package_discovery:discover_packages(colcon_meta) check parameters
[0.769s] Level 1:colcon.colcon_core.package_discovery:discover_packages(recursive) check parameters
[0.770s] Level 1:colcon.colcon_core.package_discovery:discover_packages(ignore) check parameters
[0.770s] Level 1:colcon.colcon_core.package_discovery:discover_packages(path) check parameters
[0.770s] Level 1:colcon.colcon_core.package_discovery:discover_packages(colcon_meta) discover
[0.770s] Level 1:colcon.colcon_core.package_discovery:discover_packages(recursive) discover
[0.770s] INFO:colcon.colcon_core.package_discovery:Crawling recursively for packages in '/home/joaco/proy_ws'
[0.770s] Level 1:colcon.colcon_core.package_identification:_identify(.) by extensions ['ignore', 'ignore_ament_install']
[0.770s] Level 1:colcon.colcon_core.package_identification:_identify(.) by extension 'ignore'
[0.770s] Level 1:colcon.colcon_core.package_identification:_identify(.) by extension 'ignore_ament_install'
[0.771s] Level 1:colcon.colcon_core.package_identification:_identify(.) by extensions ['colcon_pkg']
[0.771s] Level 1:colcon.colcon_core.package_identification:_identify(.) by extension 'colcon_pkg'
[0.771s] Level 1:colcon.colcon_core.package_identification:_identify(.) by extensions ['colcon_meta']
[0.771s] Level 1:colcon.colcon_core.package_identification:_identify(.) by extension 'colcon_meta'
[0.771s] Level 1:colcon.colcon_core.package_identification:_identify(.) by extensions ['ros']
[0.771s] Level 1:colcon.colcon_core.package_identification:_identify(.) by extension 'ros'
[0.795s] Level 1:colcon.colcon_core.package_identification:_identify(.) by extensions ['cmake', 'python']
[0.796s] Level 1:colcon.colcon_core.package_identification:_identify(.) by extension 'cmake'
[0.796s] Level 1:colcon.colcon_core.package_identification:_identify(.) by extension 'python'
[0.796s] Level 1:colcon.colcon_core.package_identification:_identify(.) by extensions ['python_setup_py']
[0.796s] Level 1:colcon.colcon_core.package_identification:_identify(.) by extension 'python_setup_py'
[0.796s] Level 1:colcon.colcon_core.package_identification:_identify(build) by extensions ['ignore', 'ignore_ament_install']
[0.796s] Level 1:colcon.colcon_core.package_identification:_identify(build) by extension 'ignore'
[0.796s] Level 1:colcon.colcon_core.package_identification:_identify(build) ignored
[0.797s] Level 1:colcon.colcon_core.package_identification:_identify(install) by extensions ['ignore', 'ignore_ament_install']
[0.797s] Level 1:colcon.colcon_core.package_identification:_identify(install) by extension 'ignore'
[0.797s] Level 1:colcon.colcon_core.package_identification:_identify(install) ignored
[0.797s] Level 1:colcon.colcon_core.package_identification:_identify(log) by extensions ['ignore', 'ignore_ament_install']
[0.797s] Level 1:colcon.colcon_core.package_identification:_identify(log) by extension 'ignore'
[0.798s] Level 1:colcon.colcon_core.package_identification:_identify(log) ignored
[0.798s] Level 1:colcon.colcon_core.package_identification:_identify(src) by extensions ['ignore', 'ignore_ament_install']
[0.798s] Level 1:colcon.colcon_core.package_identification:_identify(src) by extension 'ignore'
[0.798s] Level 1:colcon.colcon_core.package_identification:_identify(src) by extension 'ignore_ament_install'
[0.798s] Level 1:colcon.colcon_core.package_identification:_identify(src) by extensions ['colcon_pkg']
[0.798s] Level 1:colcon.colcon_core.package_identification:_identify(src) by extension 'colcon_pkg'
[0.798s] Level 1:colcon.colcon_core.package_identification:_identify(src) by extensions ['colcon_meta']
[0.798s] Level 1:colcon.colcon_core.package_identification:_identify(src) by extension 'colcon_meta'
[0.798s] Level 1:colcon.colcon_core.package_identification:_identify(src) by extensions ['ros']
[0.798s] Level 1:colcon.colcon_core.package_identification:_identify(src) by extension 'ros'
[0.799s] Level 1:colcon.colcon_core.package_identification:_identify(src) by extensions ['cmake', 'python']
[0.799s] Level 1:colcon.colcon_core.package_identification:_identify(src) by extension 'cmake'
[0.799s] Level 1:colcon.colcon_core.package_identification:_identify(src) by extension 'python'
[0.799s] Level 1:colcon.colcon_core.package_identification:_identify(src) by extensions ['python_setup_py']
[0.799s] Level 1:colcon.colcon_core.package_identification:_identify(src) by extension 'python_setup_py'
[0.799s] Level 1:colcon.colcon_core.package_identification:_identify(src/build) by extensions ['ignore', 'ignore_ament_install']
[0.799s] Level 1:colcon.colcon_core.package_identification:_identify(src/build) by extension 'ignore'
[0.799s] Level 1:colcon.colcon_core.package_identification:_identify(src/build) ignored
[0.800s] Level 1:colcon.colcon_core.package_identification:_identify(src/full_cell_description) by extensions ['ignore', 'ignore_ament_install']
[0.800s] Level 1:colcon.colcon_core.package_identification:_identify(src/full_cell_description) by extension 'ignore'
[0.800s] Level 1:colcon.colcon_core.package_identification:_identify(src/full_cell_description) by extension 'ignore_ament_install'
[0.800s] Level 1:colcon.colcon_core.package_identification:_identify(src/full_cell_description) by extensions ['colcon_pkg']
[0.800s] Level 1:colcon.colcon_core.package_identification:_identify(src/full_cell_description) by extension 'colcon_pkg'
[0.800s] Level 1:colcon.colcon_core.package_identification:_identify(src/full_cell_description) by extensions ['colcon_meta']
[0.800s] Level 1:colcon.colcon_core.package_identification:_identify(src/full_cell_description) by extension 'colcon_meta'
[0.800s] Level 1:colcon.colcon_core.package_identification:_identify(src/full_cell_description) by extensions ['ros']
[0.801s] Level 1:colcon.colcon_core.package_identification:_identify(src/full_cell_description) by extension 'ros'
[0.806s] DEBUG:colcon.colcon_core.package_identification:Package 'src/full_cell_description' with type 'ros.ament_cmake' and name 'full_cell_description'
[0.807s] Level 1:colcon.colcon_core.package_identification:_identify(src/install) by extensions ['ignore', 'ignore_ament_install']
[0.807s] Level 1:colcon.colcon_core.package_identification:_identify(src/install) by extension 'ignore'
[0.807s] Level 1:colcon.colcon_core.package_identification:_identify(src/install) ignored
[0.807s] Level 1:colcon.colcon_core.package_identification:_identify(src/log) by extensions ['ignore', 'ignore_ament_install']
[0.807s] Level 1:colcon.colcon_core.package_identification:_identify(src/log) by extension 'ignore'
[0.807s] Level 1:colcon.colcon_core.package_identification:_identify(src/log) ignored
[0.808s] Level 1:colcon.colcon_core.package_identification:_identify(src/my_gripper_description) by extensions ['ignore', 'ignore_ament_install']
[0.808s] Level 1:colcon.colcon_core.package_identification:_identify(src/my_gripper_description) by extension 'ignore'
[0.808s] Level 1:colcon.colcon_core.package_identification:_identify(src/my_gripper_description) by extension 'ignore_ament_install'
[0.808s] Level 1:colcon.colcon_core.package_identification:_identify(src/my_gripper_description) by extensions ['colcon_pkg']
[0.808s] Level 1:colcon.colcon_core.package_identification:_identify(src/my_gripper_description) by extension 'colcon_pkg'
[0.808s] Level 1:colcon.colcon_core.package_identification:_identify(src/my_gripper_description) by extensions ['colcon_meta']
[0.808s] Level 1:colcon.colcon_core.package_identification:_identify(src/my_gripper_description) by extension 'colcon_meta'
[0.809s] Level 1:colcon.colcon_core.package_identification:_identify(src/my_gripper_description) by extensions ['ros']
[0.809s] Level 1:colcon.colcon_core.package_identification:_identify(src/my_gripper_description) by extension 'ros'
[0.810s] DEBUG:colcon.colcon_core.package_identification:Package 'src/my_gripper_description' with type 'ros.ament_cmake' and name 'my_gripper_description'
[0.810s] Level 1:colcon.colcon_core.package_identification:_identify(src/my_robot_description) by extensions ['ignore', 'ignore_ament_install']
[0.810s] Level 1:colcon.colcon_core.package_identification:_identify(src/my_robot_description) by extension 'ignore'
[0.810s] Level 1:colcon.colcon_core.package_identification:_identify(src/my_robot_description) by extension 'ignore_ament_install'
[0.810s] Level 1:colcon.colcon_core.package_identification:_identify(src/my_robot_description) by extensions ['colcon_pkg']
[0.811s] Level 1:colcon.colcon_core.package_identification:_identify(src/my_robot_description) by extension 'colcon_pkg'
[0.811s] Level 1:colcon.colcon_core.package_identification:_identify(src/my_robot_description) by extensions ['colcon_meta']
[0.811s] Level 1:colcon.colcon_core.package_identification:_identify(src/my_robot_description) by extension 'colcon_meta'
[0.811s] Level 1:colcon.colcon_core.package_identification:_identify(src/my_robot_description) by extensions ['ros']
[0.811s] Level 1:colcon.colcon_core.package_identification:_identify(src/my_robot_description) by extension 'ros'
[0.812s] DEBUG:colcon.colcon_core.package_identification:Package 'src/my_robot_description' with type 'ros.ament_cmake' and name 'my_robot_description'
[0.812s] Level 1:colcon.colcon_core.package_discovery:discover_packages(recursive) using defaults
[0.813s] Level 1:colcon.colcon_core.package_discovery:discover_packages(ignore) discover
[0.813s] Level 1:colcon.colcon_core.package_discovery:discover_packages(ignore) using defaults
[0.813s] Level 1:colcon.colcon_core.package_discovery:discover_packages(path) discover
[0.813s] Level 1:colcon.colcon_core.package_discovery:discover_packages(path) using defaults
[0.887s] Level 1:colcon.colcon_core.package_discovery:discover_packages(prefix_path) check parameters
[0.887s] Level 1:colcon.colcon_core.package_discovery:discover_packages(prefix_path) discover
[0.901s] DEBUG:colcon.colcon_installed_package_information.package_discovery:Found 64 installed packages in /home/joaco/ws_moveit2/install
[0.906s] DEBUG:colcon.colcon_installed_package_information.package_discovery:Found 359 installed packages in /opt/ros/humble
[0.910s] Level 1:colcon.colcon_core.package_discovery:discover_packages(prefix_path) using defaults
[1.029s] Level 5:colcon.colcon_core.verb:set package 'my_gripper_description' build argument 'cmake_args' from command line to 'None'
[1.030s] Level 5:colcon.colcon_core.verb:set package 'my_gripper_description' build argument 'cmake_target' from command line to 'None'
[1.030s] Level 5:colcon.colcon_core.verb:set package 'my_gripper_description' build argument 'cmake_target_skip_unavailable' from command line to 'False'
[1.030s] Level 5:colcon.colcon_core.verb:set package 'my_gripper_description' build argument 'cmake_clean_cache' from command line to 'False'
[1.030s] Level 5:colcon.colcon_core.verb:set package 'my_gripper_description' build argument 'cmake_clean_first' from command line to 'False'
[1.030s] Level 5:colcon.colcon_core.verb:set package 'my_gripper_description' build argument 'cmake_force_configure' from command line to 'False'
[1.030s] Level 5:colcon.colcon_core.verb:set package 'my_gripper_description' build argument 'ament_cmake_args' from command line to 'None'
[1.030s] Level 5:colcon.colcon_core.verb:set package 'my_gripper_description' build argument 'catkin_cmake_args' from command line to 'None'
[1.030s] Level 5:colcon.colcon_core.verb:set package 'my_gripper_description' build argument 'catkin_skip_building_tests' from command line to 'False'
[1.030s] DEBUG:colcon.colcon_core.verb:Building package 'my_gripper_description' with the following arguments: {'ament_cmake_args': None, 'build_base': '/home/joaco/proy_ws/build/my_gripper_description', 'catkin_cmake_args': None, 'catkin_skip_building_tests': False, 'cmake_args': None, 'cmake_clean_cache': False, 'cmake_clean_first': False, 'cmake_force_configure': False, 'cmake_target': None, 'cmake_target_skip_unavailable': False, 'install_base': '/home/joaco/proy_ws/install/my_gripper_description', 'merge_install': False, 'path': '/home/joaco/proy_ws/src/my_gripper_description', 'symlink_install': False, 'test_result_base': None}
[1.031s] Level 5:colcon.colcon_core.verb:set package 'my_robot_description' build argument 'cmake_args' from command line to 'None'
[1.031s] Level 5:colcon.colcon_core.verb:set package 'my_robot_description' build argument 'cmake_target' from command line to 'None'
[1.031s] Level 5:colcon.colcon_core.verb:set package 'my_robot_description' build argument 'cmake_target_skip_unavailable' from command line to 'False'
[1.031s] Level 5:colcon.colcon_core.verb:set package 'my_robot_description' build argument 'cmake_clean_cache' from command line to 'False'
[1.031s] Level 5:colcon.colcon_core.verb:set package 'my_robot_description' build argument 'cmake_clean_first' from command line to 'False'
[1.031s] Level 5:colcon.colcon_core.verb:set package 'my_robot_description' build argument 'cmake_force_configure' from command line to 'False'
[1.031s] Level 5:colcon.colcon_core.verb:set package 'my_robot_description' build argument 'ament_cmake_args' from command line to 'None'
[1.031s] Level 5:colcon.colcon_core.verb:set package 'my_robot_description' build argument 'catkin_cmake_args' from command line to 'None'
[1.031s] Level 5:colcon.colcon_core.verb:set package 'my_robot_description' build argument 'catkin_skip_building_tests' from command line to 'False'
[1.031s] DEBUG:colcon.colcon_core.verb:Building package 'my_robot_description' with the following arguments: {'ament_cmake_args': None, 'build_base': '/home/joaco/proy_ws/build/my_robot_description', 'catkin_cmake_args': None, 'catkin_skip_building_tests': False, 'cmake_args': None, 'cmake_clean_cache': False, 'cmake_clean_first': False, 'cmake_force_configure': False, 'cmake_target': None, 'cmake_target_skip_unavailable': False, 'install_base': '/home/joaco/proy_ws/install/my_robot_description', 'merge_install': False, 'path': '/home/joaco/proy_ws/src/my_robot_description', 'symlink_install': False, 'test_result_base': None}
[1.031s] Level 5:colcon.colcon_core.verb:set package 'full_cell_description' build argument 'cmake_args' from command line to 'None'
[1.031s] Level 5:colcon.colcon_core.verb:set package 'full_cell_description' build argument 'cmake_target' from command line to 'None'
[1.031s] Level 5:colcon.colcon_core.verb:set package 'full_cell_description' build argument 'cmake_target_skip_unavailable' from command line to 'False'
[1.032s] Level 5:colcon.colcon_core.verb:set package 'full_cell_description' build argument 'cmake_clean_cache' from command line to 'False'
[1.032s] Level 5:colcon.colcon_core.verb:set package 'full_cell_description' build argument 'cmake_clean_first' from command line to 'False'
[1.032s] Level 5:colcon.colcon_core.verb:set package 'full_cell_description' build argument 'cmake_force_configure' from command line to 'False'
[1.032s] Level 5:colcon.colcon_core.verb:set package 'full_cell_description' build argument 'ament_cmake_args' from command line to 'None'
[1.032s] Level 5:colcon.colcon_core.verb:set package 'full_cell_description' build argument 'catkin_cmake_args' from command line to 'None'
[1.032s] Level 5:colcon.colcon_core.verb:set package 'full_cell_description' build argument 'catkin_skip_building_tests' from command line to 'False'
[1.032s] DEBUG:colcon.colcon_core.verb:Building package 'full_cell_description' with the following arguments: {'ament_cmake_args': None, 'build_base': '/home/joaco/proy_ws/build/full_cell_description', 'catkin_cmake_args': None, 'catkin_skip_building_tests': False, 'cmake_args': None, 'cmake_clean_cache': False, 'cmake_clean_first': False, 'cmake_force_configure': False, 'cmake_target': None, 'cmake_target_skip_unavailable': False, 'install_base': '/home/joaco/proy_ws/install/full_cell_description', 'merge_install': False, 'path': '/home/joaco/proy_ws/src/full_cell_description', 'symlink_install': False, 'test_result_base': None}
[1.032s] INFO:colcon.colcon_core.executor:Executing jobs using 'parallel' executor
[1.034s] DEBUG:colcon.colcon_parallel_executor.executor.parallel:run_until_complete
[1.035s] INFO:colcon.colcon_ros.task.ament_cmake.build:Building ROS package in '/home/joaco/proy_ws/src/my_gripper_description' with build type 'ament_cmake'
[1.035s] INFO:colcon.colcon_cmake.task.cmake.build:Building CMake package in '/home/joaco/proy_ws/src/my_gripper_description'
[1.042s] INFO:colcon.colcon_core.plugin_system:Skipping extension 'colcon_core.shell.bat': Not used on non-Windows systems
[1.042s] INFO:colcon.colcon_core.shell:Skip shell extension 'powershell' for command environment: Not usable outside of PowerShell
[1.042s] DEBUG:colcon.colcon_core.shell:Skip shell extension 'dsv' for command environment
[1.064s] INFO:colcon.colcon_ros.task.ament_cmake.build:Building ROS package in '/home/joaco/proy_ws/src/my_robot_description' with build type 'ament_cmake'
[1.064s] INFO:colcon.colcon_cmake.task.cmake.build:Building CMake package in '/home/joaco/proy_ws/src/my_robot_description'
[1.073s] INFO:colcon.colcon_core.shell:Skip shell extension 'powershell' for command environment: Not usable outside of PowerShell
[1.074s] DEBUG:colcon.colcon_core.shell:Skip shell extension 'dsv' for command environment
[1.105s] DEBUG:colcon.colcon_core.event_handler.log_command:Invoking command in '/home/joaco/proy_ws/build/my_gripper_description': CMAKE_PREFIX_PATH=${CMAKE_PREFIX_PATH}:/home/joaco/ws_moveit2/install/moveit_configs_utils:/home/joaco/ws_moveit2/install/ros_environment:/home/joaco/ws_moveit2/install/launch_param_builder:/home/joaco/ws_moveit2/install/diy_robot_application:/opt/ros/humble /usr/bin/cmake --build /home/joaco/proy_ws/build/my_gripper_description -- -j3 -l3
[1.129s] DEBUG:colcon.colcon_core.event_handler.log_command:Invoking command in '/home/joaco/proy_ws/build/my_robot_description': CMAKE_PREFIX_PATH=${CMAKE_PREFIX_PATH}:/home/joaco/ws_moveit2/install/moveit_configs_utils:/home/joaco/ws_moveit2/install/ros_environment:/home/joaco/ws_moveit2/install/launch_param_builder:/home/joaco/ws_moveit2/install/diy_robot_application:/opt/ros/humble /usr/bin/cmake --build /home/joaco/proy_ws/build/my_robot_description -- -j3 -l3
[1.277s] DEBUG:colcon.colcon_core.event_handler.log_command:Invoked command in '/home/joaco/proy_ws/build/my_gripper_description' returned '0': CMAKE_PREFIX_PATH=${CMAKE_PREFIX_PATH}:/home/joaco/ws_moveit2/install/moveit_configs_utils:/home/joaco/ws_moveit2/install/ros_environment:/home/joaco/ws_moveit2/install/launch_param_builder:/home/joaco/ws_moveit2/install/diy_robot_application:/opt/ros/humble /usr/bin/cmake --build /home/joaco/proy_ws/build/my_gripper_description -- -j3 -l3
[1.294s] DEBUG:colcon.colcon_core.event_handler.log_command:Invoked command in '/home/joaco/proy_ws/build/my_robot_description' returned '0': CMAKE_PREFIX_PATH=${CMAKE_PREFIX_PATH}:/home/joaco/ws_moveit2/install/moveit_configs_utils:/home/joaco/ws_moveit2/install/ros_environment:/home/joaco/ws_moveit2/install/launch_param_builder:/home/joaco/ws_moveit2/install/diy_robot_application:/opt/ros/humble /usr/bin/cmake --build /home/joaco/proy_ws/build/my_robot_description -- -j3 -l3
[1.432s] DEBUG:colcon.colcon_core.event_handler.log_command:Invoking command in '/home/joaco/proy_ws/build/my_gripper_description': CMAKE_PREFIX_PATH=${CMAKE_PREFIX_PATH}:/home/joaco/ws_moveit2/install/moveit_configs_utils:/home/joaco/ws_moveit2/install/ros_environment:/home/joaco/ws_moveit2/install/launch_param_builder:/home/joaco/ws_moveit2/install/diy_robot_application:/opt/ros/humble /usr/bin/cmake --install /home/joaco/proy_ws/build/my_gripper_description
[1.437s] DEBUG:colcon.colcon_core.event_handler.log_command:Invoking command in '/home/joaco/proy_ws/build/my_robot_description': CMAKE_PREFIX_PATH=${CMAKE_PREFIX_PATH}:/home/joaco/ws_moveit2/install/moveit_configs_utils:/home/joaco/ws_moveit2/install/ros_environment:/home/joaco/ws_moveit2/install/launch_param_builder:/home/joaco/ws_moveit2/install/diy_robot_application:/opt/ros/humble /usr/bin/cmake --install /home/joaco/proy_ws/build/my_robot_description
[1.482s] Level 1:colcon.colcon_core.environment:create_environment_scripts_only(my_gripper_description)
[1.491s] Level 1:colcon.colcon_core.environment:checking '/home/joaco/proy_ws/install/my_gripper_description' for CMake module files
[1.496s] Level 1:colcon.colcon_core.environment:checking '/home/joaco/proy_ws/install/my_gripper_description' for CMake config files
[1.499s] Level 1:colcon.colcon_core.shell:create_environment_hook('my_gripper_description', 'cmake_prefix_path')
[1.501s] INFO:colcon.colcon_core.shell:Creating environment hook '/home/joaco/proy_ws/install/my_gripper_description/share/my_gripper_description/hook/cmake_prefix_path.ps1'
[1.502s] DEBUG:colcon.colcon_core.event_handler.log_command:Invoked command in '/home/joaco/proy_ws/build/my_gripper_description' returned '0': CMAKE_PREFIX_PATH=${CMAKE_PREFIX_PATH}:/home/joaco/ws_moveit2/install/moveit_configs_utils:/home/joaco/ws_moveit2/install/ros_environment:/home/joaco/ws_moveit2/install/launch_param_builder:/home/joaco/ws_moveit2/install/diy_robot_application:/opt/ros/humble /usr/bin/cmake --install /home/joaco/proy_ws/build/my_gripper_description
[1.503s] INFO:colcon.colcon_core.shell:Creating environment descriptor '/home/joaco/proy_ws/install/my_gripper_description/share/my_gripper_description/hook/cmake_prefix_path.dsv'
[1.505s] INFO:colcon.colcon_core.shell:Creating environment hook '/home/joaco/proy_ws/install/my_gripper_description/share/my_gripper_description/hook/cmake_prefix_path.sh'
[1.507s] Level 1:colcon.colcon_core.environment:checking '/home/joaco/proy_ws/install/my_gripper_description/bin'
[1.507s] Level 1:colcon.colcon_core.environment:checking '/home/joaco/proy_ws/install/my_gripper_description/lib/pkgconfig/my_gripper_description.pc'
[1.508s] Level 1:colcon.colcon_core.environment:checking '/home/joaco/proy_ws/install/my_gripper_description/lib/python3.10/site-packages'
[1.508s] Level 1:colcon.colcon_core.environment:checking '/home/joaco/proy_ws/install/my_gripper_description/bin'
[1.509s] INFO:colcon.colcon_core.shell:Creating package script '/home/joaco/proy_ws/install/my_gripper_description/share/my_gripper_description/package.ps1'
[1.511s] INFO:colcon.colcon_core.shell:Creating package descriptor '/home/joaco/proy_ws/install/my_gripper_description/share/my_gripper_description/package.dsv'
[1.513s] INFO:colcon.colcon_core.shell:Creating package script '/home/joaco/proy_ws/install/my_gripper_description/share/my_gripper_description/package.sh'
[1.514s] INFO:colcon.colcon_core.shell:Creating package script '/home/joaco/proy_ws/install/my_gripper_description/share/my_gripper_description/package.bash'
[1.516s] INFO:colcon.colcon_core.shell:Creating package script '/home/joaco/proy_ws/install/my_gripper_description/share/my_gripper_description/package.zsh'
[1.518s] Level 1:colcon.colcon_core.environment:create_file_with_runtime_dependencies(/home/joaco/proy_ws/install/my_gripper_description/share/colcon-core/packages/my_gripper_description)
[1.522s] Level 1:colcon.colcon_core.environment:create_environment_scripts_only(my_robot_description)
[1.523s] DEBUG:colcon.colcon_core.event_handler.log_command:Invoked command in '/home/joaco/proy_ws/build/my_robot_description' returned '0': CMAKE_PREFIX_PATH=${CMAKE_PREFIX_PATH}:/home/joaco/ws_moveit2/install/moveit_configs_utils:/home/joaco/ws_moveit2/install/ros_environment:/home/joaco/ws_moveit2/install/launch_param_builder:/home/joaco/ws_moveit2/install/diy_robot_application:/opt/ros/humble /usr/bin/cmake --install /home/joaco/proy_ws/build/my_robot_description
[1.523s] Level 1:colcon.colcon_core.environment:checking '/home/joaco/proy_ws/install/my_robot_description' for CMake module files
[1.525s] Level 1:colcon.colcon_core.environment:checking '/home/joaco/proy_ws/install/my_robot_description' for CMake config files
[1.525s] Level 1:colcon.colcon_core.shell:create_environment_hook('my_robot_description', 'cmake_prefix_path')
[1.526s] INFO:colcon.colcon_core.shell:Creating environment hook '/home/joaco/proy_ws/install/my_robot_description/share/my_robot_description/hook/cmake_prefix_path.ps1'
[1.527s] INFO:colcon.colcon_core.shell:Creating environment descriptor '/home/joaco/proy_ws/install/my_robot_description/share/my_robot_description/hook/cmake_prefix_path.dsv'
[1.527s] INFO:colcon.colcon_core.shell:Creating environment hook '/home/joaco/proy_ws/install/my_robot_description/share/my_robot_description/hook/cmake_prefix_path.sh'
[1.529s] Level 1:colcon.colcon_core.environment:checking '/home/joaco/proy_ws/install/my_robot_description/bin'
[1.530s] Level 1:colcon.colcon_core.environment:checking '/home/joaco/proy_ws/install/my_robot_description/lib/pkgconfig/my_robot_description.pc'
[1.530s] Level 1:colcon.colcon_core.environment:checking '/home/joaco/proy_ws/install/my_robot_description/lib/python3.10/site-packages'
[1.531s] Level 1:colcon.colcon_core.environment:checking '/home/joaco/proy_ws/install/my_robot_description/bin'
[1.532s] INFO:colcon.colcon_core.shell:Creating package script '/home/joaco/proy_ws/install/my_robot_description/share/my_robot_description/package.ps1'
[1.533s] INFO:colcon.colcon_core.shell:Creating package descriptor '/home/joaco/proy_ws/install/my_robot_description/share/my_robot_description/package.dsv'
[1.534s] INFO:colcon.colcon_core.shell:Creating package script '/home/joaco/proy_ws/install/my_robot_description/share/my_robot_description/package.sh'
[1.535s] INFO:colcon.colcon_core.shell:Creating package script '/home/joaco/proy_ws/install/my_robot_description/share/my_robot_description/package.bash'
[1.536s] INFO:colcon.colcon_core.shell:Creating package script '/home/joaco/proy_ws/install/my_robot_description/share/my_robot_description/package.zsh'
[1.537s] Level 1:colcon.colcon_core.environment:create_file_with_runtime_dependencies(/home/joaco/proy_ws/install/my_robot_description/share/colcon-core/packages/my_robot_description)
[1.642s] Level 1:colcon.colcon_core.environment:create_environment_scripts_only(my_gripper_description)
[1.643s] Level 1:colcon.colcon_core.environment:checking '/home/joaco/proy_ws/install/my_gripper_description' for CMake module files
[1.645s] Level 1:colcon.colcon_core.environment:checking '/home/joaco/proy_ws/install/my_gripper_description' for CMake config files
[1.645s] Level 1:colcon.colcon_core.shell:create_environment_hook('my_gripper_description', 'cmake_prefix_path')
[1.646s] INFO:colcon.colcon_core.shell:Creating environment hook '/home/joaco/proy_ws/install/my_gripper_description/share/my_gripper_description/hook/cmake_prefix_path.ps1'
[1.647s] INFO:colcon.colcon_core.shell:Creating environment descriptor '/home/joaco/proy_ws/install/my_gripper_description/share/my_gripper_description/hook/cmake_prefix_path.dsv'
[1.648s] INFO:colcon.colcon_core.shell:Creating environment hook '/home/joaco/proy_ws/install/my_gripper_description/share/my_gripper_description/hook/cmake_prefix_path.sh'
[1.650s] Level 1:colcon.colcon_core.environment:checking '/home/joaco/proy_ws/install/my_gripper_description/bin'
[1.650s] Level 1:colcon.colcon_core.environment:checking '/home/joaco/proy_ws/install/my_gripper_description/lib/pkgconfig/my_gripper_description.pc'
[1.651s] Level 1:colcon.colcon_core.environment:checking '/home/joaco/proy_ws/install/my_gripper_description/lib/python3.10/site-packages'
[1.651s] Level 1:colcon.colcon_core.environment:checking '/home/joaco/proy_ws/install/my_gripper_description/bin'
[1.652s] INFO:colcon.colcon_core.shell:Creating package script '/home/joaco/proy_ws/install/my_gripper_description/share/my_gripper_description/package.ps1'
[1.653s] INFO:colcon.colcon_core.shell:Creating package descriptor '/home/joaco/proy_ws/install/my_gripper_description/share/my_gripper_description/package.dsv'
[1.654s] INFO:colcon.colcon_core.shell:Creating package script '/home/joaco/proy_ws/install/my_gripper_description/share/my_gripper_description/package.sh'
[1.655s] INFO:colcon.colcon_core.shell:Creating package script '/home/joaco/proy_ws/install/my_gripper_description/share/my_gripper_description/package.bash'
[1.656s] INFO:colcon.colcon_core.shell:Creating package script '/home/joaco/proy_ws/install/my_gripper_description/share/my_gripper_description/package.zsh'
[1.657s] Level 1:colcon.colcon_core.environment:create_file_with_runtime_dependencies(/home/joaco/proy_ws/install/my_gripper_description/share/colcon-core/packages/my_gripper_description)
[1.660s] Level 1:colcon.colcon_core.environment:create_environment_scripts_only(my_robot_description)
[1.661s] Level 1:colcon.colcon_core.environment:checking '/home/joaco/proy_ws/install/my_robot_description' for CMake module files
[1.666s] Level 1:colcon.colcon_core.environment:checking '/home/joaco/proy_ws/install/my_robot_description' for CMake config files
[1.667s] Level 1:colcon.colcon_core.shell:create_environment_hook('my_robot_description', 'cmake_prefix_path')
[1.668s] INFO:colcon.colcon_core.shell:Creating environment hook '/home/joaco/proy_ws/install/my_robot_description/share/my_robot_description/hook/cmake_prefix_path.ps1'
[1.669s] INFO:colcon.colcon_core.shell:Creating environment descriptor '/home/joaco/proy_ws/install/my_robot_description/share/my_robot_description/hook/cmake_prefix_path.dsv'
[1.671s] INFO:colcon.colcon_core.shell:Creating environment hook '/home/joaco/proy_ws/install/my_robot_description/share/my_robot_description/hook/cmake_prefix_path.sh'
[1.672s] Level 1:colcon.colcon_core.environment:checking '/home/joaco/proy_ws/install/my_robot_description/bin'
[1.672s] Level 1:colcon.colcon_core.environment:checking '/home/joaco/proy_ws/install/my_robot_description/lib/pkgconfig/my_robot_description.pc'
[1.672s] Level 1:colcon.colcon_core.environment:checking '/home/joaco/proy_ws/install/my_robot_description/lib/python3.10/site-packages'
[1.673s] Level 1:colcon.colcon_core.environment:checking '/home/joaco/proy_ws/install/my_robot_description/bin'
[1.674s] INFO:colcon.colcon_core.shell:Creating package script '/home/joaco/proy_ws/install/my_robot_description/share/my_robot_description/package.ps1'
[1.675s] INFO:colcon.colcon_core.shell:Creating package descriptor '/home/joaco/proy_ws/install/my_robot_description/share/my_robot_description/package.dsv'
[1.676s] INFO:colcon.colcon_core.shell:Creating package script '/home/joaco/proy_ws/install/my_robot_description/share/my_robot_description/package.sh'
[1.677s] INFO:colcon.colcon_core.shell:Creating package script '/home/joaco/proy_ws/install/my_robot_description/share/my_robot_description/package.bash'
[1.678s] INFO:colcon.colcon_core.shell:Creating package script '/home/joaco/proy_ws/install/my_robot_description/share/my_robot_description/package.zsh'
[1.679s] Level 1:colcon.colcon_core.environment:create_file_with_runtime_dependencies(/home/joaco/proy_ws/install/my_robot_description/share/colcon-core/packages/my_robot_description)
[1.680s] INFO:colcon.colcon_ros.task.ament_cmake.build:Building ROS package in '/home/joaco/proy_ws/src/full_cell_description' with build type 'ament_cmake'
[1.681s] INFO:colcon.colcon_cmake.task.cmake.build:Building CMake package in '/home/joaco/proy_ws/src/full_cell_description'
[1.682s] INFO:colcon.colcon_core.shell:Skip shell extension 'powershell' for command environment: Not usable outside of PowerShell
[1.682s] DEBUG:colcon.colcon_core.shell:Skip shell extension 'dsv' for command environment
[1.734s] DEBUG:colcon.colcon_core.event_handler.log_command:Invoking command in '/home/joaco/proy_ws/build/full_cell_description': AMENT_PREFIX_PATH=/home/joaco/proy_ws/install/my_robot_description:/home/joaco/proy_ws/install/my_gripper_description:${AMENT_PREFIX_PATH} CMAKE_PREFIX_PATH=/home/joaco/proy_ws/install/my_robot_description:/home/joaco/proy_ws/install/my_gripper_description:/home/joaco/ws_moveit2/install/pilz_industrial_motion_planner_testutils:/home/joaco/ws_moveit2/install/moveit_runtime:/home/joaco/ws_moveit2/install/moveit2_tutorials:/home/joaco/ws_moveit2/install/moveit:/home/joaco/ws_moveit2/install/moveit_planners:/home/joaco/ws_moveit2/install/pilz_industrial_motion_planner:/home/joaco/ws_moveit2/install/mtc_tutorial:/home/joaco/ws_moveit2/install/hello_moveit:/home/joaco/ws_moveit2/install/moveit_visual_tools:/home/joaco/ws_moveit2/install/moveit_task_constructor_visualization:/home/joaco/ws_moveit2/install/moveit_task_constructor_demo:/home/joaco/ws_moveit2/install/moveit_task_constructor_capabilities:/home/joaco/ws_moveit2/install/moveit_task_constructor_core:/home/joaco/ws_moveit2/install/moveit_ros_control_interface:/home/joaco/ws_moveit2/install/moveit_plugins:/home/joaco/ws_moveit2/install/moveit_simple_controller_manager:/home/joaco/ws_moveit2/install/moveit_setup_assistant:/home/joaco/ws_moveit2/install/moveit_setup_srdf_plugins:/home/joaco/ws_moveit2/install/moveit_setup_core_plugins:/home/joaco/ws_moveit2/install/moveit_setup_controllers:/home/joaco/ws_moveit2/install/moveit_setup_app_plugins:/home/joaco/ws_moveit2/install/moveit_setup_framework:/home/joaco/ws_moveit2/install/moveit_servo:/home/joaco/ws_moveit2/install/moveit_ros:/home/joaco/ws_moveit2/install/moveit_ros_visualization:/home/joaco/ws_moveit2/install/moveit_hybrid_planning:/home/joaco/ws_moveit2/install/moveit_ros_planning_interface:/home/joaco/ws_moveit2/install/moveit_ros_benchmarks:/home/joaco/ws_moveit2/install/moveit_ros_warehouse:/home/joaco/ws_moveit2/install/moveit_ros_robot_interaction:/home/joaco/ws_moveit2/install/moveit_ros_perception:/home/joaco/ws_moveit2/install/moveit_resources_prbt_pg70_support:/home/joaco/ws_moveit2/install/moveit_resources_prbt_moveit_config:/home/joaco/ws_moveit2/install/moveit_ros_move_group:/home/joaco/ws_moveit2/install/moveit_planners_ompl:/home/joaco/ws_moveit2/install/moveit_ros_planning:/home/joaco/ws_moveit2/install/moveit_ros_occupancy_map_monitor:/home/joaco/ws_moveit2/install/moveit_resources_prbt_ikfast_manipulator_plugin:/home/joaco/ws_moveit2/install/moveit_planners_chomp:/home/joaco/ws_moveit2/install/moveit_kinematics:/home/joaco/ws_moveit2/install/moveit_chomp_optimizer_adapter:/home/joaco/ws_moveit2/install/chomp_motion_planner:/home/joaco/ws_moveit2/install/moveit_core:/home/joaco/ws_moveit2/install/srdfdom:/home/joaco/ws_moveit2/install/rviz_marker_tools:/home/joaco/ws_moveit2/install/rosparam_shortcuts:/home/joaco/ws_moveit2/install/moveit_task_constructor_msgs:/home/joaco/ws_moveit2/install/moveit_resources_prbt_support:/home/joaco/ws_moveit2/install/moveit_resources:/home/joaco/ws_moveit2/install/moveit_resources_pr2_description:/home/joaco/ws_moveit2/install/moveit_resources_panda_moveit_config:/home/joaco/ws_moveit2/install/moveit_resources_panda_description:/home/joaco/ws_moveit2/install/moveit_resources_fanuc_moveit_config:/home/joaco/ws_moveit2/install/moveit_resources_fanuc_description:/home/joaco/ws_moveit2/install/moveit_common:/home/joaco/ws_moveit2/install/diy_robot_full_cell_description:/home/joaco/ws_moveit2/install/diy_soft_gripper_description:/home/joaco/ws_moveit2/install/diy_robotarm_wer24_description:/home/joaco/ws_moveit2/install/diy_robot_wer24_moveit:/home/joaco/ws_moveit2/install/moveit_configs_utils:/home/joaco/ws_moveit2/install/ros_environment:/home/joaco/ws_moveit2/install/launch_param_builder:/home/joaco/ws_moveit2/install/diy_robot_application:/opt/ros/humble /usr/bin/cmake /home/joaco/proy_ws/src/full_cell_description -DCMAKE_INSTALL_PREFIX=/home/joaco/proy_ws/install/full_cell_description
[4.339s] DEBUG:colcon.colcon_core.event_handler.log_command:Invoked command in '/home/joaco/proy_ws/build/full_cell_description' returned '0': AMENT_PREFIX_PATH=/home/joaco/proy_ws/install/my_robot_description:/home/joaco/proy_ws/install/my_gripper_description:${AMENT_PREFIX_PATH} CMAKE_PREFIX_PATH=/home/joaco/proy_ws/install/my_robot_description:/home/joaco/proy_ws/install/my_gripper_description:/home/joaco/ws_moveit2/install/pilz_industrial_motion_planner_testutils:/home/joaco/ws_moveit2/install/moveit_runtime:/home/joaco/ws_moveit2/install/moveit2_tutorials:/home/joaco/ws_moveit2/install/moveit:/home/joaco/ws_moveit2/install/moveit_planners:/home/joaco/ws_moveit2/install/pilz_industrial_motion_planner:/home/joaco/ws_moveit2/install/mtc_tutorial:/home/joaco/ws_moveit2/install/hello_moveit:/home/joaco/ws_moveit2/install/moveit_visual_tools:/home/joaco/ws_moveit2/install/moveit_task_constructor_visualization:/home/joaco/ws_moveit2/install/moveit_task_constructor_demo:/home/joaco/ws_moveit2/install/moveit_task_constructor_capabilities:/home/joaco/ws_moveit2/install/moveit_task_constructor_core:/home/joaco/ws_moveit2/install/moveit_ros_control_interface:/home/joaco/ws_moveit2/install/moveit_plugins:/home/joaco/ws_moveit2/install/moveit_simple_controller_manager:/home/joaco/ws_moveit2/install/moveit_setup_assistant:/home/joaco/ws_moveit2/install/moveit_setup_srdf_plugins:/home/joaco/ws_moveit2/install/moveit_setup_core_plugins:/home/joaco/ws_moveit2/install/moveit_setup_controllers:/home/joaco/ws_moveit2/install/moveit_setup_app_plugins:/home/joaco/ws_moveit2/install/moveit_setup_framework:/home/joaco/ws_moveit2/install/moveit_servo:/home/joaco/ws_moveit2/install/moveit_ros:/home/joaco/ws_moveit2/install/moveit_ros_visualization:/home/joaco/ws_moveit2/install/moveit_hybrid_planning:/home/joaco/ws_moveit2/install/moveit_ros_planning_interface:/home/joaco/ws_moveit2/install/moveit_ros_benchmarks:/home/joaco/ws_moveit2/install/moveit_ros_warehouse:/home/joaco/ws_moveit2/install/moveit_ros_robot_interaction:/home/joaco/ws_moveit2/install/moveit_ros_perception:/home/joaco/ws_moveit2/install/moveit_resources_prbt_pg70_support:/home/joaco/ws_moveit2/install/moveit_resources_prbt_moveit_config:/home/joaco/ws_moveit2/install/moveit_ros_move_group:/home/joaco/ws_moveit2/install/moveit_planners_ompl:/home/joaco/ws_moveit2/install/moveit_ros_planning:/home/joaco/ws_moveit2/install/moveit_ros_occupancy_map_monitor:/home/joaco/ws_moveit2/install/moveit_resources_prbt_ikfast_manipulator_plugin:/home/joaco/ws_moveit2/install/moveit_planners_chomp:/home/joaco/ws_moveit2/install/moveit_kinematics:/home/joaco/ws_moveit2/install/moveit_chomp_optimizer_adapter:/home/joaco/ws_moveit2/install/chomp_motion_planner:/home/joaco/ws_moveit2/install/moveit_core:/home/joaco/ws_moveit2/install/srdfdom:/home/joaco/ws_moveit2/install/rviz_marker_tools:/home/joaco/ws_moveit2/install/rosparam_shortcuts:/home/joaco/ws_moveit2/install/moveit_task_constructor_msgs:/home/joaco/ws_moveit2/install/moveit_resources_prbt_support:/home/joaco/ws_moveit2/install/moveit_resources:/home/joaco/ws_moveit2/install/moveit_resources_pr2_description:/home/joaco/ws_moveit2/install/moveit_resources_panda_moveit_config:/home/joaco/ws_moveit2/install/moveit_resources_panda_description:/home/joaco/ws_moveit2/install/moveit_resources_fanuc_moveit_config:/home/joaco/ws_moveit2/install/moveit_resources_fanuc_description:/home/joaco/ws_moveit2/install/moveit_common:/home/joaco/ws_moveit2/install/diy_robot_full_cell_description:/home/joaco/ws_moveit2/install/diy_soft_gripper_description:/home/joaco/ws_moveit2/install/diy_robotarm_wer24_description:/home/joaco/ws_moveit2/install/diy_robot_wer24_moveit:/home/joaco/ws_moveit2/install/moveit_configs_utils:/home/joaco/ws_moveit2/install/ros_environment:/home/joaco/ws_moveit2/install/launch_param_builder:/home/joaco/ws_moveit2/install/diy_robot_application:/opt/ros/humble /usr/bin/cmake /home/joaco/proy_ws/src/full_cell_description -DCMAKE_INSTALL_PREFIX=/home/joaco/proy_ws/install/full_cell_description
[4.344s] DEBUG:colcon.colcon_core.event_handler.log_command:Invoking command in '/home/joaco/proy_ws/build/full_cell_description': AMENT_PREFIX_PATH=/home/joaco/proy_ws/install/my_robot_description:/home/joaco/proy_ws/install/my_gripper_description:${AMENT_PREFIX_PATH} CMAKE_PREFIX_PATH=/home/joaco/proy_ws/install/my_robot_description:/home/joaco/proy_ws/install/my_gripper_description:/home/joaco/ws_moveit2/install/pilz_industrial_motion_planner_testutils:/home/joaco/ws_moveit2/install/moveit_runtime:/home/joaco/ws_moveit2/install/moveit2_tutorials:/home/joaco/ws_moveit2/install/moveit:/home/joaco/ws_moveit2/install/moveit_planners:/home/joaco/ws_moveit2/install/pilz_industrial_motion_planner:/home/joaco/ws_moveit2/install/mtc_tutorial:/home/joaco/ws_moveit2/install/hello_moveit:/home/joaco/ws_moveit2/install/moveit_visual_tools:/home/joaco/ws_moveit2/install/moveit_task_constructor_visualization:/home/joaco/ws_moveit2/install/moveit_task_constructor_demo:/home/joaco/ws_moveit2/install/moveit_task_constructor_capabilities:/home/joaco/ws_moveit2/install/moveit_task_constructor_core:/home/joaco/ws_moveit2/install/moveit_ros_control_interface:/home/joaco/ws_moveit2/install/moveit_plugins:/home/joaco/ws_moveit2/install/moveit_simple_controller_manager:/home/joaco/ws_moveit2/install/moveit_setup_assistant:/home/joaco/ws_moveit2/install/moveit_setup_srdf_plugins:/home/joaco/ws_moveit2/install/moveit_setup_core_plugins:/home/joaco/ws_moveit2/install/moveit_setup_controllers:/home/joaco/ws_moveit2/install/moveit_setup_app_plugins:/home/joaco/ws_moveit2/install/moveit_setup_framework:/home/joaco/ws_moveit2/install/moveit_servo:/home/joaco/ws_moveit2/install/moveit_ros:/home/joaco/ws_moveit2/install/moveit_ros_visualization:/home/joaco/ws_moveit2/install/moveit_hybrid_planning:/home/joaco/ws_moveit2/install/moveit_ros_planning_interface:/home/joaco/ws_moveit2/install/moveit_ros_benchmarks:/home/joaco/ws_moveit2/install/moveit_ros_warehouse:/home/joaco/ws_moveit2/install/moveit_ros_robot_interaction:/home/joaco/ws_moveit2/install/moveit_ros_perception:/home/joaco/ws_moveit2/install/moveit_resources_prbt_pg70_support:/home/joaco/ws_moveit2/install/moveit_resources_prbt_moveit_config:/home/joaco/ws_moveit2/install/moveit_ros_move_group:/home/joaco/ws_moveit2/install/moveit_planners_ompl:/home/joaco/ws_moveit2/install/moveit_ros_planning:/home/joaco/ws_moveit2/install/moveit_ros_occupancy_map_monitor:/home/joaco/ws_moveit2/install/moveit_resources_prbt_ikfast_manipulator_plugin:/home/joaco/ws_moveit2/install/moveit_planners_chomp:/home/joaco/ws_moveit2/install/moveit_kinematics:/home/joaco/ws_moveit2/install/moveit_chomp_optimizer_adapter:/home/joaco/ws_moveit2/install/chomp_motion_planner:/home/joaco/ws_moveit2/install/moveit_core:/home/joaco/ws_moveit2/install/srdfdom:/home/joaco/ws_moveit2/install/rviz_marker_tools:/home/joaco/ws_moveit2/install/rosparam_shortcuts:/home/joaco/ws_moveit2/install/moveit_task_constructor_msgs:/home/joaco/ws_moveit2/install/moveit_resources_prbt_support:/home/joaco/ws_moveit2/install/moveit_resources:/home/joaco/ws_moveit2/install/moveit_resources_pr2_description:/home/joaco/ws_moveit2/install/moveit_resources_panda_moveit_config:/home/joaco/ws_moveit2/install/moveit_resources_panda_description:/home/joaco/ws_moveit2/install/moveit_resources_fanuc_moveit_config:/home/joaco/ws_moveit2/install/moveit_resources_fanuc_description:/home/joaco/ws_moveit2/install/moveit_common:/home/joaco/ws_moveit2/install/diy_robot_full_cell_description:/home/joaco/ws_moveit2/install/diy_soft_gripper_description:/home/joaco/ws_moveit2/install/diy_robotarm_wer24_description:/home/joaco/ws_moveit2/install/diy_robot_wer24_moveit:/home/joaco/ws_moveit2/install/moveit_configs_utils:/home/joaco/ws_moveit2/install/ros_environment:/home/joaco/ws_moveit2/install/launch_param_builder:/home/joaco/ws_moveit2/install/diy_robot_application:/opt/ros/humble /usr/bin/cmake --build /home/joaco/proy_ws/build/full_cell_description -- -j3 -l3
[4.502s] DEBUG:colcon.colcon_core.event_handler.log_command:Invoked command in '/home/joaco/proy_ws/build/full_cell_description' returned '0': AMENT_PREFIX_PATH=/home/joaco/proy_ws/install/my_robot_description:/home/joaco/proy_ws/install/my_gripper_description:${AMENT_PREFIX_PATH} CMAKE_PREFIX_PATH=/home/joaco/proy_ws/install/my_robot_description:/home/joaco/proy_ws/install/my_gripper_description:/home/joaco/ws_moveit2/install/pilz_industrial_motion_planner_testutils:/home/joaco/ws_moveit2/install/moveit_runtime:/home/joaco/ws_moveit2/install/moveit2_tutorials:/home/joaco/ws_moveit2/install/moveit:/home/joaco/ws_moveit2/install/moveit_planners:/home/joaco/ws_moveit2/install/pilz_industrial_motion_planner:/home/joaco/ws_moveit2/install/mtc_tutorial:/home/joaco/ws_moveit2/install/hello_moveit:/home/joaco/ws_moveit2/install/moveit_visual_tools:/home/joaco/ws_moveit2/install/moveit_task_constructor_visualization:/home/joaco/ws_moveit2/install/moveit_task_constructor_demo:/home/joaco/ws_moveit2/install/moveit_task_constructor_capabilities:/home/joaco/ws_moveit2/install/moveit_task_constructor_core:/home/joaco/ws_moveit2/install/moveit_ros_control_interface:/home/joaco/ws_moveit2/install/moveit_plugins:/home/joaco/ws_moveit2/install/moveit_simple_controller_manager:/home/joaco/ws_moveit2/install/moveit_setup_assistant:/home/joaco/ws_moveit2/install/moveit_setup_srdf_plugins:/home/joaco/ws_moveit2/install/moveit_setup_core_plugins:/home/joaco/ws_moveit2/install/moveit_setup_controllers:/home/joaco/ws_moveit2/install/moveit_setup_app_plugins:/home/joaco/ws_moveit2/install/moveit_setup_framework:/home/joaco/ws_moveit2/install/moveit_servo:/home/joaco/ws_moveit2/install/moveit_ros:/home/joaco/ws_moveit2/install/moveit_ros_visualization:/home/joaco/ws_moveit2/install/moveit_hybrid_planning:/home/joaco/ws_moveit2/install/moveit_ros_planning_interface:/home/joaco/ws_moveit2/install/moveit_ros_benchmarks:/home/joaco/ws_moveit2/install/moveit_ros_warehouse:/home/joaco/ws_moveit2/install/moveit_ros_robot_interaction:/home/joaco/ws_moveit2/install/moveit_ros_perception:/home/joaco/ws_moveit2/install/moveit_resources_prbt_pg70_support:/home/joaco/ws_moveit2/install/moveit_resources_prbt_moveit_config:/home/joaco/ws_moveit2/install/moveit_ros_move_group:/home/joaco/ws_moveit2/install/moveit_planners_ompl:/home/joaco/ws_moveit2/install/moveit_ros_planning:/home/joaco/ws_moveit2/install/moveit_ros_occupancy_map_monitor:/home/joaco/ws_moveit2/install/moveit_resources_prbt_ikfast_manipulator_plugin:/home/joaco/ws_moveit2/install/moveit_planners_chomp:/home/joaco/ws_moveit2/install/moveit_kinematics:/home/joaco/ws_moveit2/install/moveit_chomp_optimizer_adapter:/home/joaco/ws_moveit2/install/chomp_motion_planner:/home/joaco/ws_moveit2/install/moveit_core:/home/joaco/ws_moveit2/install/srdfdom:/home/joaco/ws_moveit2/install/rviz_marker_tools:/home/joaco/ws_moveit2/install/rosparam_shortcuts:/home/joaco/ws_moveit2/install/moveit_task_constructor_msgs:/home/joaco/ws_moveit2/install/moveit_resources_prbt_support:/home/joaco/ws_moveit2/install/moveit_resources:/home/joaco/ws_moveit2/install/moveit_resources_pr2_description:/home/joaco/ws_moveit2/install/moveit_resources_panda_moveit_config:/home/joaco/ws_moveit2/install/moveit_resources_panda_description:/home/joaco/ws_moveit2/install/moveit_resources_fanuc_moveit_config:/home/joaco/ws_moveit2/install/moveit_resources_fanuc_description:/home/joaco/ws_moveit2/install/moveit_common:/home/joaco/ws_moveit2/install/diy_robot_full_cell_description:/home/joaco/ws_moveit2/install/diy_soft_gripper_description:/home/joaco/ws_moveit2/install/diy_robotarm_wer24_description:/home/joaco/ws_moveit2/install/diy_robot_wer24_moveit:/home/joaco/ws_moveit2/install/moveit_configs_utils:/home/joaco/ws_moveit2/install/ros_environment:/home/joaco/ws_moveit2/install/launch_param_builder:/home/joaco/ws_moveit2/install/diy_robot_application:/opt/ros/humble /usr/bin/cmake --build /home/joaco/proy_ws/build/full_cell_description -- -j3 -l3
[4.633s] DEBUG:colcon.colcon_core.event_handler.log_command:Invoking command in '/home/joaco/proy_ws/build/full_cell_description': AMENT_PREFIX_PATH=/home/joaco/proy_ws/install/my_robot_description:/home/joaco/proy_ws/install/my_gripper_description:${AMENT_PREFIX_PATH} CMAKE_PREFIX_PATH=/home/joaco/proy_ws/install/my_robot_description:/home/joaco/proy_ws/install/my_gripper_description:/home/joaco/ws_moveit2/install/pilz_industrial_motion_planner_testutils:/home/joaco/ws_moveit2/install/moveit_runtime:/home/joaco/ws_moveit2/install/moveit2_tutorials:/home/joaco/ws_moveit2/install/moveit:/home/joaco/ws_moveit2/install/moveit_planners:/home/joaco/ws_moveit2/install/pilz_industrial_motion_planner:/home/joaco/ws_moveit2/install/mtc_tutorial:/home/joaco/ws_moveit2/install/hello_moveit:/home/joaco/ws_moveit2/install/moveit_visual_tools:/home/joaco/ws_moveit2/install/moveit_task_constructor_visualization:/home/joaco/ws_moveit2/install/moveit_task_constructor_demo:/home/joaco/ws_moveit2/install/moveit_task_constructor_capabilities:/home/joaco/ws_moveit2/install/moveit_task_constructor_core:/home/joaco/ws_moveit2/install/moveit_ros_control_interface:/home/joaco/ws_moveit2/install/moveit_plugins:/home/joaco/ws_moveit2/install/moveit_simple_controller_manager:/home/joaco/ws_moveit2/install/moveit_setup_assistant:/home/joaco/ws_moveit2/install/moveit_setup_srdf_plugins:/home/joaco/ws_moveit2/install/moveit_setup_core_plugins:/home/joaco/ws_moveit2/install/moveit_setup_controllers:/home/joaco/ws_moveit2/install/moveit_setup_app_plugins:/home/joaco/ws_moveit2/install/moveit_setup_framework:/home/joaco/ws_moveit2/install/moveit_servo:/home/joaco/ws_moveit2/install/moveit_ros:/home/joaco/ws_moveit2/install/moveit_ros_visualization:/home/joaco/ws_moveit2/install/moveit_hybrid_planning:/home/joaco/ws_moveit2/install/moveit_ros_planning_interface:/home/joaco/ws_moveit2/install/moveit_ros_benchmarks:/home/joaco/ws_moveit2/install/moveit_ros_warehouse:/home/joaco/ws_moveit2/install/moveit_ros_robot_interaction:/home/joaco/ws_moveit2/install/moveit_ros_perception:/home/joaco/ws_moveit2/install/moveit_resources_prbt_pg70_support:/home/joaco/ws_moveit2/install/moveit_resources_prbt_moveit_config:/home/joaco/ws_moveit2/install/moveit_ros_move_group:/home/joaco/ws_moveit2/install/moveit_planners_ompl:/home/joaco/ws_moveit2/install/moveit_ros_planning:/home/joaco/ws_moveit2/install/moveit_ros_occupancy_map_monitor:/home/joaco/ws_moveit2/install/moveit_resources_prbt_ikfast_manipulator_plugin:/home/joaco/ws_moveit2/install/moveit_planners_chomp:/home/joaco/ws_moveit2/install/moveit_kinematics:/home/joaco/ws_moveit2/install/moveit_chomp_optimizer_adapter:/home/joaco/ws_moveit2/install/chomp_motion_planner:/home/joaco/ws_moveit2/install/moveit_core:/home/joaco/ws_moveit2/install/srdfdom:/home/joaco/ws_moveit2/install/rviz_marker_tools:/home/joaco/ws_moveit2/install/rosparam_shortcuts:/home/joaco/ws_moveit2/install/moveit_task_constructor_msgs:/home/joaco/ws_moveit2/install/moveit_resources_prbt_support:/home/joaco/ws_moveit2/install/moveit_resources:/home/joaco/ws_moveit2/install/moveit_resources_pr2_description:/home/joaco/ws_moveit2/install/moveit_resources_panda_moveit_config:/home/joaco/ws_moveit2/install/moveit_resources_panda_description:/home/joaco/ws_moveit2/install/moveit_resources_fanuc_moveit_config:/home/joaco/ws_moveit2/install/moveit_resources_fanuc_description:/home/joaco/ws_moveit2/install/moveit_common:/home/joaco/ws_moveit2/install/diy_robot_full_cell_description:/home/joaco/ws_moveit2/install/diy_soft_gripper_description:/home/joaco/ws_moveit2/install/diy_robotarm_wer24_description:/home/joaco/ws_moveit2/install/diy_robot_wer24_moveit:/home/joaco/ws_moveit2/install/moveit_configs_utils:/home/joaco/ws_moveit2/install/ros_environment:/home/joaco/ws_moveit2/install/launch_param_builder:/home/joaco/ws_moveit2/install/diy_robot_application:/opt/ros/humble /usr/bin/cmake --install /home/joaco/proy_ws/build/full_cell_description
[4.680s] Level 1:colcon.colcon_core.environment:create_environment_scripts_only(full_cell_description)
[4.681s] Level 1:colcon.colcon_core.environment:checking '/home/joaco/proy_ws/install/full_cell_description' for CMake module files
[4.682s] DEBUG:colcon.colcon_core.event_handler.log_command:Invoked command in '/home/joaco/proy_ws/build/full_cell_description' returned '0': AMENT_PREFIX_PATH=/home/joaco/proy_ws/install/my_robot_description:/home/joaco/proy_ws/install/my_gripper_description:${AMENT_PREFIX_PATH} CMAKE_PREFIX_PATH=/home/joaco/proy_ws/install/my_robot_description:/home/joaco/proy_ws/install/my_gripper_description:/home/joaco/ws_moveit2/install/pilz_industrial_motion_planner_testutils:/home/joaco/ws_moveit2/install/moveit_runtime:/home/joaco/ws_moveit2/install/moveit2_tutorials:/home/joaco/ws_moveit2/install/moveit:/home/joaco/ws_moveit2/install/moveit_planners:/home/joaco/ws_moveit2/install/pilz_industrial_motion_planner:/home/joaco/ws_moveit2/install/mtc_tutorial:/home/joaco/ws_moveit2/install/hello_moveit:/home/joaco/ws_moveit2/install/moveit_visual_tools:/home/joaco/ws_moveit2/install/moveit_task_constructor_visualization:/home/joaco/ws_moveit2/install/moveit_task_constructor_demo:/home/joaco/ws_moveit2/install/moveit_task_constructor_capabilities:/home/joaco/ws_moveit2/install/moveit_task_constructor_core:/home/joaco/ws_moveit2/install/moveit_ros_control_interface:/home/joaco/ws_moveit2/install/moveit_plugins:/home/joaco/ws_moveit2/install/moveit_simple_controller_manager:/home/joaco/ws_moveit2/install/moveit_setup_assistant:/home/joaco/ws_moveit2/install/moveit_setup_srdf_plugins:/home/joaco/ws_moveit2/install/moveit_setup_core_plugins:/home/joaco/ws_moveit2/install/moveit_setup_controllers:/home/joaco/ws_moveit2/install/moveit_setup_app_plugins:/home/joaco/ws_moveit2/install/moveit_setup_framework:/home/joaco/ws_moveit2/install/moveit_servo:/home/joaco/ws_moveit2/install/moveit_ros:/home/joaco/ws_moveit2/install/moveit_ros_visualization:/home/joaco/ws_moveit2/install/moveit_hybrid_planning:/home/joaco/ws_moveit2/install/moveit_ros_planning_interface:/home/joaco/ws_moveit2/install/moveit_ros_benchmarks:/home/joaco/ws_moveit2/install/moveit_ros_warehouse:/home/joaco/ws_moveit2/install/moveit_ros_robot_interaction:/home/joaco/ws_moveit2/install/moveit_ros_perception:/home/joaco/ws_moveit2/install/moveit_resources_prbt_pg70_support:/home/joaco/ws_moveit2/install/moveit_resources_prbt_moveit_config:/home/joaco/ws_moveit2/install/moveit_ros_move_group:/home/joaco/ws_moveit2/install/moveit_planners_ompl:/home/joaco/ws_moveit2/install/moveit_ros_planning:/home/joaco/ws_moveit2/install/moveit_ros_occupancy_map_monitor:/home/joaco/ws_moveit2/install/moveit_resources_prbt_ikfast_manipulator_plugin:/home/joaco/ws_moveit2/install/moveit_planners_chomp:/home/joaco/ws_moveit2/install/moveit_kinematics:/home/joaco/ws_moveit2/install/moveit_chomp_optimizer_adapter:/home/joaco/ws_moveit2/install/chomp_motion_planner:/home/joaco/ws_moveit2/install/moveit_core:/home/joaco/ws_moveit2/install/srdfdom:/home/joaco/ws_moveit2/install/rviz_marker_tools:/home/joaco/ws_moveit2/install/rosparam_shortcuts:/home/joaco/ws_moveit2/install/moveit_task_constructor_msgs:/home/joaco/ws_moveit2/install/moveit_resources_prbt_support:/home/joaco/ws_moveit2/install/moveit_resources:/home/joaco/ws_moveit2/install/moveit_resources_pr2_description:/home/joaco/ws_moveit2/install/moveit_resources_panda_moveit_config:/home/joaco/ws_moveit2/install/moveit_resources_panda_description:/home/joaco/ws_moveit2/install/moveit_resources_fanuc_moveit_config:/home/joaco/ws_moveit2/install/moveit_resources_fanuc_description:/home/joaco/ws_moveit2/install/moveit_common:/home/joaco/ws_moveit2/install/diy_robot_full_cell_description:/home/joaco/ws_moveit2/install/diy_soft_gripper_description:/home/joaco/ws_moveit2/install/diy_robotarm_wer24_description:/home/joaco/ws_moveit2/install/diy_robot_wer24_moveit:/home/joaco/ws_moveit2/install/moveit_configs_utils:/home/joaco/ws_moveit2/install/ros_environment:/home/joaco/ws_moveit2/install/launch_param_builder:/home/joaco/ws_moveit2/install/diy_robot_application:/opt/ros/humble /usr/bin/cmake --install /home/joaco/proy_ws/build/full_cell_description
[4.683s] Level 1:colcon.colcon_core.environment:checking '/home/joaco/proy_ws/install/full_cell_description' for CMake config files
[4.683s] Level 1:colcon.colcon_core.shell:create_environment_hook('full_cell_description', 'cmake_prefix_path')
[4.684s] INFO:colcon.colcon_core.shell:Creating environment hook '/home/joaco/proy_ws/install/full_cell_description/share/full_cell_description/hook/cmake_prefix_path.ps1'
[4.686s] INFO:colcon.colcon_core.shell:Creating environment descriptor '/home/joaco/proy_ws/install/full_cell_description/share/full_cell_description/hook/cmake_prefix_path.dsv'
[4.686s] INFO:colcon.colcon_core.shell:Creating environment hook '/home/joaco/proy_ws/install/full_cell_description/share/full_cell_description/hook/cmake_prefix_path.sh'
[4.688s] Level 1:colcon.colcon_core.environment:checking '/home/joaco/proy_ws/install/full_cell_description/bin'
[4.688s] Level 1:colcon.colcon_core.environment:checking '/home/joaco/proy_ws/install/full_cell_description/lib/pkgconfig/full_cell_description.pc'
[4.688s] Level 1:colcon.colcon_core.environment:checking '/home/joaco/proy_ws/install/full_cell_description/lib/python3.10/site-packages'
[4.689s] Level 1:colcon.colcon_core.environment:checking '/home/joaco/proy_ws/install/full_cell_description/bin'
[4.690s] INFO:colcon.colcon_core.shell:Creating package script '/home/joaco/proy_ws/install/full_cell_description/share/full_cell_description/package.ps1'
[4.691s] INFO:colcon.colcon_core.shell:Creating package descriptor '/home/joaco/proy_ws/install/full_cell_description/share/full_cell_description/package.dsv'
[4.692s] INFO:colcon.colcon_core.shell:Creating package script '/home/joaco/proy_ws/install/full_cell_description/share/full_cell_description/package.sh'
[4.693s] INFO:colcon.colcon_core.shell:Creating package script '/home/joaco/proy_ws/install/full_cell_description/share/full_cell_description/package.bash'
[4.695s] INFO:colcon.colcon_core.shell:Creating package script '/home/joaco/proy_ws/install/full_cell_description/share/full_cell_description/package.zsh'
[4.696s] Level 1:colcon.colcon_core.environment:create_file_with_runtime_dependencies(/home/joaco/proy_ws/install/full_cell_description/share/colcon-core/packages/full_cell_description)
[4.815s] Level 1:colcon.colcon_core.environment:create_environment_scripts_only(full_cell_description)
[4.815s] Level 1:colcon.colcon_core.environment:checking '/home/joaco/proy_ws/install/full_cell_description' for CMake module files
[4.817s] Level 1:colcon.colcon_core.environment:checking '/home/joaco/proy_ws/install/full_cell_description' for CMake config files
[4.817s] Level 1:colcon.colcon_core.shell:create_environment_hook('full_cell_description', 'cmake_prefix_path')
[4.818s] INFO:colcon.colcon_core.shell:Creating environment hook '/home/joaco/proy_ws/install/full_cell_description/share/full_cell_description/hook/cmake_prefix_path.ps1'
[4.819s] INFO:colcon.colcon_core.shell:Creating environment descriptor '/home/joaco/proy_ws/install/full_cell_description/share/full_cell_description/hook/cmake_prefix_path.dsv'
[4.820s] INFO:colcon.colcon_core.shell:Creating environment hook '/home/joaco/proy_ws/install/full_cell_description/share/full_cell_description/hook/cmake_prefix_path.sh'
[4.822s] Level 1:colcon.colcon_core.environment:checking '/home/joaco/proy_ws/install/full_cell_description/bin'
[4.822s] Level 1:colcon.colcon_core.environment:checking '/home/joaco/proy_ws/install/full_cell_description/lib/pkgconfig/full_cell_description.pc'
[4.823s] Level 1:colcon.colcon_core.environment:checking '/home/joaco/proy_ws/install/full_cell_description/lib/python3.10/site-packages'
[4.823s] Level 1:colcon.colcon_core.environment:checking '/home/joaco/proy_ws/install/full_cell_description/bin'
[4.824s] INFO:colcon.colcon_core.shell:Creating package script '/home/joaco/proy_ws/install/full_cell_description/share/full_cell_description/package.ps1'
[4.827s] INFO:colcon.colcon_core.shell:Creating package descriptor '/home/joaco/proy_ws/install/full_cell_description/share/full_cell_description/package.dsv'
[4.829s] INFO:colcon.colcon_core.shell:Creating package script '/home/joaco/proy_ws/install/full_cell_description/share/full_cell_description/package.sh'
[4.830s] INFO:colcon.colcon_core.shell:Creating package script '/home/joaco/proy_ws/install/full_cell_description/share/full_cell_description/package.bash'
[4.831s] INFO:colcon.colcon_core.shell:Creating package script '/home/joaco/proy_ws/install/full_cell_description/share/full_cell_description/package.zsh'
[4.832s] Level 1:colcon.colcon_core.environment:create_file_with_runtime_dependencies(/home/joaco/proy_ws/install/full_cell_description/share/colcon-core/packages/full_cell_description)
[4.833s] DEBUG:colcon.colcon_parallel_executor.executor.parallel:closing loop
[4.834s] DEBUG:colcon.colcon_parallel_executor.executor.parallel:loop closed
[4.835s] DEBUG:colcon.colcon_parallel_executor.executor.parallel:run_until_complete finished with '0'
[4.836s] DEBUG:colcon.colcon_core.event_reactor:joining thread
[4.853s] INFO:colcon.colcon_core.plugin_system:Skipping extension 'colcon_notification.desktop_notification.terminal_notifier': Not used on non-Darwin systems
[4.853s] INFO:colcon.colcon_core.plugin_system:Skipping extension 'colcon_notification.desktop_notification.win32': Not used on non-Windows systems
[4.853s] INFO:colcon.colcon_notification.desktop_notification:Sending desktop notification using 'notify2'
[4.891s] DEBUG:colcon.colcon_core.event_reactor:joined thread
[4.892s] INFO:colcon.colcon_core.shell:Creating prefix script '/home/joaco/proy_ws/install/local_setup.ps1'
[4.895s] INFO:colcon.colcon_core.shell:Creating prefix util module '/home/joaco/proy_ws/install/_local_setup_util_ps1.py'
[4.899s] INFO:colcon.colcon_core.shell:Creating prefix chain script '/home/joaco/proy_ws/install/setup.ps1'
[4.909s] INFO:colcon.colcon_core.shell:Creating prefix script '/home/joaco/proy_ws/install/local_setup.sh'
[4.911s] INFO:colcon.colcon_core.shell:Creating prefix util module '/home/joaco/proy_ws/install/_local_setup_util_sh.py'
[4.912s] INFO:colcon.colcon_core.shell:Creating prefix chain script '/home/joaco/proy_ws/install/setup.sh'
[4.922s] INFO:colcon.colcon_core.shell:Creating prefix script '/home/joaco/proy_ws/install/local_setup.bash'
[4.924s] INFO:colcon.colcon_core.shell:Creating prefix chain script '/home/joaco/proy_ws/install/setup.bash'
[4.935s] INFO:colcon.colcon_core.shell:Creating prefix script '/home/joaco/proy_ws/install/local_setup.zsh'
[4.936s] INFO:colcon.colcon_core.shell:Creating prefix chain script '/home/joaco/proy_ws/install/setup.zsh'
