[0.329s] DEBUG:colcon:Command line arguments: ['/usr/bin/colcon', 'build']
[0.330s] DEBUG:colcon:Parsed command line arguments: Namespace(log_base=None, log_level=None, verb_name='build', build_base='build', install_base='install', merge_install=False, symlink_install=False, test_result_base=None, continue_on_error=False, executor='parallel', parallel_workers=3, event_handlers=None, ignore_user_meta=False, metas=['./colcon.meta'], base_paths=['.'], packages_ignore=None, packages_ignore_regex=None, paths=None, packages_up_to=None, packages_up_to_regex=None, packages_above=None, packages_above_and_dependencies=None, packages_above_depth=None, packages_select_by_dep=None, packages_skip_by_dep=None, packages_skip_up_to=None, packages_select_build_failed=False, packages_skip_build_finished=False, packages_select_test_failures=False, packages_skip_test_passed=False, packages_select=None, packages_skip=None, packages_select_regex=None, packages_skip_regex=None, packages_start=None, packages_end=None, allow_overriding=[], cmake_args=None, cmake_target=None, cmake_target_skip_unavailable=False, cmake_clean_cache=False, cmake_clean_first=False, cmake_force_configure=False, ament_cmake_args=None, catkin_cmake_args=None, catkin_skip_building_tests=False, mixin_files=None, mixin=None, verb_parser=<colcon_mixin.mixin.mixin_argument.MixinArgumentDecorator object at 0x770f3482bc40>, verb_extension=<colcon_core.verb.build.BuildVerb object at 0x770f3482b730>, main=<bound method BuildVerb.main of <colcon_core.verb.build.BuildVerb object at 0x770f3482b730>>, mixin_verb=('build',))
[0.802s] Level 1:colcon.colcon_core.package_discovery:discover_packages(colcon_meta) check parameters
[0.802s] Level 1:colcon.colcon_core.package_discovery:discover_packages(recursive) check parameters
[0.803s] Level 1:colcon.colcon_core.package_discovery:discover_packages(ignore) check parameters
[0.803s] Level 1:colcon.colcon_core.package_discovery:discover_packages(path) check parameters
[0.803s] Level 1:colcon.colcon_core.package_discovery:discover_packages(colcon_meta) discover
[0.803s] Level 1:colcon.colcon_core.package_discovery:discover_packages(recursive) discover
[0.803s] INFO:colcon.colcon_core.package_discovery:Crawling recursively for packages in '/home/joaco/proy_ws'
[0.803s] Level 1:colcon.colcon_core.package_identification:_identify(.) by extensions ['ignore', 'ignore_ament_install']
[0.803s] Level 1:colcon.colcon_core.package_identification:_identify(.) by extension 'ignore'
[0.804s] Level 1:colcon.colcon_core.package_identification:_identify(.) by extension 'ignore_ament_install'
[0.804s] Level 1:colcon.colcon_core.package_identification:_identify(.) by extensions ['colcon_pkg']
[0.804s] Level 1:colcon.colcon_core.package_identification:_identify(.) by extension 'colcon_pkg'
[0.804s] Level 1:colcon.colcon_core.package_identification:_identify(.) by extensions ['colcon_meta']
[0.804s] Level 1:colcon.colcon_core.package_identification:_identify(.) by extension 'colcon_meta'
[0.804s] Level 1:colcon.colcon_core.package_identification:_identify(.) by extensions ['ros']
[0.804s] Level 1:colcon.colcon_core.package_identification:_identify(.) by extension 'ros'
[0.830s] Level 1:colcon.colcon_core.package_identification:_identify(.) by extensions ['cmake', 'python']
[0.831s] Level 1:colcon.colcon_core.package_identification:_identify(.) by extension 'cmake'
[0.831s] Level 1:colcon.colcon_core.package_identification:_identify(.) by extension 'python'
[0.831s] Level 1:colcon.colcon_core.package_identification:_identify(.) by extensions ['python_setup_py']
[0.831s] Level 1:colcon.colcon_core.package_identification:_identify(.) by extension 'python_setup_py'
[0.831s] Level 1:colcon.colcon_core.package_identification:_identify(build) by extensions ['ignore', 'ignore_ament_install']
[0.831s] Level 1:colcon.colcon_core.package_identification:_identify(build) by extension 'ignore'
[0.831s] Level 1:colcon.colcon_core.package_identification:_identify(build) ignored
[0.832s] Level 1:colcon.colcon_core.package_identification:_identify(install) by extensions ['ignore', 'ignore_ament_install']
[0.832s] Level 1:colcon.colcon_core.package_identification:_identify(install) by extension 'ignore'
[0.832s] Level 1:colcon.colcon_core.package_identification:_identify(install) ignored
[0.832s] Level 1:colcon.colcon_core.package_identification:_identify(log) by extensions ['ignore', 'ignore_ament_install']
[0.833s] Level 1:colcon.colcon_core.package_identification:_identify(log) by extension 'ignore'
[0.833s] Level 1:colcon.colcon_core.package_identification:_identify(log) ignored
[0.833s] Level 1:colcon.colcon_core.package_identification:_identify(src) by extensions ['ignore', 'ignore_ament_install']
[0.833s] Level 1:colcon.colcon_core.package_identification:_identify(src) by extension 'ignore'
[0.833s] Level 1:colcon.colcon_core.package_identification:_identify(src) by extension 'ignore_ament_install'
[0.833s] Level 1:colcon.colcon_core.package_identification:_identify(src) by extensions ['colcon_pkg']
[0.833s] Level 1:colcon.colcon_core.package_identification:_identify(src) by extension 'colcon_pkg'
[0.833s] Level 1:colcon.colcon_core.package_identification:_identify(src) by extensions ['colcon_meta']
[0.833s] Level 1:colcon.colcon_core.package_identification:_identify(src) by extension 'colcon_meta'
[0.834s] Level 1:colcon.colcon_core.package_identification:_identify(src) by extensions ['ros']
[0.834s] Level 1:colcon.colcon_core.package_identification:_identify(src) by extension 'ros'
[0.834s] Level 1:colcon.colcon_core.package_identification:_identify(src) by extensions ['cmake', 'python']
[0.834s] Level 1:colcon.colcon_core.package_identification:_identify(src) by extension 'cmake'
[0.834s] Level 1:colcon.colcon_core.package_identification:_identify(src) by extension 'python'
[0.834s] Level 1:colcon.colcon_core.package_identification:_identify(src) by extensions ['python_setup_py']
[0.834s] Level 1:colcon.colcon_core.package_identification:_identify(src) by extension 'python_setup_py'
[0.834s] Level 1:colcon.colcon_core.package_identification:_identify(src/build) by extensions ['ignore', 'ignore_ament_install']
[0.835s] Level 1:colcon.colcon_core.package_identification:_identify(src/build) by extension 'ignore'
[0.835s] Level 1:colcon.colcon_core.package_identification:_identify(src/build) ignored
[0.835s] Level 1:colcon.colcon_core.package_identification:_identify(src/install) by extensions ['ignore', 'ignore_ament_install']
[0.835s] Level 1:colcon.colcon_core.package_identification:_identify(src/install) by extension 'ignore'
[0.835s] Level 1:colcon.colcon_core.package_identification:_identify(src/install) ignored
[0.835s] Level 1:colcon.colcon_core.package_identification:_identify(src/log) by extensions ['ignore', 'ignore_ament_install']
[0.836s] Level 1:colcon.colcon_core.package_identification:_identify(src/log) by extension 'ignore'
[0.836s] Level 1:colcon.colcon_core.package_identification:_identify(src/log) ignored
[0.836s] Level 1:colcon.colcon_core.package_identification:_identify(src/my_gripper_description) by extensions ['ignore', 'ignore_ament_install']
[0.836s] Level 1:colcon.colcon_core.package_identification:_identify(src/my_gripper_description) by extension 'ignore'
[0.836s] Level 1:colcon.colcon_core.package_identification:_identify(src/my_gripper_description) by extension 'ignore_ament_install'
[0.836s] Level 1:colcon.colcon_core.package_identification:_identify(src/my_gripper_description) by extensions ['colcon_pkg']
[0.836s] Level 1:colcon.colcon_core.package_identification:_identify(src/my_gripper_description) by extension 'colcon_pkg'
[0.836s] Level 1:colcon.colcon_core.package_identification:_identify(src/my_gripper_description) by extensions ['colcon_meta']
[0.836s] Level 1:colcon.colcon_core.package_identification:_identify(src/my_gripper_description) by extension 'colcon_meta'
[0.837s] Level 1:colcon.colcon_core.package_identification:_identify(src/my_gripper_description) by extensions ['ros']
[0.837s] Level 1:colcon.colcon_core.package_identification:_identify(src/my_gripper_description) by extension 'ros'
[0.843s] DEBUG:colcon.colcon_core.package_identification:Package 'src/my_gripper_description' with type 'ros.ament_cmake' and name 'my_gripper_description'
[0.844s] Level 1:colcon.colcon_core.package_identification:_identify(src/my_robot_description) by extensions ['ignore', 'ignore_ament_install']
[0.844s] Level 1:colcon.colcon_core.package_identification:_identify(src/my_robot_description) by extension 'ignore'
[0.844s] Level 1:colcon.colcon_core.package_identification:_identify(src/my_robot_description) by extension 'ignore_ament_install'
[0.845s] Level 1:colcon.colcon_core.package_identification:_identify(src/my_robot_description) by extensions ['colcon_pkg']
[0.845s] Level 1:colcon.colcon_core.package_identification:_identify(src/my_robot_description) by extension 'colcon_pkg'
[0.845s] Level 1:colcon.colcon_core.package_identification:_identify(src/my_robot_description) by extensions ['colcon_meta']
[0.845s] Level 1:colcon.colcon_core.package_identification:_identify(src/my_robot_description) by extension 'colcon_meta'
[0.845s] Level 1:colcon.colcon_core.package_identification:_identify(src/my_robot_description) by extensions ['ros']
[0.845s] Level 1:colcon.colcon_core.package_identification:_identify(src/my_robot_description) by extension 'ros'
[0.846s] DEBUG:colcon.colcon_core.package_identification:Package 'src/my_robot_description' with type 'ros.ament_cmake' and name 'my_robot_description'
[0.847s] Level 1:colcon.colcon_core.package_discovery:discover_packages(recursive) using defaults
[0.847s] Level 1:colcon.colcon_core.package_discovery:discover_packages(ignore) discover
[0.847s] Level 1:colcon.colcon_core.package_discovery:discover_packages(ignore) using defaults
[0.847s] Level 1:colcon.colcon_core.package_discovery:discover_packages(path) discover
[0.847s] Level 1:colcon.colcon_core.package_discovery:discover_packages(path) using defaults
[0.930s] Level 1:colcon.colcon_core.package_discovery:discover_packages(prefix_path) check parameters
[0.931s] Level 1:colcon.colcon_core.package_discovery:discover_packages(prefix_path) discover
[0.941s] DEBUG:colcon.colcon_installed_package_information.package_discovery:Found 2 installed packages in /home/joaco/proy_ws/install
[0.946s] DEBUG:colcon.colcon_installed_package_information.package_discovery:Found 64 installed packages in /home/joaco/ws_moveit2/install
[0.952s] DEBUG:colcon.colcon_installed_package_information.package_discovery:Found 359 installed packages in /opt/ros/humble
[0.956s] Level 1:colcon.colcon_core.package_discovery:discover_packages(prefix_path) using defaults
[1.084s] Level 5:colcon.colcon_core.verb:set package 'my_gripper_description' build argument 'cmake_args' from command line to 'None'
[1.084s] Level 5:colcon.colcon_core.verb:set package 'my_gripper_description' build argument 'cmake_target' from command line to 'None'
[1.084s] Level 5:colcon.colcon_core.verb:set package 'my_gripper_description' build argument 'cmake_target_skip_unavailable' from command line to 'False'
[1.085s] Level 5:colcon.colcon_core.verb:set package 'my_gripper_description' build argument 'cmake_clean_cache' from command line to 'False'
[1.085s] Level 5:colcon.colcon_core.verb:set package 'my_gripper_description' build argument 'cmake_clean_first' from command line to 'False'
[1.085s] Level 5:colcon.colcon_core.verb:set package 'my_gripper_description' build argument 'cmake_force_configure' from command line to 'False'
[1.085s] Level 5:colcon.colcon_core.verb:set package 'my_gripper_description' build argument 'ament_cmake_args' from command line to 'None'
[1.085s] Level 5:colcon.colcon_core.verb:set package 'my_gripper_description' build argument 'catkin_cmake_args' from command line to 'None'
[1.085s] Level 5:colcon.colcon_core.verb:set package 'my_gripper_description' build argument 'catkin_skip_building_tests' from command line to 'False'
[1.085s] DEBUG:colcon.colcon_core.verb:Building package 'my_gripper_description' with the following arguments: {'ament_cmake_args': None, 'build_base': '/home/joaco/proy_ws/build/my_gripper_description', 'catkin_cmake_args': None, 'catkin_skip_building_tests': False, 'cmake_args': None, 'cmake_clean_cache': False, 'cmake_clean_first': False, 'cmake_force_configure': False, 'cmake_target': None, 'cmake_target_skip_unavailable': False, 'install_base': '/home/joaco/proy_ws/install/my_gripper_description', 'merge_install': False, 'path': '/home/joaco/proy_ws/src/my_gripper_description', 'symlink_install': False, 'test_result_base': None}
[1.086s] Level 5:colcon.colcon_core.verb:set package 'my_robot_description' build argument 'cmake_args' from command line to 'None'
[1.086s] Level 5:colcon.colcon_core.verb:set package 'my_robot_description' build argument 'cmake_target' from command line to 'None'
[1.086s] Level 5:colcon.colcon_core.verb:set package 'my_robot_description' build argument 'cmake_target_skip_unavailable' from command line to 'False'
[1.086s] Level 5:colcon.colcon_core.verb:set package 'my_robot_description' build argument 'cmake_clean_cache' from command line to 'False'
[1.086s] Level 5:colcon.colcon_core.verb:set package 'my_robot_description' build argument 'cmake_clean_first' from command line to 'False'
[1.086s] Level 5:colcon.colcon_core.verb:set package 'my_robot_description' build argument 'cmake_force_configure' from command line to 'False'
[1.086s] Level 5:colcon.colcon_core.verb:set package 'my_robot_description' build argument 'ament_cmake_args' from command line to 'None'
[1.086s] Level 5:colcon.colcon_core.verb:set package 'my_robot_description' build argument 'catkin_cmake_args' from command line to 'None'
[1.086s] Level 5:colcon.colcon_core.verb:set package 'my_robot_description' build argument 'catkin_skip_building_tests' from command line to 'False'
[1.086s] DEBUG:colcon.colcon_core.verb:Building package 'my_robot_description' with the following arguments: {'ament_cmake_args': None, 'build_base': '/home/joaco/proy_ws/build/my_robot_description', 'catkin_cmake_args': None, 'catkin_skip_building_tests': False, 'cmake_args': None, 'cmake_clean_cache': False, 'cmake_clean_first': False, 'cmake_force_configure': False, 'cmake_target': None, 'cmake_target_skip_unavailable': False, 'install_base': '/home/joaco/proy_ws/install/my_robot_description', 'merge_install': False, 'path': '/home/joaco/proy_ws/src/my_robot_description', 'symlink_install': False, 'test_result_base': None}
[1.087s] INFO:colcon.colcon_core.executor:Executing jobs using 'parallel' executor
[1.090s] DEBUG:colcon.colcon_parallel_executor.executor.parallel:run_until_complete
[1.091s] INFO:colcon.colcon_ros.task.ament_cmake.build:Building ROS package in '/home/joaco/proy_ws/src/my_gripper_description' with build type 'ament_cmake'
[1.092s] INFO:colcon.colcon_cmake.task.cmake.build:Building CMake package in '/home/joaco/proy_ws/src/my_gripper_description'
[1.098s] INFO:colcon.colcon_core.plugin_system:Skipping extension 'colcon_core.shell.bat': Not used on non-Windows systems
[1.098s] INFO:colcon.colcon_core.shell:Skip shell extension 'powershell' for command environment: Not usable outside of PowerShell
[1.098s] DEBUG:colcon.colcon_core.shell:Skip shell extension 'dsv' for command environment
[1.120s] INFO:colcon.colcon_ros.task.ament_cmake.build:Building ROS package in '/home/joaco/proy_ws/src/my_robot_description' with build type 'ament_cmake'
[1.121s] INFO:colcon.colcon_cmake.task.cmake.build:Building CMake package in '/home/joaco/proy_ws/src/my_robot_description'
[1.122s] INFO:colcon.colcon_core.shell:Skip shell extension 'powershell' for command environment: Not usable outside of PowerShell
[1.122s] DEBUG:colcon.colcon_core.shell:Skip shell extension 'dsv' for command environment
[1.154s] DEBUG:colcon.colcon_core.event_handler.log_command:Invoking command in '/home/joaco/proy_ws/build/my_gripper_description': CMAKE_PREFIX_PATH=${CMAKE_PREFIX_PATH}:/home/joaco/ws_moveit2/install/moveit_configs_utils:/home/joaco/ws_moveit2/install/ros_environment:/home/joaco/ws_moveit2/install/launch_param_builder:/home/joaco/ws_moveit2/install/diy_robot_application:/opt/ros/humble /usr/bin/cmake --build /home/joaco/proy_ws/build/my_gripper_description -- -j3 -l3
[1.174s] DEBUG:colcon.colcon_core.event_handler.log_command:Invoking command in '/home/joaco/proy_ws/build/my_robot_description': CMAKE_PREFIX_PATH=${CMAKE_PREFIX_PATH}:/home/joaco/ws_moveit2/install/moveit_configs_utils:/home/joaco/ws_moveit2/install/ros_environment:/home/joaco/ws_moveit2/install/launch_param_builder:/home/joaco/ws_moveit2/install/diy_robot_application:/opt/ros/humble /usr/bin/cmake --build /home/joaco/proy_ws/build/my_robot_description -- -j3 -l3
[1.343s] DEBUG:colcon.colcon_core.event_handler.log_command:Invoked command in '/home/joaco/proy_ws/build/my_gripper_description' returned '0': CMAKE_PREFIX_PATH=${CMAKE_PREFIX_PATH}:/home/joaco/ws_moveit2/install/moveit_configs_utils:/home/joaco/ws_moveit2/install/ros_environment:/home/joaco/ws_moveit2/install/launch_param_builder:/home/joaco/ws_moveit2/install/diy_robot_application:/opt/ros/humble /usr/bin/cmake --build /home/joaco/proy_ws/build/my_gripper_description -- -j3 -l3
[1.348s] DEBUG:colcon.colcon_core.event_handler.log_command:Invoked command in '/home/joaco/proy_ws/build/my_robot_description' returned '0': CMAKE_PREFIX_PATH=${CMAKE_PREFIX_PATH}:/home/joaco/ws_moveit2/install/moveit_configs_utils:/home/joaco/ws_moveit2/install/ros_environment:/home/joaco/ws_moveit2/install/launch_param_builder:/home/joaco/ws_moveit2/install/diy_robot_application:/opt/ros/humble /usr/bin/cmake --build /home/joaco/proy_ws/build/my_robot_description -- -j3 -l3
[1.508s] DEBUG:colcon.colcon_core.event_handler.log_command:Invoking command in '/home/joaco/proy_ws/build/my_gripper_description': CMAKE_PREFIX_PATH=${CMAKE_PREFIX_PATH}:/home/joaco/ws_moveit2/install/moveit_configs_utils:/home/joaco/ws_moveit2/install/ros_environment:/home/joaco/ws_moveit2/install/launch_param_builder:/home/joaco/ws_moveit2/install/diy_robot_application:/opt/ros/humble /usr/bin/cmake --install /home/joaco/proy_ws/build/my_gripper_description
[1.512s] DEBUG:colcon.colcon_core.event_handler.log_command:Invoking command in '/home/joaco/proy_ws/build/my_robot_description': CMAKE_PREFIX_PATH=${CMAKE_PREFIX_PATH}:/home/joaco/ws_moveit2/install/moveit_configs_utils:/home/joaco/ws_moveit2/install/ros_environment:/home/joaco/ws_moveit2/install/launch_param_builder:/home/joaco/ws_moveit2/install/diy_robot_application:/opt/ros/humble /usr/bin/cmake --install /home/joaco/proy_ws/build/my_robot_description
[1.563s] Level 1:colcon.colcon_core.environment:create_environment_scripts_only(my_gripper_description)
[1.567s] DEBUG:colcon.colcon_core.event_handler.log_command:Invoked command in '/home/joaco/proy_ws/build/my_gripper_description' returned '0': CMAKE_PREFIX_PATH=${CMAKE_PREFIX_PATH}:/home/joaco/ws_moveit2/install/moveit_configs_utils:/home/joaco/ws_moveit2/install/ros_environment:/home/joaco/ws_moveit2/install/launch_param_builder:/home/joaco/ws_moveit2/install/diy_robot_application:/opt/ros/humble /usr/bin/cmake --install /home/joaco/proy_ws/build/my_gripper_description
[1.572s] Level 1:colcon.colcon_core.environment:checking '/home/joaco/proy_ws/install/my_gripper_description' for CMake module files
[1.573s] Level 1:colcon.colcon_core.environment:checking '/home/joaco/proy_ws/install/my_gripper_description' for CMake config files
[1.574s] Level 1:colcon.colcon_core.shell:create_environment_hook('my_gripper_description', 'cmake_prefix_path')
[1.574s] INFO:colcon.colcon_core.shell:Creating environment hook '/home/joaco/proy_ws/install/my_gripper_description/share/my_gripper_description/hook/cmake_prefix_path.ps1'
[1.576s] INFO:colcon.colcon_core.shell:Creating environment descriptor '/home/joaco/proy_ws/install/my_gripper_description/share/my_gripper_description/hook/cmake_prefix_path.dsv'
[1.577s] INFO:colcon.colcon_core.shell:Creating environment hook '/home/joaco/proy_ws/install/my_gripper_description/share/my_gripper_description/hook/cmake_prefix_path.sh'
[1.579s] Level 1:colcon.colcon_core.environment:checking '/home/joaco/proy_ws/install/my_gripper_description/bin'
[1.579s] Level 1:colcon.colcon_core.environment:checking '/home/joaco/proy_ws/install/my_gripper_description/lib/pkgconfig/my_gripper_description.pc'
[1.580s] Level 1:colcon.colcon_core.environment:checking '/home/joaco/proy_ws/install/my_gripper_description/lib/python3.10/site-packages'
[1.581s] Level 1:colcon.colcon_core.environment:checking '/home/joaco/proy_ws/install/my_gripper_description/bin'
[1.581s] INFO:colcon.colcon_core.shell:Creating package script '/home/joaco/proy_ws/install/my_gripper_description/share/my_gripper_description/package.ps1'
[1.583s] INFO:colcon.colcon_core.shell:Creating package descriptor '/home/joaco/proy_ws/install/my_gripper_description/share/my_gripper_description/package.dsv'
[1.585s] INFO:colcon.colcon_core.shell:Creating package script '/home/joaco/proy_ws/install/my_gripper_description/share/my_gripper_description/package.sh'
[1.587s] INFO:colcon.colcon_core.shell:Creating package script '/home/joaco/proy_ws/install/my_gripper_description/share/my_gripper_description/package.bash'
[1.589s] INFO:colcon.colcon_core.shell:Creating package script '/home/joaco/proy_ws/install/my_gripper_description/share/my_gripper_description/package.zsh'
[1.593s] Level 1:colcon.colcon_core.environment:create_file_with_runtime_dependencies(/home/joaco/proy_ws/install/my_gripper_description/share/colcon-core/packages/my_gripper_description)
[1.596s] Level 1:colcon.colcon_core.environment:create_environment_scripts_only(my_robot_description)
[1.597s] DEBUG:colcon.colcon_core.event_handler.log_command:Invoked command in '/home/joaco/proy_ws/build/my_robot_description' returned '0': CMAKE_PREFIX_PATH=${CMAKE_PREFIX_PATH}:/home/joaco/ws_moveit2/install/moveit_configs_utils:/home/joaco/ws_moveit2/install/ros_environment:/home/joaco/ws_moveit2/install/launch_param_builder:/home/joaco/ws_moveit2/install/diy_robot_application:/opt/ros/humble /usr/bin/cmake --install /home/joaco/proy_ws/build/my_robot_description
[1.597s] Level 1:colcon.colcon_core.environment:checking '/home/joaco/proy_ws/install/my_robot_description' for CMake module files
[1.598s] Level 1:colcon.colcon_core.environment:checking '/home/joaco/proy_ws/install/my_robot_description' for CMake config files
[1.599s] Level 1:colcon.colcon_core.shell:create_environment_hook('my_robot_description', 'cmake_prefix_path')
[1.600s] INFO:colcon.colcon_core.shell:Creating environment hook '/home/joaco/proy_ws/install/my_robot_description/share/my_robot_description/hook/cmake_prefix_path.ps1'
[1.601s] INFO:colcon.colcon_core.shell:Creating environment descriptor '/home/joaco/proy_ws/install/my_robot_description/share/my_robot_description/hook/cmake_prefix_path.dsv'
[1.602s] INFO:colcon.colcon_core.shell:Creating environment hook '/home/joaco/proy_ws/install/my_robot_description/share/my_robot_description/hook/cmake_prefix_path.sh'
[1.605s] Level 1:colcon.colcon_core.environment:checking '/home/joaco/proy_ws/install/my_robot_description/bin'
[1.605s] Level 1:colcon.colcon_core.environment:checking '/home/joaco/proy_ws/install/my_robot_description/lib/pkgconfig/my_robot_description.pc'
[1.605s] Level 1:colcon.colcon_core.environment:checking '/home/joaco/proy_ws/install/my_robot_description/lib/python3.10/site-packages'
[1.606s] Level 1:colcon.colcon_core.environment:checking '/home/joaco/proy_ws/install/my_robot_description/bin'
[1.607s] INFO:colcon.colcon_core.shell:Creating package script '/home/joaco/proy_ws/install/my_robot_description/share/my_robot_description/package.ps1'
[1.608s] INFO:colcon.colcon_core.shell:Creating package descriptor '/home/joaco/proy_ws/install/my_robot_description/share/my_robot_description/package.dsv'
[1.609s] INFO:colcon.colcon_core.shell:Creating package script '/home/joaco/proy_ws/install/my_robot_description/share/my_robot_description/package.sh'
[1.610s] INFO:colcon.colcon_core.shell:Creating package script '/home/joaco/proy_ws/install/my_robot_description/share/my_robot_description/package.bash'
[1.611s] INFO:colcon.colcon_core.shell:Creating package script '/home/joaco/proy_ws/install/my_robot_description/share/my_robot_description/package.zsh'
[1.612s] Level 1:colcon.colcon_core.environment:create_file_with_runtime_dependencies(/home/joaco/proy_ws/install/my_robot_description/share/colcon-core/packages/my_robot_description)
[1.719s] Level 1:colcon.colcon_core.environment:create_environment_scripts_only(my_gripper_description)
[1.720s] Level 1:colcon.colcon_core.environment:checking '/home/joaco/proy_ws/install/my_gripper_description' for CMake module files
[1.722s] Level 1:colcon.colcon_core.environment:checking '/home/joaco/proy_ws/install/my_gripper_description' for CMake config files
[1.722s] Level 1:colcon.colcon_core.shell:create_environment_hook('my_gripper_description', 'cmake_prefix_path')
[1.723s] INFO:colcon.colcon_core.shell:Creating environment hook '/home/joaco/proy_ws/install/my_gripper_description/share/my_gripper_description/hook/cmake_prefix_path.ps1'
[1.724s] INFO:colcon.colcon_core.shell:Creating environment descriptor '/home/joaco/proy_ws/install/my_gripper_description/share/my_gripper_description/hook/cmake_prefix_path.dsv'
[1.725s] INFO:colcon.colcon_core.shell:Creating environment hook '/home/joaco/proy_ws/install/my_gripper_description/share/my_gripper_description/hook/cmake_prefix_path.sh'
[1.726s] Level 1:colcon.colcon_core.environment:checking '/home/joaco/proy_ws/install/my_gripper_description/bin'
[1.727s] Level 1:colcon.colcon_core.environment:checking '/home/joaco/proy_ws/install/my_gripper_description/lib/pkgconfig/my_gripper_description.pc'
[1.727s] Level 1:colcon.colcon_core.environment:checking '/home/joaco/proy_ws/install/my_gripper_description/lib/python3.10/site-packages'
[1.727s] Level 1:colcon.colcon_core.environment:checking '/home/joaco/proy_ws/install/my_gripper_description/bin'
[1.728s] INFO:colcon.colcon_core.shell:Creating package script '/home/joaco/proy_ws/install/my_gripper_description/share/my_gripper_description/package.ps1'
[1.736s] INFO:colcon.colcon_core.shell:Creating package descriptor '/home/joaco/proy_ws/install/my_gripper_description/share/my_gripper_description/package.dsv'
[1.738s] INFO:colcon.colcon_core.shell:Creating package script '/home/joaco/proy_ws/install/my_gripper_description/share/my_gripper_description/package.sh'
[1.740s] INFO:colcon.colcon_core.shell:Creating package script '/home/joaco/proy_ws/install/my_gripper_description/share/my_gripper_description/package.bash'
[1.742s] INFO:colcon.colcon_core.shell:Creating package script '/home/joaco/proy_ws/install/my_gripper_description/share/my_gripper_description/package.zsh'
[1.743s] Level 1:colcon.colcon_core.environment:create_file_with_runtime_dependencies(/home/joaco/proy_ws/install/my_gripper_description/share/colcon-core/packages/my_gripper_description)
[1.746s] Level 1:colcon.colcon_core.environment:create_environment_scripts_only(my_robot_description)
[1.747s] Level 1:colcon.colcon_core.environment:checking '/home/joaco/proy_ws/install/my_robot_description' for CMake module files
[1.749s] Level 1:colcon.colcon_core.environment:checking '/home/joaco/proy_ws/install/my_robot_description' for CMake config files
[1.749s] Level 1:colcon.colcon_core.shell:create_environment_hook('my_robot_description', 'cmake_prefix_path')
[1.750s] INFO:colcon.colcon_core.shell:Creating environment hook '/home/joaco/proy_ws/install/my_robot_description/share/my_robot_description/hook/cmake_prefix_path.ps1'
[1.751s] INFO:colcon.colcon_core.shell:Creating environment descriptor '/home/joaco/proy_ws/install/my_robot_description/share/my_robot_description/hook/cmake_prefix_path.dsv'
[1.752s] INFO:colcon.colcon_core.shell:Creating environment hook '/home/joaco/proy_ws/install/my_robot_description/share/my_robot_description/hook/cmake_prefix_path.sh'
[1.754s] Level 1:colcon.colcon_core.environment:checking '/home/joaco/proy_ws/install/my_robot_description/bin'
[1.754s] Level 1:colcon.colcon_core.environment:checking '/home/joaco/proy_ws/install/my_robot_description/lib/pkgconfig/my_robot_description.pc'
[1.755s] Level 1:colcon.colcon_core.environment:checking '/home/joaco/proy_ws/install/my_robot_description/lib/python3.10/site-packages'
[1.755s] Level 1:colcon.colcon_core.environment:checking '/home/joaco/proy_ws/install/my_robot_description/bin'
[1.756s] INFO:colcon.colcon_core.shell:Creating package script '/home/joaco/proy_ws/install/my_robot_description/share/my_robot_description/package.ps1'
[1.758s] INFO:colcon.colcon_core.shell:Creating package descriptor '/home/joaco/proy_ws/install/my_robot_description/share/my_robot_description/package.dsv'
[1.759s] INFO:colcon.colcon_core.shell:Creating package script '/home/joaco/proy_ws/install/my_robot_description/share/my_robot_description/package.sh'
[1.761s] INFO:colcon.colcon_core.shell:Creating package script '/home/joaco/proy_ws/install/my_robot_description/share/my_robot_description/package.bash'
[1.762s] INFO:colcon.colcon_core.shell:Creating package script '/home/joaco/proy_ws/install/my_robot_description/share/my_robot_description/package.zsh'
[1.764s] Level 1:colcon.colcon_core.environment:create_file_with_runtime_dependencies(/home/joaco/proy_ws/install/my_robot_description/share/colcon-core/packages/my_robot_description)
[1.766s] DEBUG:colcon.colcon_parallel_executor.executor.parallel:closing loop
[1.767s] DEBUG:colcon.colcon_parallel_executor.executor.parallel:loop closed
[1.769s] DEBUG:colcon.colcon_parallel_executor.executor.parallel:run_until_complete finished with '0'
[1.769s] DEBUG:colcon.colcon_core.event_reactor:joining thread
[1.782s] INFO:colcon.colcon_core.plugin_system:Skipping extension 'colcon_notification.desktop_notification.terminal_notifier': Not used on non-Darwin systems
[1.783s] INFO:colcon.colcon_core.plugin_system:Skipping extension 'colcon_notification.desktop_notification.win32': Not used on non-Windows systems
[1.783s] INFO:colcon.colcon_notification.desktop_notification:Sending desktop notification using 'notify2'
[1.824s] DEBUG:colcon.colcon_core.event_reactor:joined thread
[1.825s] INFO:colcon.colcon_core.shell:Creating prefix script '/home/joaco/proy_ws/install/local_setup.ps1'
[1.827s] INFO:colcon.colcon_core.shell:Creating prefix util module '/home/joaco/proy_ws/install/_local_setup_util_ps1.py'
[1.831s] INFO:colcon.colcon_core.shell:Creating prefix chain script '/home/joaco/proy_ws/install/setup.ps1'
[1.842s] INFO:colcon.colcon_core.shell:Creating prefix script '/home/joaco/proy_ws/install/local_setup.sh'
[1.844s] INFO:colcon.colcon_core.shell:Creating prefix util module '/home/joaco/proy_ws/install/_local_setup_util_sh.py'
[1.845s] INFO:colcon.colcon_core.shell:Creating prefix chain script '/home/joaco/proy_ws/install/setup.sh'
[1.855s] INFO:colcon.colcon_core.shell:Creating prefix script '/home/joaco/proy_ws/install/local_setup.bash'
[1.858s] INFO:colcon.colcon_core.shell:Creating prefix chain script '/home/joaco/proy_ws/install/setup.bash'
[1.868s] INFO:colcon.colcon_core.shell:Creating prefix script '/home/joaco/proy_ws/install/local_setup.zsh'
[1.870s] INFO:colcon.colcon_core.shell:Creating prefix chain script '/home/joaco/proy_ws/install/setup.zsh'
