/home/joaco/proy_ws/install/manipulation_tasks/lib/python3.10/site-packages/manipulation_tasks/sensor.py
/home/joaco/proy_ws/install/manipulation_tasks/lib/python3.10/site-packages/manipulation_tasks/transform.py
/home/joaco/proy_ws/install/manipulation_tasks/lib/python3.10/site-packages/manipulation_tasks/object.py
/home/joaco/proy_ws/install/manipulation_tasks/lib/python3.10/site-packages/manipulation_tasks/loader.py
/home/joaco/proy_ws/install/manipulation_tasks/lib/python3.10/site-packages/manipulation_tasks/task.py
/home/joaco/proy_ws/install/manipulation_tasks/lib/python3.10/site-packages/manipulation_tasks/scene.py
/home/joaco/proy_ws/install/manipulation_tasks/lib/python3.10/site-packages/manipulation_tasks/__init__.py
/home/joaco/proy_ws/install/manipulation_tasks/lib/python3.10/site-packages/manipulation_tasks/primitive.py
/home/joaco/proy_ws/install/manipulation_tasks/lib/python3.10/site-packages/manipulation_tasks/geometric_utils.py
/home/joaco/proy_ws/install/manipulation_tasks/lib/python3.10/site-packages/manipulation_tasks/dataclasses.py
/home/joaco/proy_ws/install/manipulation_tasks/lib/python3.10/site-packages/manipulation_tasks/factory.py
/home/joaco/proy_ws/install/manipulation_tasks/lib/python3.10/site-packages/manipulation_tasks/oracle.py
/home/joaco/proy_ws/install/manipulation_tasks/lib/python3.10/site-packages/manipulation_tasks/plugins/__init__.py
/home/joaco/proy_ws/install/manipulation_tasks/lib/python3.10/site-packages/manipulation_tasks/transform_utils/random.py
/home/joaco/proy_ws/install/manipulation_tasks/lib/python3.10/site-packages/manipulation_tasks/transform_utils/__init__.py
/home/joaco/proy_ws/install/manipulation_tasks/lib/python3.10/site-packages/manipulation_tasks/transform_utils/differences.py
/home/joaco/proy_ws/install/manipulation_tasks/lib/python3.10/site-packages/manipulation_tasks/plugins/primitives/__init__.py
/home/joaco/proy_ws/install/manipulation_tasks/lib/python3.10/site-packages/manipulation_tasks/plugins/primitives/pick_and_place.py
/home/joaco/proy_ws/install/manipulation_tasks/lib/python3.10/site-packages/manipulation_tasks/plugins/objects/base.py
/home/joaco/proy_ws/install/manipulation_tasks/lib/python3.10/site-packages/manipulation_tasks/plugins/objects/__init__.py
/home/joaco/proy_ws/install/manipulation_tasks/lib/python3.10/site-packages/manipulation_tasks/plugins/tasks/grasp_task.py
/home/joaco/proy_ws/install/manipulation_tasks/lib/python3.10/site-packages/manipulation_tasks/plugins/tasks/box_packing_task.py
/home/joaco/proy_ws/install/manipulation_tasks/lib/python3.10/site-packages/manipulation_tasks/plugins/tasks/simple_task.py
/home/joaco/proy_ws/install/manipulation_tasks/lib/python3.10/site-packages/manipulation_tasks/plugins/tasks/__init__.py
/home/joaco/proy_ws/install/manipulation_tasks/lib/python3.10/site-packages/manipulation_tasks/plugins/tasks/kitting_task.py
/home/joaco/proy_ws/install/manipulation_tasks/lib/python3.10/site-packages/manipulation_tasks/plugins/oracles/__init__.py
/home/joaco/proy_ws/install/manipulation_tasks/lib/python3.10/site-packages/manipulation_tasks/plugins/oracles/insertion.py
/home/joaco/proy_ws/install/manipulation_tasks/lib/python3.10/site-packages/manipulation_tasks/plugins/oracles/suction_grasp.py
/home/joaco/proy_ws/install/manipulation_tasks/lib/python3.10/site-packages/manipulation_tasks/__pycache__/sensor.cpython-310.pyc
/home/joaco/proy_ws/install/manipulation_tasks/lib/python3.10/site-packages/manipulation_tasks/__pycache__/transform.cpython-310.pyc
/home/joaco/proy_ws/install/manipulation_tasks/lib/python3.10/site-packages/manipulation_tasks/__pycache__/object.cpython-310.pyc
/home/joaco/proy_ws/install/manipulation_tasks/lib/python3.10/site-packages/manipulation_tasks/__pycache__/loader.cpython-310.pyc
/home/joaco/proy_ws/install/manipulation_tasks/lib/python3.10/site-packages/manipulation_tasks/__pycache__/task.cpython-310.pyc
/home/joaco/proy_ws/install/manipulation_tasks/lib/python3.10/site-packages/manipulation_tasks/__pycache__/scene.cpython-310.pyc
/home/joaco/proy_ws/install/manipulation_tasks/lib/python3.10/site-packages/manipulation_tasks/__pycache__/__init__.cpython-310.pyc
/home/joaco/proy_ws/install/manipulation_tasks/lib/python3.10/site-packages/manipulation_tasks/__pycache__/primitive.cpython-310.pyc
/home/joaco/proy_ws/install/manipulation_tasks/lib/python3.10/site-packages/manipulation_tasks/__pycache__/geometric_utils.cpython-310.pyc
/home/joaco/proy_ws/install/manipulation_tasks/lib/python3.10/site-packages/manipulation_tasks/__pycache__/dataclasses.cpython-310.pyc
/home/joaco/proy_ws/install/manipulation_tasks/lib/python3.10/site-packages/manipulation_tasks/__pycache__/factory.cpython-310.pyc
/home/joaco/proy_ws/install/manipulation_tasks/lib/python3.10/site-packages/manipulation_tasks/__pycache__/oracle.cpython-310.pyc
/home/joaco/proy_ws/install/manipulation_tasks/lib/python3.10/site-packages/manipulation_tasks/plugins/__pycache__/__init__.cpython-310.pyc
/home/joaco/proy_ws/install/manipulation_tasks/lib/python3.10/site-packages/manipulation_tasks/transform_utils/__pycache__/random.cpython-310.pyc
/home/joaco/proy_ws/install/manipulation_tasks/lib/python3.10/site-packages/manipulation_tasks/transform_utils/__pycache__/__init__.cpython-310.pyc
/home/joaco/proy_ws/install/manipulation_tasks/lib/python3.10/site-packages/manipulation_tasks/transform_utils/__pycache__/differences.cpython-310.pyc
/home/joaco/proy_ws/install/manipulation_tasks/lib/python3.10/site-packages/manipulation_tasks/plugins/primitives/__pycache__/__init__.cpython-310.pyc
/home/joaco/proy_ws/install/manipulation_tasks/lib/python3.10/site-packages/manipulation_tasks/plugins/primitives/__pycache__/pick_and_place.cpython-310.pyc
/home/joaco/proy_ws/install/manipulation_tasks/lib/python3.10/site-packages/manipulation_tasks/plugins/objects/__pycache__/base.cpython-310.pyc
/home/joaco/proy_ws/install/manipulation_tasks/lib/python3.10/site-packages/manipulation_tasks/plugins/objects/__pycache__/__init__.cpython-310.pyc
/home/joaco/proy_ws/install/manipulation_tasks/lib/python3.10/site-packages/manipulation_tasks/plugins/tasks/__pycache__/grasp_task.cpython-310.pyc
/home/joaco/proy_ws/install/manipulation_tasks/lib/python3.10/site-packages/manipulation_tasks/plugins/tasks/__pycache__/box_packing_task.cpython-310.pyc
/home/joaco/proy_ws/install/manipulation_tasks/lib/python3.10/site-packages/manipulation_tasks/plugins/tasks/__pycache__/simple_task.cpython-310.pyc
/home/joaco/proy_ws/install/manipulation_tasks/lib/python3.10/site-packages/manipulation_tasks/plugins/tasks/__pycache__/__init__.cpython-310.pyc
/home/joaco/proy_ws/install/manipulation_tasks/lib/python3.10/site-packages/manipulation_tasks/plugins/tasks/__pycache__/kitting_task.cpython-310.pyc
/home/joaco/proy_ws/install/manipulation_tasks/lib/python3.10/site-packages/manipulation_tasks/plugins/oracles/__pycache__/__init__.cpython-310.pyc
/home/joaco/proy_ws/install/manipulation_tasks/lib/python3.10/site-packages/manipulation_tasks/plugins/oracles/__pycache__/insertion.cpython-310.pyc
/home/joaco/proy_ws/install/manipulation_tasks/lib/python3.10/site-packages/manipulation_tasks/plugins/oracles/__pycache__/suction_grasp.cpython-310.pyc
/home/joaco/proy_ws/install/manipulation_tasks/lib/python3.10/site-packages/manipulation_tasks-0.1.0-py3.10.egg-info/SOURCES.txt
/home/joaco/proy_ws/install/manipulation_tasks/lib/python3.10/site-packages/manipulation_tasks-0.1.0-py3.10.egg-info/dependency_links.txt
/home/joaco/proy_ws/install/manipulation_tasks/lib/python3.10/site-packages/manipulation_tasks-0.1.0-py3.10.egg-info/top_level.txt
/home/joaco/proy_ws/install/manipulation_tasks/lib/python3.10/site-packages/manipulation_tasks-0.1.0-py3.10.egg-info/requires.txt
/home/joaco/proy_ws/install/manipulation_tasks/lib/python3.10/site-packages/manipulation_tasks-0.1.0-py3.10.egg-info/PKG-INFO
